[00:00:58]  [SigFox Send] [Payload HEX] 0000634342068340000000 
[00:01:01]  [SigFox] [Envio de metrica] [Voltaje_AC: 226.8 V] [Voltaje_Bateria: 4.100957 V]
[00:13:01]  [SigFox Send] [Payload HEX] 00806143F0208340000000 
[00:13:04]  [SigFox] [Envio de metrica] [Voltaje_AC: 225.5 V] [Voltaje_Bateria: 4.091536 V]
[00:25:04]  [SigFox Send] [Payload HEX] 33336243DA1D8340000000 
[00:25:07]  [SigFox] [Envio de metrica] [Voltaje_AC: 226.1 V] [Voltaje_Bateria: 4.100739 V]
[00:37:07]  [SigFox Send] [Payload HEX] CD4C6243C6EB8240000000 
[00:37:10]  [SigFox] [Envio de metrica] [Voltaje_AC: 225.9 V] [Voltaje_Bateria: 4.095679 V]
[00:49:10]  [SigFox Send] [Payload HEX] 00806243D8F18240000000 
[00:49:12]  [SigFox] [Envio de metrica] [Voltaje_AC: 226.7 V] [Voltaje_Bateria: 4.089714 V]
[01:01:12]  [SigFox Send] [Payload HEX] 66666343A4308340000000 
[01:01:15]  [SigFox] [Envio de metrica] [Voltaje_AC: 227.7 V] [Voltaje_Bateria: 4.095483 V]
[01:13:15]  [SigFox Send] [Payload HEX] 9A1964432A0F8340000000 
[01:13:18]  [SigFox] [Envio de metrica] [Voltaje_AC: 228.0 V] [Voltaje_Bateria: 4.089272 V]
[01:25:18]  [SigFox Send] [Payload HEX] 0000644358218340000000 
[01:25:21]  [SigFox] [Envio de metrica] [Voltaje_AC: 228.1 V] [Voltaje_Bateria: 4.100384 V]
[01:37:21]  [SigFox Send] [Payload HEX] 0000654384F38240000000 
[01:37:23]  [SigFox] [Envio de metrica] [Voltaje_AC: 228.9 V] [Voltaje_Bateria: 4.092226 V]
[01:49:23]  [SigFox Send] [Payload HEX] 9A996443AB0F8340000000 
[01:49:26]  [SigFox] [Envio de metrica] [Voltaje_AC: 228.6 V] [Voltaje_Bateria: 4.087536 V]
[02:01:26]  [SigFox Send] [Payload HEX] 33B36443B5118340000000 
[02:01:29]  [SigFox] [Envio de metrica] [Voltaje_AC: 228.7 V] [Voltaje_Bateria: 4.09465 V]
[02:13:29]  [SigFox Send] [Payload HEX] 008065435E0D8340000000 
[02:13:32]  [SigFox] [Envio de metrica] [Voltaje_AC: 229.4 V] [Voltaje_Bateria: 4.091189 V]
[02:25:32]  [SigFox Send] [Payload HEX] 008065430C118340000000 
[02:25:34]  [SigFox] [Envio de metrica] [Voltaje_AC: 229.9 V] [Voltaje_Bateria: 4.09585 V]
[02:37:35]  [SigFox Send] [Payload HEX] 33B36543BC438340000000 
[02:37:37]  [SigFox] [Envio de metrica] [Voltaje_AC: 230.4 V] [Voltaje_Bateria: 4.093811 V]
[02:49:38]  [SigFox Send] [Payload HEX] 66E6654348078340000000 
[02:49:40]  [SigFox] [Envio de metrica] [Voltaje_AC: 230.0 V] [Voltaje_Bateria: 4.096706 V]
[03:01:40]  [SigFox Send] [Payload HEX] 33B36543E4088340000000 
[03:01:43]  [SigFox] [Envio de metrica] [Voltaje_AC: 229.6 V] [Voltaje_Bateria: 4.088462 V]
[03:13:43]  [SigFox Send] [Payload HEX] 333366432C248340000000 
[03:13:46]  [SigFox] [Envio de metrica] [Voltaje_AC: 229.9 V] [Voltaje_Bateria: 4.096023 V]
[03:25:46]  [SigFox Send] [Payload HEX] 66666643C4D58240000000 
[03:25:49]  [SigFox] [Envio de metrica] [Voltaje_AC: 230.6 V] [Voltaje_Bateria: 4.098527 V]
[03:37:49]  [SigFox Send] [Payload HEX] 0080664382398340000000 
[03:37:51]  [SigFox] [Envio de metrica] [Voltaje_AC: 230.5 V] [Voltaje_Bateria: 4.090509 V]
[03:49:52]  [SigFox Send] [Payload HEX] 000067434AE88240000000 
[03:49:54]  [SigFox] [Envio de metrica] [Voltaje_AC: 230.6 V] [Voltaje_Bateria: 4.096138 V]
[04:01:55]  [SigFox Send] [Payload HEX] CDCC63439DFE8240000000 
[04:01:57]  [SigFox] [Envio de metrica] [Voltaje_AC: 228.0 V] [Voltaje_Bateria: 4.092797 V]
[04:13:57]  [SigFox Send] [Payload HEX] CDCC634368118340000000 
[04:14:00]  [SigFox] [Envio de metrica] [Voltaje_AC: 227.7 V] [Voltaje_Bateria: 4.090661 V]
[04:26:00]  [SigFox Send] [Payload HEX] 008063431E188340000000 
[04:26:03]  [SigFox] [Envio de metrica] [Voltaje_AC: 227.4 V] [Voltaje_Bateria: 4.097738 V]
[04:38:03]  [SigFox Send] [Payload HEX] CDCC63430C398340000000 
[04:38:06]  [SigFox] [Envio de metrica] [Voltaje_AC: 228.1 V] [Voltaje_Bateria: 4.09549 V]
[04:50:06]  [SigFox Send] [Payload HEX] 6666634318208340000000 
[04:50:08]  [SigFox] [Envio de metrica] [Voltaje_AC: 227.7 V] [Voltaje_Bateria: 4.099973 V]
[05:02:08]  [SigFox Send] [Payload HEX] 33336443FCFF8240000000 
[05:02:11]  [SigFox] [Envio de metrica] [Voltaje_AC: 228.2 V] [Voltaje_Bateria: 4.091016 V]
[05:14:11]  [SigFox Send] [Payload HEX] 33B36343A6468340000000 
[05:14:14]  [SigFox] [Envio de metrica] [Voltaje_AC: 227.5 V] [Voltaje_Bateria: 4.097647 V]
[05:26:14]  [SigFox Send] [Payload HEX] 9A9963436E5A8340000000 
[05:26:17]  [SigFox] [Envio de metrica] [Voltaje_AC: 227.8 V] [Voltaje_Bateria: 4.097972 V]
[05:38:17]  [SigFox Send] [Payload HEX] 9A996343EADF8240000000 
[05:38:19]  [SigFox] [Envio de metrica] [Voltaje_AC: 227.9 V] [Voltaje_Bateria: 4.094058 V]
[05:50:20]  [SigFox Send] [Payload HEX] CD4C644358868340000000 
[05:50:22]  [SigFox] [Envio de metrica] [Voltaje_AC: 228.0 V] [Voltaje_Bateria: 4.091418 V]
[06:02:23]  [SigFox Send] [Payload HEX] 9A19644340598340000000 
[06:02:25]  [SigFox] [Envio de metrica] [Voltaje_AC: 228.1 V] [Voltaje_Bateria: 4.090505 V]
[06:14:25]  [SigFox Send] [Payload HEX] 9A19644338FF8240000000 
[06:14:28]  [SigFox] [Envio de metrica] [Voltaje_AC: 227.8 V] [Voltaje_Bateria: 4.098001 V]
[06:26:28]  [SigFox Send] [Payload HEX] 9A9965436E168340000000 
[06:26:31]  [SigFox] [Envio de metrica] [Voltaje_AC: 229.4 V] [Voltaje_Bateria: 4.097683 V]
[06:38:31]  [SigFox Send] [Payload HEX] 3333664362468340000000 
[06:38:34]  [SigFox] [Envio de metrica] [Voltaje_AC: 229.9 V] [Voltaje_Bateria: 4.096131 V]
[06:50:34]  [SigFox Send] [Payload HEX] 9A99654394038340000000 
[06:50:36]  [SigFox] [Envio de metrica] [Voltaje_AC: 229.7 V] [Voltaje_Bateria: 4.093066 V]
[07:02:37]  [SigFox Send] [Payload HEX] 66666543C8BC8240000000 
[07:02:39]  [SigFox] [Envio de metrica] [Voltaje_AC: 229.5 V] [Voltaje_Bateria: 4.094486 V]
[07:14:39]  [SigFox Send] [Payload HEX] 333365438C588340000000 
[07:14:42]  [SigFox] [Envio de metrica] [Voltaje_AC: 228.8 V] [Voltaje_Bateria: 4.096948 V]
[07:26:42]  [SigFox Send] [Payload HEX] 66E66543DA2E8340000000 
[07:26:45]  [SigFox] [Envio de metrica] [Voltaje_AC: 229.9 V] [Voltaje_Bateria: 4.096322 V]
[07:38:45]  [SigFox Send] [Payload HEX] 66E66443EA358340000000 
[07:38:48]  [SigFox] [Envio de metrica] [Voltaje_AC: 228.7 V] [Voltaje_Bateria: 4.093905 V]
[07:50:48]  [SigFox Send] [Payload HEX] 00006443F7018340000000 
[07:50:51]  [SigFox] [Envio de metrica] [Voltaje_AC: 227.9 V] [Voltaje_Bateria: 4.094381 V]
[08:02:51]  [SigFox Send] [Payload HEX] CDCC6343620C8340000000 
[08:02:53]  [SigFox] [Envio de metrica] [Voltaje_AC: 227.7 V] [Voltaje_Bateria: 4.101448 V]
[08:14:54]  [SigFox Send] [Payload HEX] CD4C63437C0E8340000000 
[08:14:56]  [SigFox] [Envio de metrica] [Voltaje_AC: 226.9 V] [Voltaje_Bateria: 4.088503 V]
[08:26:56]  [SigFox Send] [Payload HEX] 6666624330038340000000 
[08:26:59]  [SigFox] [Envio de metrica] [Voltaje_AC: 226.7 V] [Voltaje_Bateria: 4.09625 V]
[08:38:59]  [SigFox Send] [Payload HEX] 00806143DD638340000000 
[08:39:02]  [SigFox] [Envio de metrica] [Voltaje_AC: 225.5 V] [Voltaje_Bateria: 4.093575 V]
[08:51:02]  [SigFox Send] [Payload HEX] 66666143802B8340000000 
[08:51:05]  [SigFox] [Envio de metrica] [Voltaje_AC: 224.9 V] [Voltaje_Bateria: 4.095774 V]
[09:03:05]  [SigFox Send] [Payload HEX] CD4C6243BDFE8240000000 
[09:03:07]  [SigFox] [Envio de metrica] [Voltaje_AC: 226.8 V] [Voltaje_Bateria: 4.094726 V]
[09:15:08]  [SigFox Send] [Payload HEX] 00006243C8FD8240000000 
[09:15:10]  [SigFox] [Envio de metrica] [Voltaje_AC: 225.9 V] [Voltaje_Bateria: 4.097851 V]
[09:27:10]  [SigFox Send] [Payload HEX] 00805D43821B8340000000 
[09:27:13]  [SigFox] [Envio de metrica] [Voltaje_AC: 220.6 V] [Voltaje_Bateria: 4.096566 V]
[09:39:13]  [SigFox Send] [Payload HEX] 00006243763E8340000000 
[09:39:16]  [SigFox] [Envio de metrica] [Voltaje_AC: 226.5 V] [Voltaje_Bateria: 4.096899 V]
[09:51:16]  [SigFox Send] [Payload HEX] CDCC60430C118340000000 
[09:51:19]  [SigFox] [Envio de metrica] [Voltaje_AC: 224.6 V] [Voltaje_Bateria: 4.093409 V]
[10:03:19]  [SigFox Send] [Payload HEX] 33B35E4326578340000000 
[10:03:21]  [SigFox] [Envio de metrica] [Voltaje_AC: 221.4 V] [Voltaje_Bateria: 4.098572 V]
[10:15:22]  [SigFox Send] [Payload HEX] 9A1961435C078340000000 
[10:15:24]  [SigFox] [Envio de metrica] [Voltaje_AC: 225.1 V] [Voltaje_Bateria: 4.096409 V]
[10:27:24]  [SigFox Send] [Payload HEX] 9A196043CE2B8340000000 
[10:27:27]  [SigFox] [Envio de metrica] [Voltaje_AC: 223.9 V] [Voltaje_Bateria: 4.0909 V]
[10:39:27]  [SigFox Send] [Payload HEX] 33335E43C4FD8240000000 
[10:39:30]  [SigFox] [Envio de metrica] [Voltaje_AC: 222.6 V] [Voltaje_Bateria: 4.097928 V]
[10:51:30]  [SigFox Send] [Payload HEX] CD4C5F436A108340000000 
[10:51:33]  [SigFox] [Envio de metrica] [Voltaje_AC: 223.2 V] [Voltaje_Bateria: 4.089711 V]
[11:03:33]  [SigFox Send] [Payload HEX] CDCC5D434B1E8340000000 
[11:03:35]  [SigFox] [Envio de metrica] [Voltaje_AC: 221.7 V] [Voltaje_Bateria: 4.093627 V]
[11:15:36]  [SigFox Send] [Payload HEX] 33335E43FE178340000000 
[11:15:38]  [SigFox] [Envio de metrica] [Voltaje_AC: 222.3 V] [Voltaje_Bateria: 4.09275 V]
[11:27:38]  [SigFox Send] [Payload HEX] 9A995D430F468340000000 
[11:27:41]  [SigFox] [Envio de metrica] [Voltaje_AC: 221.6 V] [Voltaje_Bateria: 4.096191 V]
[11:39:41]  [SigFox Send] [Payload HEX] CD4C5D433AB68240000000 
[11:39:44]  [SigFox] [Envio de metrica] [Voltaje_AC: 221.3 V] [Voltaje_Bateria: 4.093402 V]
[11:51:44]  [SigFox Send] [Payload HEX] 33B360439A478340000000 
[11:51:47]  [SigFox] [Envio de metrica] [Voltaje_AC: 224.7 V] [Voltaje_Bateria: 4.09199 V]
[12:03:47]  [SigFox Send] [Payload HEX] 666661433F228340000000 
[12:03:49]  [SigFox] [Envio de metrica] [Voltaje_AC: 225.6 V] [Voltaje_Bateria: 4.091891 V]
[12:15:50]  [SigFox Send] [Payload HEX] 66665C43148B8340000000 
[12:15:52]  [SigFox] [Envio de metrica] [Voltaje_AC: 220.6 V] [Voltaje_Bateria: 4.110416 V]
[12:27:53]  [SigFox Send] [Payload HEX] 00006143541E8340000000 
[12:27:55]  [SigFox] [Envio de metrica] [Voltaje_AC: 224.9 V] [Voltaje_Bateria: 4.096121 V]
[12:39:55]  [SigFox Send] [Payload HEX] 9A196043391F8340000000 
[12:39:58]  [SigFox] [Envio de metrica] [Voltaje_AC: 224.6 V] [Voltaje_Bateria: 4.096904 V]
[12:51:58]  [SigFox Send] [Payload HEX] 66E66043B9448340000000 
[12:52:01]  [SigFox] [Envio de metrica] [Voltaje_AC: 224.7 V] [Voltaje_Bateria: 4.087683 V]
[13:04:01]  [SigFox Send] [Payload HEX] 6666604328448340000000 
[13:04:04]  [SigFox] [Envio de metrica] [Voltaje_AC: 224.5 V] [Voltaje_Bateria: 4.093566 V]
[13:16:04]  [SigFox Send] [Payload HEX] 0000614303DD8240000000 
[13:16:07]  [SigFox] [Envio de metrica] [Voltaje_AC: 225.0 V] [Voltaje_Bateria: 4.096914 V]
[13:28:07]  [SigFox Send] [Payload HEX] 66665E4370408340000000 
[13:28:09]  [SigFox] [Envio de metrica] [Voltaje_AC: 222.1 V] [Voltaje_Bateria: 4.096219 V]
[13:40:10]  [SigFox Send] [Payload HEX] 00805F4324318340000000 
[13:40:12]  [SigFox] [Envio de metrica] [Voltaje_AC: 223.9 V] [Voltaje_Bateria: 4.093088 V]
[13:52:12]  [SigFox Send] [Payload HEX] CD4C5F43AC0C8340000000 
[13:52:15]  [SigFox] [Envio de metrica] [Voltaje_AC: 223.0 V] [Voltaje_Bateria: 4.089707 V]
[14:04:15]  [SigFox Send] [Payload HEX] 9A995D43E6FE8240000000 
[14:04:18]  [SigFox] [Envio de metrica] [Voltaje_AC: 221.1 V] [Voltaje_Bateria: 4.101702 V]
[14:16:18]  [SigFox Send] [Payload HEX] 00805F43680A8340000000 
[14:16:21]  [SigFox] [Envio de metrica] [Voltaje_AC: 223.4 V] [Voltaje_Bateria: 4.094904 V]
[14:28:21]  [SigFox Send] [Payload HEX] 66E65F43A5228340000000 
[14:28:23]  [SigFox] [Envio de metrica] [Voltaje_AC: 224.0 V] [Voltaje_Bateria: 4.094077 V]
[14:40:23]  [SigFox Send] [Payload HEX] 666660439C0F8340000000 
[14:40:26]  [SigFox] [Envio de metrica] [Voltaje_AC: 224.5 V] [Voltaje_Bateria: 4.097102 V]
[14:52:26]  [SigFox Send] [Payload HEX] 33B35E4330038340000000 
[14:52:29]  [SigFox] [Envio de metrica] [Voltaje_AC: 222.8 V] [Voltaje_Bateria: 4.096843 V]
[15:04:29]  [SigFox Send] [Payload HEX] CD4C5F43923E8340000000 
[15:04:32]  [SigFox] [Envio de metrica] [Voltaje_AC: 223.6 V] [Voltaje_Bateria: 4.093495 V]
[15:16:32]  [SigFox Send] [Payload HEX] 66666043A4F78240000000 
[15:16:35]  [SigFox] [Envio de metrica] [Voltaje_AC: 224.4 V] [Voltaje_Bateria: 4.094409 V]
[15:28:35]  [SigFox Send] [Payload HEX] 9A995F43A2198340000000 
[15:28:37]  [SigFox] [Envio de metrica] [Voltaje_AC: 223.9 V] [Voltaje_Bateria: 4.089447 V]
[15:40:38]  [SigFox Send] [Payload HEX] 66665F43AE1F8340000000 
[15:40:40]  [SigFox] [Envio de metrica] [Voltaje_AC: 224.0 V] [Voltaje_Bateria: 4.092611 V]
[15:52:40]  [SigFox Send] [Payload HEX] CD4C604318158340000000 
[15:52:43]  [SigFox] [Envio de metrica] [Voltaje_AC: 224.2 V] [Voltaje_Bateria: 4.092455 V]
[16:04:43]  [SigFox Send] [Payload HEX] CD4C60434A2A8340000000 
[16:04:46]  [SigFox] [Envio de metrica] [Voltaje_AC: 223.8 V] [Voltaje_Bateria: 4.094855 V]
[16:16:46]  [SigFox Send] [Payload HEX] 9A996043B8218340000000 
[16:16:49]  [SigFox] [Envio de metrica] [Voltaje_AC: 224.5 V] [Voltaje_Bateria: 4.095646 V]
[16:28:49]  [SigFox Send] [Payload HEX] 00006043A82D8340000000 
[16:28:52]  [SigFox] [Envio de metrica] [Voltaje_AC: 224.6 V] [Voltaje_Bateria: 4.09315 V]
[16:40:52]  [SigFox Send] [Payload HEX] 66E65F437C348340000000 
[16:40:54]  [SigFox] [Envio de metrica] [Voltaje_AC: 223.6 V] [Voltaje_Bateria: 4.094286 V]
[16:52:55]  [SigFox Send] [Payload HEX] 333360432A088340000000 
[16:52:57]  [SigFox] [Envio de metrica] [Voltaje_AC: 224.2 V] [Voltaje_Bateria: 4.095445 V]
[17:04:57]  [SigFox Send] [Payload HEX] 33B35D4329128340000000 
[17:05:00]  [SigFox] [Envio de metrica] [Voltaje_AC: 222.1 V] [Voltaje_Bateria: 4.09879 V]
[17:17:00]  [SigFox Send] [Payload HEX] 66E66043D2148340000000 
[17:17:03]  [SigFox] [Envio de metrica] [Voltaje_AC: 224.8 V] [Voltaje_Bateria: 4.093967 V]
[17:29:03]  [SigFox Send] [Payload HEX] 333360434D088340000000 
[17:29:06]  [SigFox] [Envio de metrica] [Voltaje_AC: 224.2 V] [Voltaje_Bateria: 4.095504 V]
[17:41:06]  [SigFox Send] [Payload HEX] 33B35F435A1B8340000000 
[17:41:08]  [SigFox] [Envio de metrica] [Voltaje_AC: 223.6 V] [Voltaje_Bateria: 4.09282 V]
[17:53:08]  [SigFox Send] [Payload HEX] CDCC60437C368340000000 
[17:53:11]  [SigFox] [Envio de metrica] [Voltaje_AC: 225.0 V] [Voltaje_Bateria: 4.092126 V]
[18:05:11]  [SigFox Send] [Payload HEX] 00805F43200A8340000000 
[18:05:14]  [SigFox] [Envio de metrica] [Voltaje_AC: 223.4 V] [Voltaje_Bateria: 4.09267 V]
[18:17:14]  [SigFox Send] [Payload HEX] 33B35F4369FA8240000000 
[18:17:17]  [SigFox] [Envio de metrica] [Voltaje_AC: 223.6 V] [Voltaje_Bateria: 4.092564 V]
[18:29:17]  [SigFox Send] [Payload HEX] 9A195F43AE0F8340000000 
[18:29:19]  [SigFox] [Envio de metrica] [Voltaje_AC: 223.3 V] [Voltaje_Bateria: 4.083961 V]
[18:41:20]  [SigFox Send] [Payload HEX] 9A995F4390FA8240000000 
[18:41:22]  [SigFox] [Envio de metrica] [Voltaje_AC: 223.9 V] [Voltaje_Bateria: 4.093051 V]
[18:53:22]  [SigFox Send] [Payload HEX] CD4C60435A358340000000 
[18:53:25]  [SigFox] [Envio de metrica] [Voltaje_AC: 224.1 V] [Voltaje_Bateria: 4.08976 V]
[19:05:26]  [SigFox Send] [Payload HEX] CD4C614340438340000000 
[19:05:28]  [SigFox] [Envio de metrica] [Voltaje_AC: 225.6 V] [Voltaje_Bateria: 4.09637 V]
[19:17:28]  [SigFox Send] [Payload HEX] 66E66143C4248340000000 
[19:17:31]  [SigFox] [Envio de metrica] [Voltaje_AC: 226.1 V] [Voltaje_Bateria: 4.09271 V]
[19:29:31]  [SigFox Send] [Payload HEX] 0080614376228340000000 
[19:29:34]  [SigFox] [Envio de metrica] [Voltaje_AC: 225.5 V] [Voltaje_Bateria: 4.085941 V]
[19:41:34]  [SigFox Send] [Payload HEX] 9A1961434C188340000000 
[19:41:36]  [SigFox] [Envio de metrica] [Voltaje_AC: 224.8 V] [Voltaje_Bateria: 4.095711 V]
[19:53:37]  [SigFox Send] [Payload HEX] 666662433A108340000000 
[19:53:39]  [SigFox] [Envio de metrica] [Voltaje_AC: 226.4 V] [Voltaje_Bateria: 4.098369 V]
[20:05:39]  [SigFox Send] [Payload HEX] 33336043AA1B8340000000 
[20:05:42]  [SigFox] [Envio de metrica] [Voltaje_AC: 224.2 V] [Voltaje_Bateria: 4.089555 V]
[20:17:42]  [SigFox Send] [Payload HEX] 66E66243EE128340000000 
[20:17:45]  [SigFox] [Envio de metrica] [Voltaje_AC: 227.1 V] [Voltaje_Bateria: 4.092087 V]
[20:29:45]  [SigFox Send] [Payload HEX] 3333634326148340000000 
[20:29:48]  [SigFox] [Envio de metrica] [Voltaje_AC: 226.9 V] [Voltaje_Bateria: 4.094441 V]
[20:41:48]  [SigFox Send] [Payload HEX] 00006343B0318340000000 
[20:41:51]  [SigFox] [Envio de metrica] [Voltaje_AC: 227.2 V] [Voltaje_Bateria: 4.097588 V]
[20:53:51]  [SigFox Send] [Payload HEX] 9A996143FE4F8340000000 
[20:53:53]  [SigFox] [Envio de metrica] [Voltaje_AC: 225.5 V] [Voltaje_Bateria: 4.09065 V]
[21:05:54]  [SigFox Send] [Payload HEX] CD4C5F430B008340000000 
[21:05:56]  [SigFox] [Envio de metrica] [Voltaje_AC: 222.9 V] [Voltaje_Bateria: 4.09325 V]
[21:17:56]  [SigFox Send] [Payload HEX] 66E65C43CD0A8340000000 
[21:17:59]  [SigFox] [Envio de metrica] [Voltaje_AC: 220.4 V] [Voltaje_Bateria: 4.089802 V]
[21:29:59]  [SigFox Send] [Payload HEX] CDCC5F43E6038340000000 
[21:30:02]  [SigFox] [Envio de metrica] [Voltaje_AC: 223.6 V] [Voltaje_Bateria: 4.095362 V]
[21:42:02]  [SigFox Send] [Payload HEX] 9A195F434C078340000000 
[21:42:04]  [SigFox] [Envio de metrica] [Voltaje_AC: 223.4 V] [Voltaje_Bateria: 4.090353 V]
[21:54:05]  [SigFox Send] [Payload HEX] 33B3604321118340000000 
[21:54:07]  [SigFox] [Envio de metrica] [Voltaje_AC: 224.9 V] [Voltaje_Bateria: 4.092901 V]
[22:06:07]  [SigFox Send] [Payload HEX] 33B3614320448340000000 
[22:06:10]  [SigFox] [Envio de metrica] [Voltaje_AC: 225.7 V] [Voltaje_Bateria: 4.102874 V]
[22:18:10]  [SigFox Send] [Payload HEX] 9A9961438A1A8340000000 
[22:18:13]  [SigFox] [Envio de metrica] [Voltaje_AC: 225.4 V] [Voltaje_Bateria: 4.097164 V]
[22:30:13]  [SigFox Send] [Payload HEX] CDCC6143110C8340000000 
[22:30:16]  [SigFox] [Envio de metrica] [Voltaje_AC: 225.5 V] [Voltaje_Bateria: 4.098023 V]
[22:42:16]  [SigFox Send] [Payload HEX] 9A996143B2198340000000 
[22:42:19]  [SigFox] [Envio de metrica] [Voltaje_AC: 225.4 V] [Voltaje_Bateria: 4.093667 V]
[22:54:19]  [SigFox Send] [Payload HEX] 00806243D71F8340000000 
[22:54:21]  [SigFox] [Envio de metrica] [Voltaje_AC: 226.3 V] [Voltaje_Bateria: 4.093534 V]
[23:06:21]  [SigFox Send] [Payload HEX] 66666243A6068340000000 
[23:06:24]  [SigFox] [Envio de metrica] [Voltaje_AC: 226.3 V] [Voltaje_Bateria: 4.093336 V]
[23:18:24]  [SigFox Send] [Payload HEX] CD4C6143B02C8340000000 
[23:18:27]  [SigFox] [Envio de metrica] [Voltaje_AC: 225.4 V] [Voltaje_Bateria: 4.092443 V]
[23:30:27]  [SigFox Send] [Payload HEX] 66E66043D6218340000000 
[23:30:30]  [SigFox] [Envio de metrica] [Voltaje_AC: 224.8 V] [Voltaje_Bateria: 4.100016 V]
[23:42:30]  [SigFox Send] [Payload HEX] 66666043CA128340000000 
[23:42:32]  [SigFox] [Envio de metrica] [Voltaje_AC: 224.8 V] [Voltaje_Bateria: 4.098365 V]
[23:54:32]  [SigFox Send] [Payload HEX] 00806043E4FA8240000000 
[23:54:35]  [SigFox] [Envio de metrica] [Voltaje_AC: 224.6 V] [Voltaje_Bateria: 4.096692 V]
