[00:11:51]  [SigFox Send] [Payload HEX] 33336343AEE68240000000 
[00:11:54]  [SigFox] [Envio de metrica] [Voltaje_AC: 226.8 V] [Voltaje_Bateria: 4.096099 V]
[00:23:54]  [SigFox Send] [Payload HEX] 66666343384A8340000000 
[00:23:56]  [SigFox] [Envio de metrica] [Voltaje_AC: 227.2 V] [Voltaje_Bateria: 4.09304 V]
[00:35:57]  [SigFox Send] [Payload HEX] 33336243CE4C8340000000 
[00:35:59]  [SigFox] [Envio de metrica] [Voltaje_AC: 226.4 V] [Voltaje_Bateria: 4.09566 V]
[00:47:59]  [SigFox Send] [Payload HEX] 33B36443924A8340000000 
[00:48:02]  [SigFox] [Envio de metrica] [Voltaje_AC: 229.2 V] [Voltaje_Bateria: 4.094287 V]
[01:00:02]  [SigFox Send] [Payload HEX] 66E66543C6FB8240000000 
[01:00:05]  [SigFox] [Envio de metrica] [Voltaje_AC: 228.0 V] [Voltaje_Bateria: 4.095297 V]
[01:12:05]  [SigFox Send] [Payload HEX] 000066436D2C8340000000 
[01:12:07]  [SigFox] [Envio de metrica] [Voltaje_AC: 230.1 V] [Voltaje_Bateria: 4.102551 V]
[01:24:08]  [SigFox Send] [Payload HEX] 33336343BA088340000000 
[01:24:10]  [SigFox] [Envio de metrica] [Voltaje_AC: 227.2 V] [Voltaje_Bateria: 4.097289 V]
[01:36:10]  [SigFox Send] [Payload HEX] 33B3614392338340000000 
[01:36:13]  [SigFox] [Envio de metrica] [Voltaje_AC: 225.9 V] [Voltaje_Bateria: 4.094628 V]
[01:48:13]  [SigFox Send] [Payload HEX] 9A996143DF308340000000 
[01:48:16]  [SigFox] [Envio de metrica] [Voltaje_AC: 225.9 V] [Voltaje_Bateria: 4.098984 V]
[02:00:16]  [SigFox Send] [Payload HEX] CDCC624376458340000000 
[02:00:19]  [SigFox] [Envio de metrica] [Voltaje_AC: 226.3 V] [Voltaje_Bateria: 4.095661 V]
[02:12:19]  [SigFox Send] [Payload HEX] 33B36243C8388340000000 
[02:12:22]  [SigFox] [Envio de metrica] [Voltaje_AC: 227.1 V] [Voltaje_Bateria: 4.096933 V]
[02:24:22]  [SigFox Send] [Payload HEX] 0080634318138340000000 
[02:24:24]  [SigFox] [Envio de metrica] [Voltaje_AC: 227.6 V] [Voltaje_Bateria: 4.096887 V]
[02:36:24]  [SigFox Send] [Payload HEX] 6666634398208340000000 
[02:36:27]  [SigFox] [Envio de metrica] [Voltaje_AC: 227.0 V] [Voltaje_Bateria: 4.10008 V]
[02:48:27]  [SigFox Send] [Payload HEX] 66E6634366368340000000 
[02:48:30]  [SigFox] [Envio de metrica] [Voltaje_AC: 228.1 V] [Voltaje_Bateria: 4.089027 V]
[03:00:30]  [SigFox Send] [Payload HEX] 66666443E4188340000000 
[03:00:33]  [SigFox] [Envio de metrica] [Voltaje_AC: 228.7 V] [Voltaje_Bateria: 4.104774 V]
[03:12:33]  [SigFox Send] [Payload HEX] 000064438B498340000000 
[03:12:35]  [SigFox] [Envio de metrica] [Voltaje_AC: 227.8 V] [Voltaje_Bateria: 4.09795 V]
[03:24:35]  [SigFox Send] [Payload HEX] 0080644389578340000000 
[03:24:38]  [SigFox] [Envio de metrica] [Voltaje_AC: 228.4 V] [Voltaje_Bateria: 4.095229 V]
[03:36:38]  [SigFox Send] [Payload HEX] 66666443D93F8340000000 
[03:36:41]  [SigFox] [Envio de metrica] [Voltaje_AC: 228.9 V] [Voltaje_Bateria: 4.095129 V]
[03:48:41]  [SigFox Send] [Payload HEX] 66E664438E748340000000 
[03:48:44]  [SigFox] [Envio de metrica] [Voltaje_AC: 228.9 V] [Voltaje_Bateria: 4.093346 V]
[04:00:44]  [SigFox Send] [Payload HEX] 66666543C02B8340000000 
[04:00:46]  [SigFox] [Envio de metrica] [Voltaje_AC: 229.1 V] [Voltaje_Bateria: 4.106094 V]
[04:12:46]  [SigFox Send] [Payload HEX] 66666443191F8340000000 
[04:12:49]  [SigFox] [Envio de metrica] [Voltaje_AC: 228.5 V] [Voltaje_Bateria: 4.096584 V]
[04:24:49]  [SigFox Send] [Payload HEX] 9A996443ED208340000000 
[04:24:52]  [SigFox] [Envio de metrica] [Voltaje_AC: 228.7 V] [Voltaje_Bateria: 4.102611 V]
[04:36:52]  [SigFox Send] [Payload HEX] 33B365431A2F8340000000 
[04:36:55]  [SigFox] [Envio de metrica] [Voltaje_AC: 229.3 V] [Voltaje_Bateria: 4.097245 V]
[04:48:55]  [SigFox Send] [Payload HEX] 333365436E288340000000 
[04:48:57]  [SigFox] [Envio de metrica] [Voltaje_AC: 229.3 V] [Voltaje_Bateria: 4.093022 V]
[05:00:58]  [SigFox Send] [Payload HEX] 333365435DF78240000000 
[05:01:00]  [SigFox] [Envio de metrica] [Voltaje_AC: 229.5 V] [Voltaje_Bateria: 4.099687 V]
[05:13:00]  [SigFox Send] [Payload HEX] 66E664439A288340000000 
[05:13:03]  [SigFox] [Envio de metrica] [Voltaje_AC: 229.1 V] [Voltaje_Bateria: 4.094802 V]
[05:25:03]  [SigFox Send] [Payload HEX] CD4C6543D2068340000000 
[05:25:06]  [SigFox] [Envio de metrica] [Voltaje_AC: 229.6 V] [Voltaje_Bateria: 4.099389 V]
[05:37:06]  [SigFox Send] [Payload HEX] 000065432C3A8340000000 
[05:37:08]  [SigFox] [Envio de metrica] [Voltaje_AC: 229.0 V] [Voltaje_Bateria: 4.099013 V]
[05:49:09]  [SigFox Send] [Payload HEX] 33B36443E8F18240000000 
[05:49:11]  [SigFox] [Envio de metrica] [Voltaje_AC: 228.7 V] [Voltaje_Bateria: 4.094938 V]
[06:01:11]  [SigFox Send] [Payload HEX] CDCC6443BC438340000000 
[06:01:14]  [SigFox] [Envio de metrica] [Voltaje_AC: 228.7 V] [Voltaje_Bateria: 4.09861 V]
[06:13:14]  [SigFox Send] [Payload HEX] 66666443A6458340000000 
[06:13:17]  [SigFox] [Envio de metrica] [Voltaje_AC: 228.5 V] [Voltaje_Bateria: 4.100878 V]
[06:25:17]  [SigFox Send] [Payload HEX] 33B36443B8BB8340000000 
[06:25:20]  [SigFox] [Envio de metrica] [Voltaje_AC: 229.0 V] [Voltaje_Bateria: 4.104071 V]
[06:37:20]  [SigFox Send] [Payload HEX] 33B36443EDF98240000000 
[06:37:22]  [SigFox] [Envio de metrica] [Voltaje_AC: 228.9 V] [Voltaje_Bateria: 4.096544 V]
[06:49:22]  [SigFox Send] [Payload HEX] 9A99644366108340000000 
[06:49:25]  [SigFox] [Envio de metrica] [Voltaje_AC: 228.6 V] [Voltaje_Bateria: 4.092076 V]
[07:01:25]  [SigFox Send] [Payload HEX] 33B363432E3C8340000000 
[07:01:28]  [SigFox] [Envio de metrica] [Voltaje_AC: 228.3 V] [Voltaje_Bateria: 4.093943 V]
[07:13:28]  [SigFox Send] [Payload HEX] CDCC6443F00F8340000000 
[07:13:30]  [SigFox] [Envio de metrica] [Voltaje_AC: 229.1 V] [Voltaje_Bateria: 4.101651 V]
[07:25:31]  [SigFox Send] [Payload HEX] 66666543F8598340000000 
[07:25:33]  [SigFox] [Envio de metrica] [Voltaje_AC: 229.5 V] [Voltaje_Bateria: 4.099019 V]
[07:37:33]  [SigFox Send] [Payload HEX] CDCC654388338340000000 
[07:37:36]  [SigFox] [Envio de metrica] [Voltaje_AC: 229.7 V] [Voltaje_Bateria: 4.094202 V]
[07:49:36]  [SigFox Send] [Payload HEX] 9A996543CE2F8340000000 
[07:49:39]  [SigFox] [Envio de metrica] [Voltaje_AC: 229.7 V] [Voltaje_Bateria: 4.096882 V]
[08:01:39]  [SigFox Send] [Payload HEX] 666665434F188340000000 
[08:01:42]  [SigFox] [Envio de metrica] [Voltaje_AC: 229.3 V] [Voltaje_Bateria: 4.094615 V]
[08:13:42]  [SigFox Send] [Payload HEX] 66E6654334218340000000 
[08:13:44]  [SigFox] [Envio de metrica] [Voltaje_AC: 229.7 V] [Voltaje_Bateria: 4.093465 V]
[08:25:45]  [SigFox Send] [Payload HEX] CD4C634318028340000000 
[08:25:47]  [SigFox] [Envio de metrica] [Voltaje_AC: 226.8 V] [Voltaje_Bateria: 4.093444 V]
[08:37:47]  [SigFox Send] [Payload HEX] CDCC6443B31A8340000000 
[08:37:50]  [SigFox] [Envio de metrica] [Voltaje_AC: 228.9 V] [Voltaje_Bateria: 4.091802 V]
[08:49:50]  [SigFox Send] [Payload HEX] CD4C634312158340000000 
[08:49:53]  [SigFox] [Envio de metrica] [Voltaje_AC: 227.8 V] [Voltaje_Bateria: 4.093612 V]
[09:01:53]  [SigFox Send] [Payload HEX] 33B3624388F08240000000 
[09:01:55]  [SigFox] [Envio de metrica] [Voltaje_AC: 226.4 V] [Voltaje_Bateria: 4.098153 V]
[09:13:56]  [SigFox Send] [Payload HEX] 9A99634340048340000000 
[09:13:58]  [SigFox] [Envio de metrica] [Voltaje_AC: 227.2 V] [Voltaje_Bateria: 4.101927 V]
[09:25:58]  [SigFox Send] [Payload HEX] 9A1962436AF18240000000 
[09:26:01]  [SigFox] [Envio de metrica] [Voltaje_AC: 226.4 V] [Voltaje_Bateria: 4.095828 V]
[09:38:01]  [SigFox Send] [Payload HEX] 00806143621D8340000000 
[09:38:04]  [SigFox] [Envio de metrica] [Voltaje_AC: 225.5 V] [Voltaje_Bateria: 4.096255 V]
[09:50:04]  [SigFox Send] [Payload HEX] 33B360439E198340000000 
[09:50:07]  [SigFox] [Envio de metrica] [Voltaje_AC: 224.7 V] [Voltaje_Bateria: 4.09182 V]
[10:02:07]  [SigFox Send] [Payload HEX] 9A996043874E8340000000 
[10:02:09]  [SigFox] [Envio de metrica] [Voltaje_AC: 224.2 V] [Voltaje_Bateria: 4.097012 V]
[10:14:09]  [SigFox Send] [Payload HEX] 66E6604348468340000000 
[10:14:12]  [SigFox] [Envio de metrica] [Voltaje_AC: 224.9 V] [Voltaje_Bateria: 4.097404 V]
[10:26:12]  [SigFox Send] [Payload HEX] CDCC5E4358458340000000 
[10:26:15]  [SigFox] [Envio de metrica] [Voltaje_AC: 222.7 V] [Voltaje_Bateria: 4.09376 V]
[10:38:15]  [SigFox Send] [Payload HEX] CDCC5C43DC458340000000 
[10:38:18]  [SigFox] [Envio de metrica] [Voltaje_AC: 220.3 V] [Voltaje_Bateria: 4.097138 V]
[10:50:18]  [SigFox Send] [Payload HEX] 66666143834F8340000000 
[10:50:20]  [SigFox] [Envio de metrica] [Voltaje_AC: 224.8 V] [Voltaje_Bateria: 4.096429 V]
[11:02:21]  [SigFox Send] [Payload HEX] 3333624360308340000000 
[11:02:23]  [SigFox] [Envio de metrica] [Voltaje_AC: 225.9 V] [Voltaje_Bateria: 4.100837 V]
[11:14:23]  [SigFox Send] [Payload HEX] 000061435C2F8340000000 
[11:14:26]  [SigFox] [Envio de metrica] [Voltaje_AC: 225.2 V] [Voltaje_Bateria: 4.101043 V]
[11:26:26]  [SigFox Send] [Payload HEX] 6666614308268340000000 
[11:26:29]  [SigFox] [Envio de metrica] [Voltaje_AC: 225.5 V] [Voltaje_Bateria: 4.099358 V]
[11:38:29]  [SigFox Send] [Payload HEX] CDCC5F4335078340000000 
[11:38:31]  [SigFox] [Envio de metrica] [Voltaje_AC: 223.9 V] [Voltaje_Bateria: 4.096061 V]
[11:50:32]  [SigFox Send] [Payload HEX] 9A196043EA388340000000 
[11:50:34]  [SigFox] [Envio de metrica] [Voltaje_AC: 224.5 V] [Voltaje_Bateria: 4.092168 V]
[12:02:34]  [SigFox Send] [Payload HEX] 66666043AC158340000000 
[12:02:37]  [SigFox] [Envio de metrica] [Voltaje_AC: 224.1 V] [Voltaje_Bateria: 4.103494 V]
[12:14:37]  [SigFox Send] [Payload HEX] CD4C604374F68240000000 
[12:14:40]  [SigFox] [Envio de metrica] [Voltaje_AC: 224.3 V] [Voltaje_Bateria: 4.092864 V]
[12:26:40]  [SigFox Send] [Payload HEX] 33335F43785F8340000000 
[12:26:43]  [SigFox] [Envio de metrica] [Voltaje_AC: 223.3 V] [Voltaje_Bateria: 4.095346 V]
[12:38:43]  [SigFox Send] [Payload HEX] CD4C5D43C8298340000000 
[12:38:45]  [SigFox] [Envio de metrica] [Voltaje_AC: 221.0 V] [Voltaje_Bateria: 4.101766 V]
[12:50:45]  [SigFox Send] [Payload HEX] CD4C6243A43D8340000000 
[12:50:48]  [SigFox] [Envio de metrica] [Voltaje_AC: 226.1 V] [Voltaje_Bateria: 4.098609 V]
[13:02:48]  [SigFox Send] [Payload HEX] 66E66143094D8340000000 
[13:02:51]  [SigFox] [Envio de metrica] [Voltaje_AC: 226.1 V] [Voltaje_Bateria: 4.095347 V]
[13:14:51]  [SigFox Send] [Payload HEX] CD4C614324418340000000 
[13:14:54]  [SigFox] [Envio de metrica] [Voltaje_AC: 225.2 V] [Voltaje_Bateria: 4.09447 V]
[13:26:54]  [SigFox Send] [Payload HEX] 33336243DE4A8340000000 
[13:26:56]  [SigFox] [Envio de metrica] [Voltaje_AC: 226.2 V] [Voltaje_Bateria: 4.1006 V]
[13:38:57]  [SigFox Send] [Payload HEX] 66E660439A2E8340000000 
[13:38:59]  [SigFox] [Envio de metrica] [Voltaje_AC: 225.0 V] [Voltaje_Bateria: 4.097862 V]
[13:50:59]  [SigFox Send] [Payload HEX] CD4C6043C0E58240000000 
[13:51:02]  [SigFox] [Envio de metrica] [Voltaje_AC: 224.3 V] [Voltaje_Bateria: 4.101872 V]
[14:03:02]  [SigFox Send] [Payload HEX] 66E660432A278340000000 
[14:03:05]  [SigFox] [Envio de metrica] [Voltaje_AC: 224.7 V] [Voltaje_Bateria: 4.102696 V]
[14:15:05]  [SigFox Send] [Payload HEX] 66E65E4308F38240000000 
[14:15:07]  [SigFox] [Envio de metrica] [Voltaje_AC: 223.1 V] [Voltaje_Bateria: 4.092328 V]
[14:27:08]  [SigFox Send] [Payload HEX] 9A99604326F78240000000 
[14:27:10]  [SigFox] [Envio de metrica] [Voltaje_AC: 225.0 V] [Voltaje_Bateria: 4.09834 V]
[14:39:10]  [SigFox Send] [Payload HEX] 00006143A8498340000000 
[14:39:13]  [SigFox] [Envio de metrica] [Voltaje_AC: 224.5 V] [Voltaje_Bateria: 4.092784 V]
[14:51:13]  [SigFox Send] [Payload HEX] CD4C604398398340000000 
[14:51:16]  [SigFox] [Envio de metrica] [Voltaje_AC: 224.0 V] [Voltaje_Bateria: 4.09836 V]
[15:03:16]  [SigFox Send] [Payload HEX] 9A995F4378308340000000 
[15:03:18]  [SigFox] [Envio de metrica] [Voltaje_AC: 223.2 V] [Voltaje_Bateria: 4.096997 V]
[15:15:19]  [SigFox Send] [Payload HEX] 33B36043643F8340000000 
[15:15:21]  [SigFox] [Envio de metrica] [Voltaje_AC: 224.7 V] [Voltaje_Bateria: 4.097338 V]
[15:27:21]  [SigFox Send] [Payload HEX] 008060431E288340000000 
[15:27:24]  [SigFox] [Envio de metrica] [Voltaje_AC: 224.9 V] [Voltaje_Bateria: 4.094581 V]
[15:39:24]  [SigFox Send] [Payload HEX] 66E65E43871D8340000000 
[15:39:27]  [SigFox] [Envio de metrica] [Voltaje_AC: 222.7 V] [Voltaje_Bateria: 4.096395 V]
[15:51:27]  [SigFox Send] [Payload HEX] 33336043364A8340000000 
[15:51:30]  [SigFox] [Envio de metrica] [Voltaje_AC: 224.1 V] [Voltaje_Bateria: 4.095271 V]
[16:03:30]  [SigFox Send] [Payload HEX] 666660432C2E8340000000 
[16:03:32]  [SigFox] [Envio de metrica] [Voltaje_AC: 224.1 V] [Voltaje_Bateria: 4.094815 V]
[16:15:32]  [SigFox Send] [Payload HEX] 9A1962432E938340000000 
[16:15:35]  [SigFox] [Envio de metrica] [Voltaje_AC: 226.1 V] [Voltaje_Bateria: 4.092471 V]
[16:27:35]  [SigFox Send] [Payload HEX] CDCC61437A688340000000 
[16:27:38]  [SigFox] [Envio de metrica] [Voltaje_AC: 226.0 V] [Voltaje_Bateria: 4.106801 V]
[16:39:38]  [SigFox Send] [Payload HEX] 9A19624390598340000000 
[16:39:41]  [SigFox] [Envio de metrica] [Voltaje_AC: 225.7 V] [Voltaje_Bateria: 4.096731 V]
[16:51:41]  [SigFox Send] [Payload HEX] 0080624352098340000000 
[16:51:43]  [SigFox] [Envio de metrica] [Voltaje_AC: 226.6 V] [Voltaje_Bateria: 4.099989 V]
[17:03:43]  [SigFox Send] [Payload HEX] 0080624342458340000000 
[17:03:46]  [SigFox] [Envio de metrica] [Voltaje_AC: 226.5 V] [Voltaje_Bateria: 4.099174 V]
[17:15:46]  [SigFox Send] [Payload HEX] 0080634388758340000000 
[17:15:49]  [SigFox] [Envio de metrica] [Voltaje_AC: 227.0 V] [Voltaje_Bateria: 4.098204 V]
[17:27:49]  [SigFox Send] [Payload HEX] CDCC64434CF58240000000 
[17:27:52]  [SigFox] [Envio de metrica] [Voltaje_AC: 228.2 V] [Voltaje_Bateria: 4.097943 V]
[17:39:52]  [SigFox Send] [Payload HEX] CD4C6543AC618340000000 
[17:39:54]  [SigFox] [Envio de metrica] [Voltaje_AC: 229.0 V] [Voltaje_Bateria: 4.098133 V]
[17:51:54]  [SigFox Send] [Payload HEX] CD4C5F4374498340000000 
[17:51:57]  [SigFox] [Envio de metrica] [Voltaje_AC: 223.3 V] [Voltaje_Bateria: 4.101031 V]
[18:03:57]  [SigFox Send] [Payload HEX] CD4C6243EB188340000000 
[18:04:00]  [SigFox] [Envio de metrica] [Voltaje_AC: 225.9 V] [Voltaje_Bateria: 4.097775 V]
[18:16:00]  [SigFox Send] [Payload HEX] 9A9962439D348340000000 
[18:16:03]  [SigFox] [Envio de metrica] [Voltaje_AC: 226.6 V] [Voltaje_Bateria: 4.099492 V]
[18:28:03]  [SigFox Send] [Payload HEX] 66E66143A4508340000000 
[18:28:05]  [SigFox] [Envio de metrica] [Voltaje_AC: 225.9 V] [Voltaje_Bateria: 4.098698 V]
[18:40:05]  [SigFox Send] [Payload HEX] 9A196143AD6B8340000000 
[18:40:08]  [SigFox] [Envio de metrica] [Voltaje_AC: 224.9 V] [Voltaje_Bateria: 4.093384 V]
[18:52:08]  [SigFox Send] [Payload HEX] 00806043275F8340000000 
[18:52:11]  [SigFox] [Envio de metrica] [Voltaje_AC: 224.3 V] [Voltaje_Bateria: 4.099764 V]
[19:04:11]  [SigFox Send] [Payload HEX] 33336143D65D8340000000 
[19:04:13]  [SigFox] [Envio de metrica] [Voltaje_AC: 225.4 V] [Voltaje_Bateria: 4.091673 V]
[19:16:14]  [SigFox Send] [Payload HEX] 9A99624351488340000000 
[19:16:16]  [SigFox] [Envio de metrica] [Voltaje_AC: 226.9 V] [Voltaje_Bateria: 4.099535 V]
[19:28:17]  [SigFox Send] [Payload HEX] CDCC624366478340000000 
[19:28:19]  [SigFox] [Envio de metrica] [Voltaje_AC: 227.4 V] [Voltaje_Bateria: 4.094971 V]
[19:40:19]  [SigFox Send] [Payload HEX] 66666243B52D8340000000 
[19:40:22]  [SigFox] [Envio de metrica] [Voltaje_AC: 226.6 V] [Voltaje_Bateria: 4.103227 V]
[19:52:22]  [SigFox Send] [Payload HEX] 9A99634313508340000000 
[19:52:25]  [SigFox] [Envio de metrica] [Voltaje_AC: 228.1 V] [Voltaje_Bateria: 4.098249 V]
[20:04:25]  [SigFox Send] [Payload HEX] 3333624396498340000000 
[20:04:27]  [SigFox] [Envio de metrica] [Voltaje_AC: 226.1 V] [Voltaje_Bateria: 4.098417 V]
[20:16:28]  [SigFox Send] [Payload HEX] 00805F430E1F8340000000 
[20:16:30]  [SigFox] [Envio de metrica] [Voltaje_AC: 223.6 V] [Voltaje_Bateria: 4.093262 V]
[20:28:30]  [SigFox Send] [Payload HEX] 00006043AC3A8340000000 
[20:28:33]  [SigFox] [Envio de metrica] [Voltaje_AC: 224.3 V] [Voltaje_Bateria: 4.100208 V]
[20:40:33]  [SigFox Send] [Payload HEX] 66665E433A188340000000 
[20:40:36]  [SigFox] [Envio de metrica] [Voltaje_AC: 221.7 V] [Voltaje_Bateria: 4.098392 V]
[20:52:36]  [SigFox Send] [Payload HEX] 9A995C43CD148340000000 
[20:52:38]  [SigFox] [Envio de metrica] [Voltaje_AC: 220.4 V] [Voltaje_Bateria: 4.098178 V]
[21:04:39]  [SigFox Send] [Payload HEX] 9A995C43CA388340000000 
[21:04:41]  [SigFox] [Envio de metrica] [Voltaje_AC: 220.1 V] [Voltaje_Bateria: 4.099672 V]
[21:16:41]  [SigFox Send] [Payload HEX] 9A995D436D498340000000 
[21:16:44]  [SigFox] [Envio de metrica] [Voltaje_AC: 222.0 V] [Voltaje_Bateria: 4.091793 V]
[21:28:44]  [SigFox Send] [Payload HEX] 00805E4323F78240000000 
[21:28:47]  [SigFox] [Envio de metrica] [Voltaje_AC: 222.2 V] [Voltaje_Bateria: 4.094268 V]
[21:40:47]  [SigFox Send] [Payload HEX] 66665E43C4238340000000 
[21:40:49]  [SigFox] [Envio de metrica] [Voltaje_AC: 222.6 V] [Voltaje_Bateria: 4.09487 V]
[21:52:50]  [SigFox Send] [Payload HEX] 66E65D439E238340000000 
[21:52:52]  [SigFox] [Envio de metrica] [Voltaje_AC: 221.8 V] [Voltaje_Bateria: 4.09365 V]
[22:04:52]  [SigFox Send] [Payload HEX] 00805C4392308340000000 
[22:04:55]  [SigFox] [Envio de metrica] [Voltaje_AC: 220.6 V] [Voltaje_Bateria: 4.102295 V]
[22:16:55]  [SigFox Send] [Payload HEX] 33B35F433E148340000000 
[22:16:58]  [SigFox] [Envio de metrica] [Voltaje_AC: 223.7 V] [Voltaje_Bateria: 4.09433 V]
[22:28:58]  [SigFox Send] [Payload HEX] 33335E43A82B8340000000 
[22:29:01]  [SigFox] [Envio de metrica] [Voltaje_AC: 221.8 V] [Voltaje_Bateria: 4.092537 V]
[22:41:01]  [SigFox Send] [Payload HEX] 00805E43AE4D8340000000 
[22:41:03]  [SigFox] [Envio de metrica] [Voltaje_AC: 222.2 V] [Voltaje_Bateria: 4.089178 V]
[22:53:04]  [SigFox Send] [Payload HEX] CDCC5F43703F8340000000 
[22:53:06]  [SigFox] [Envio de metrica] [Voltaje_AC: 223.7 V] [Voltaje_Bateria: 4.095098 V]
[23:05:06]  [SigFox Send] [Payload HEX] 9A995F43C24C8340000000 
[23:05:09]  [SigFox] [Envio de metrica] [Voltaje_AC: 223.6 V] [Voltaje_Bateria: 4.100127 V]
[23:17:09]  [SigFox Send] [Payload HEX] CD4C604338438340000000 
[23:17:12]  [SigFox] [Envio de metrica] [Voltaje_AC: 224.3 V] [Voltaje_Bateria: 4.101671 V]
[23:29:12]  [SigFox Send] [Payload HEX] CD4C6143F8008340000000 
[23:29:14]  [SigFox] [Envio de metrica] [Voltaje_AC: 225.2 V] [Voltaje_Bateria: 4.101007 V]
[23:41:15]  [SigFox Send] [Payload HEX] 00006243386A8340000000 
[23:41:17]  [SigFox] [Envio de metrica] [Voltaje_AC: 225.7 V] [Voltaje_Bateria: 4.095362 V]
[23:53:17]  [SigFox Send] [Payload HEX] 9A99614398128340000000 
[23:53:20]  [SigFox] [Envio de metrica] [Voltaje_AC: 225.6 V] [Voltaje_Bateria: 4.091965 V]
