[00:05:20]  [SigFox Send] [Payload HEX] 66665F4398108340000000 
[00:05:23]  [SigFox] [Envio de metrica] [Voltaje_AC: 223.9 V] [Voltaje_Bateria: 4.10056 V]
[00:17:23]  [SigFox Send] [Payload HEX] 0000634369278340000000 
[00:17:25]  [SigFox] [Envio de metrica] [Voltaje_AC: 226.9 V] [Voltaje_Bateria: 4.095984 V]
[00:29:26]  [SigFox Send] [Payload HEX] CDCC6343642F8340000000 
[00:29:28]  [SigFox] [Envio de metrica] [Voltaje_AC: 227.4 V] [Voltaje_Bateria: 4.100163 V]
[00:41:28]  [SigFox Send] [Payload HEX] 00806443E74C8340000000 
[00:41:31]  [SigFox] [Envio de metrica] [Voltaje_AC: 228.4 V] [Voltaje_Bateria: 4.105282 V]
[00:53:31]  [SigFox Send] [Payload HEX] 66E66343B7518340000000 
[00:53:34]  [SigFox] [Envio de metrica] [Voltaje_AC: 227.8 V] [Voltaje_Bateria: 4.094208 V]
[01:05:34]  [SigFox Send] [Payload HEX] CDCC6443741E8340000000 
[01:05:37]  [SigFox] [Envio de metrica] [Voltaje_AC: 228.4 V] [Voltaje_Bateria: 4.092606 V]
[01:17:37]  [SigFox Send] [Payload HEX] 000063438C828340000000 
[01:17:39]  [SigFox] [Envio de metrica] [Voltaje_AC: 226.8 V] [Voltaje_Bateria: 4.098108 V]
[01:29:39]  [SigFox Send] [Payload HEX] 3333634362038340000000 
[01:29:42]  [SigFox] [Envio de metrica] [Voltaje_AC: 227.4 V] [Voltaje_Bateria: 4.090665 V]
[01:41:42]  [SigFox Send] [Payload HEX] 66E66543F4F78240000000 
[01:41:45]  [SigFox] [Envio de metrica] [Voltaje_AC: 229.9 V] [Voltaje_Bateria: 4.103375 V]
[01:53:45]  [SigFox Send] [Payload HEX] 33B361431D108340000000 
[01:53:48]  [SigFox] [Envio de metrica] [Voltaje_AC: 225.5 V] [Voltaje_Bateria: 4.099052 V]
[02:05:48]  [SigFox Send] [Payload HEX] 00006143652E8340000000 
[02:05:50]  [SigFox] [Envio de metrica] [Voltaje_AC: 225.4 V] [Voltaje_Bateria: 4.090299 V]
[02:17:51]  [SigFox Send] [Payload HEX] CD4C614336308340000000 
[02:17:53]  [SigFox] [Envio de metrica] [Voltaje_AC: 225.5 V] [Voltaje_Bateria: 4.09631 V]
[02:29:53]  [SigFox Send] [Payload HEX] 0000624322048340000000 
[02:29:56]  [SigFox] [Envio de metrica] [Voltaje_AC: 226.0 V] [Voltaje_Bateria: 4.093939 V]
[02:41:56]  [SigFox Send] [Payload HEX] 33336243AC088340000000 
[02:41:59]  [SigFox] [Envio de metrica] [Voltaje_AC: 225.2 V] [Voltaje_Bateria: 4.095525 V]
[02:53:59]  [SigFox Send] [Payload HEX] 33B3624310378340000000 
[02:54:01]  [SigFox] [Envio de metrica] [Voltaje_AC: 226.3 V] [Voltaje_Bateria: 4.09334 V]
[03:06:01]  [SigFox Send] [Payload HEX] 9A1963431C518340000000 
[03:06:04]  [SigFox] [Envio de metrica] [Voltaje_AC: 227.4 V] [Voltaje_Bateria: 4.105869 V]
[03:18:04]  [SigFox Send] [Payload HEX] CD4C62437CF68240000000 
[03:18:07]  [SigFox] [Envio de metrica] [Voltaje_AC: 226.4 V] [Voltaje_Bateria: 4.096863 V]
[03:30:07]  [SigFox Send] [Payload HEX] CDCC6243E8488340000000 
[03:30:10]  [SigFox] [Envio de metrica] [Voltaje_AC: 226.8 V] [Voltaje_Bateria: 4.09832 V]
[03:42:10]  [SigFox Send] [Payload HEX] CD4C624350338340000000 
[03:42:12]  [SigFox] [Envio de metrica] [Voltaje_AC: 226.7 V] [Voltaje_Bateria: 4.089834 V]
[03:52:45]  [SigFox Send] [Payload HEX] 00006343AB308340000000 
[03:52:45]  [SigFox] [Envio de metrica] [Voltaje_AC: 226.9 V] [Voltaje_Bateria: 4.094742 V]
[03:55:09]  [Estado Sistema] [OK] [Voltaje_AC: 226.8 V] [Voltaje_Bateria: 4.078836 V]
[03:55:09]  [Estado Volt AC] [OK] [Voltaje_AC: 226.8 V] [Voltaje_Bateria: 4.078836 V]
[03:55:09]  [Estado Bateria] [OK] [Voltaje_AC: 226.8 V] [Voltaje_Bateria: 4.078836 V]
[03:55:09]  [SigFox Send] [Payload HEX] CDCC6243D4858240000000 
[03:55:12]  [SigFox] [Envio de metrica] [Voltaje_AC: 226.9 V] [Voltaje_Bateria: 4.066058 V]
[04:07:12]  [SigFox Send] [Payload HEX] 6666634322888140000000 
[04:07:15]  [SigFox] [Envio de metrica] [Voltaje_AC: 227.5 V] [Voltaje_Bateria: 4.03445 V]
[04:19:15]  [SigFox Send] [Payload HEX] 3333634386AB8040000000 
[04:19:18]  [SigFox] [Envio de metrica] [Voltaje_AC: 227.0 V] [Voltaje_Bateria: 4.016846 V]
[04:31:18]  [SigFox Send] [Payload HEX] CDCC6343A8388040000000 
[04:31:21]  [SigFox] [Envio de metrica] [Voltaje_AC: 227.7 V] [Voltaje_Bateria: 3.992548 V]
[04:43:21]  [SigFox Send] [Payload HEX] 00806343710C7F40000000 
[04:43:23]  [SigFox] [Envio de metrica] [Voltaje_AC: 227.6 V] [Voltaje_Bateria: 3.984096 V]
[04:55:24]  [SigFox Send] [Payload HEX] CDCC63438D5B7E40000000 
[04:55:26]  [SigFox] [Envio de metrica] [Voltaje_AC: 227.1 V] [Voltaje_Bateria: 3.952753 V]
[05:07:26]  [SigFox Send] [Payload HEX] 9A196343C0988240000000 
[05:07:29]  [SigFox] [Envio de metrica] [Voltaje_AC: 226.7 V] [Voltaje_Bateria: 4.088888 V]
[05:19:29]  [SigFox Send] [Payload HEX] CDCC6243C5608340000000 
[05:19:32]  [SigFox] [Envio de metrica] [Voltaje_AC: 227.1 V] [Voltaje_Bateria: 4.094042 V]
[05:31:32]  [SigFox Send] [Payload HEX] 0000634362298340000000 
[05:31:34]  [SigFox] [Envio de metrica] [Voltaje_AC: 227.2 V] [Voltaje_Bateria: 4.090586 V]
[05:43:35]  [SigFox Send] [Payload HEX] 33B3624374418340000000 
[05:43:37]  [SigFox] [Envio de metrica] [Voltaje_AC: 226.6 V] [Voltaje_Bateria: 4.095647 V]
[05:55:37]  [SigFox Send] [Payload HEX] 9A996243832B8340000000 
[05:55:40]  [SigFox] [Envio de metrica] [Voltaje_AC: 226.6 V] [Voltaje_Bateria: 4.097668 V]
[06:07:40]  [SigFox Send] [Payload HEX] 00806143013F8340000000 
[06:07:43]  [SigFox] [Envio de metrica] [Voltaje_AC: 225.7 V] [Voltaje_Bateria: 4.104686 V]
[06:19:43]  [SigFox Send] [Payload HEX] 33B3614346738340000000 
[06:19:46]  [SigFox] [Envio de metrica] [Voltaje_AC: 226.3 V] [Voltaje_Bateria: 4.088406 V]
[06:31:46]  [SigFox Send] [Payload HEX] 66666343B6258340000000 
[06:31:48]  [SigFox] [Envio de metrica] [Voltaje_AC: 227.0 V] [Voltaje_Bateria: 4.097691 V]
[06:43:49]  [SigFox Send] [Payload HEX] 66E662432D318340000000 
[06:43:51]  [SigFox] [Envio de metrica] [Voltaje_AC: 226.8 V] [Voltaje_Bateria: 4.094556 V]
[06:55:51]  [SigFox Send] [Payload HEX] CD4C6343081F8340000000 
[06:55:54]  [SigFox] [Envio de metrica] [Voltaje_AC: 227.5 V] [Voltaje_Bateria: 4.091489 V]
[07:07:54]  [SigFox Send] [Payload HEX] CDCC6243C42E8340000000 
[07:07:57]  [SigFox] [Envio de metrica] [Voltaje_AC: 226.9 V] [Voltaje_Bateria: 4.09722 V]
[07:19:57]  [SigFox Send] [Payload HEX] 0080624336E68240000000 
[07:19:59]  [SigFox] [Envio de metrica] [Voltaje_AC: 225.9 V] [Voltaje_Bateria: 4.090164 V]
[07:32:00]  [SigFox Send] [Payload HEX] 333362430D7D8340000000 
[07:32:02]  [SigFox] [Envio de metrica] [Voltaje_AC: 226.2 V] [Voltaje_Bateria: 4.094016 V]
[07:44:02]  [SigFox Send] [Payload HEX] 0000634334E08240000000 
[07:44:05]  [SigFox] [Envio de metrica] [Voltaje_AC: 226.7 V] [Voltaje_Bateria: 4.093191 V]
[07:56:05]  [SigFox Send] [Payload HEX] CDCC624300298340000000 
[07:56:08]  [SigFox] [Envio de metrica] [Voltaje_AC: 226.3 V] [Voltaje_Bateria: 4.091083 V]
[08:08:08]  [SigFox Send] [Payload HEX] 33B36143DE5E8340000000 
[08:08:10]  [SigFox] [Envio de metrica] [Voltaje_AC: 226.0 V] [Voltaje_Bateria: 4.096064 V]
[08:20:11]  [SigFox Send] [Payload HEX] CD4C60432AE88240000000 
[08:20:13]  [SigFox] [Envio de metrica] [Voltaje_AC: 223.8 V] [Voltaje_Bateria: 4.096828 V]
[08:32:13]  [SigFox Send] [Payload HEX] CD4C6043AEF48240000000 
[08:32:16]  [SigFox] [Envio de metrica] [Voltaje_AC: 224.3 V] [Voltaje_Bateria: 4.095957 V]
[08:44:16]  [SigFox Send] [Payload HEX] CDCC5F43685C8340000000 
[08:44:19]  [SigFox] [Envio de metrica] [Voltaje_AC: 224.2 V] [Voltaje_Bateria: 4.096838 V]
[08:56:19]  [SigFox Send] [Payload HEX] 33B35E43110E8340000000 
[08:56:22]  [SigFox] [Envio de metrica] [Voltaje_AC: 222.3 V] [Voltaje_Bateria: 4.097418 V]
[09:08:22]  [SigFox Send] [Payload HEX] 33B36143F6E98240000000 
[09:08:24]  [SigFox] [Envio de metrica] [Voltaje_AC: 225.5 V] [Voltaje_Bateria: 4.088362 V]
[09:20:24]  [SigFox Send] [Payload HEX] 66666243D01E8340000000 
[09:20:27]  [SigFox] [Envio de metrica] [Voltaje_AC: 226.0 V] [Voltaje_Bateria: 4.094728 V]
[09:32:27]  [SigFox Send] [Payload HEX] 66666243527B8340000000 
[09:32:30]  [SigFox] [Envio de metrica] [Voltaje_AC: 226.7 V] [Voltaje_Bateria: 4.096078 V]
[09:44:30]  [SigFox Send] [Payload HEX] CD4C61439EF48240000000 
[09:44:33]  [SigFox] [Envio de metrica] [Voltaje_AC: 225.0 V] [Voltaje_Bateria: 4.095492 V]
[09:56:33]  [SigFox Send] [Payload HEX] 9A99624323268340000000 
[09:56:36]  [SigFox] [Envio de metrica] [Voltaje_AC: 226.4 V] [Voltaje_Bateria: 4.095882 V]
[10:08:36]  [SigFox Send] [Payload HEX] 33B361435D4A8340000000 
[10:08:38]  [SigFox] [Envio de metrica] [Voltaje_AC: 226.0 V] [Voltaje_Bateria: 4.094615 V]
[10:20:39]  [SigFox Send] [Payload HEX] 33B36143A0238340000000 
[10:20:41]  [SigFox] [Envio de metrica] [Voltaje_AC: 226.0 V] [Voltaje_Bateria: 4.097848 V]
[10:32:41]  [SigFox Send] [Payload HEX] CDCC614372018340000000 
[10:32:44]  [SigFox] [Envio de metrica] [Voltaje_AC: 225.9 V] [Voltaje_Bateria: 4.095345 V]
[10:44:44]  [SigFox Send] [Payload HEX] 9A19604370F18240000000 
[10:44:47]  [SigFox] [Envio de metrica] [Voltaje_AC: 224.4 V] [Voltaje_Bateria: 4.100355 V]
[10:56:47]  [SigFox Send] [Payload HEX] 9A196043284F8340000000 
[10:56:49]  [SigFox] [Envio de metrica] [Voltaje_AC: 224.2 V] [Voltaje_Bateria: 4.100668 V]
[11:08:50]  [SigFox Send] [Payload HEX] 00806043C6328340000000 
[11:08:52]  [SigFox] [Envio de metrica] [Voltaje_AC: 224.5 V] [Voltaje_Bateria: 4.095317 V]
[11:20:52]  [SigFox Send] [Payload HEX] 66665D433E428340000000 
[11:20:55]  [SigFox] [Envio de metrica] [Voltaje_AC: 221.5 V] [Voltaje_Bateria: 4.099185 V]
[11:32:55]  [SigFox Send] [Payload HEX] CD4C5F430C268340000000 
[11:32:58]  [SigFox] [Envio de metrica] [Voltaje_AC: 223.5 V] [Voltaje_Bateria: 4.098489 V]
[11:44:58]  [SigFox Send] [Payload HEX] 66E65C43C6378340000000 
[11:45:00]  [SigFox] [Envio de metrica] [Voltaje_AC: 221.2 V] [Voltaje_Bateria: 4.086962 V]
[11:57:01]  [SigFox Send] [Payload HEX] 66E65E438C478340000000 
[11:57:03]  [SigFox] [Envio de metrica] [Voltaje_AC: 223.4 V] [Voltaje_Bateria: 4.093262 V]
[12:09:03]  [SigFox Send] [Payload HEX] 9A995F432D418340000000 
[12:09:06]  [SigFox] [Envio de metrica] [Voltaje_AC: 223.6 V] [Voltaje_Bateria: 4.100904 V]
[12:21:06]  [SigFox Send] [Payload HEX] 33B35F4336118340000000 
[12:21:09]  [SigFox] [Envio de metrica] [Voltaje_AC: 223.6 V] [Voltaje_Bateria: 4.095795 V]
[12:33:09]  [SigFox Send] [Payload HEX] 33335E43CE208340000000 
[12:33:12]  [SigFox] [Envio de metrica] [Voltaje_AC: 221.9 V] [Voltaje_Bateria: 4.09372 V]
[12:45:12]  [SigFox Send] [Payload HEX] 33335E430B4F8340000000 
[12:45:14]  [SigFox] [Envio de metrica] [Voltaje_AC: 222.7 V] [Voltaje_Bateria: 4.097711 V]
[12:57:15]  [SigFox Send] [Payload HEX] 66665C43A4158340000000 
[12:57:17]  [SigFox] [Envio de metrica] [Voltaje_AC: 220.6 V] [Voltaje_Bateria: 4.089441 V]
[13:09:17]  [SigFox Send] [Payload HEX] 33B35A43856D8340000000 
[13:09:20]  [SigFox] [Envio de metrica] [Voltaje_AC: 218.8 V] [Voltaje_Bateria: 4.093782 V]
[13:21:20]  [SigFox Send] [Payload HEX] 33B35B436C298340000000 
[13:21:23]  [SigFox] [Envio de metrica] [Voltaje_AC: 219.6 V] [Voltaje_Bateria: 4.102886 V]
[13:33:23]  [SigFox Send] [Payload HEX] 00005B43D61B8340000000 
[13:33:26]  [SigFox] [Envio de metrica] [Voltaje_AC: 219.0 V] [Voltaje_Bateria: 4.097208 V]
[13:45:26]  [SigFox Send] [Payload HEX] 66665A433A138340000000 
[13:45:28]  [SigFox] [Envio de metrica] [Voltaje_AC: 217.9 V] [Voltaje_Bateria: 4.105324 V]
[13:57:29]  [SigFox Send] [Payload HEX] 66665A43B4018340000000 
[13:57:31]  [SigFox] [Envio de metrica] [Voltaje_AC: 218.5 V] [Voltaje_Bateria: 4.100014 V]
[14:09:31]  [SigFox Send] [Payload HEX] 00005A4312278340000000 
[14:09:34]  [SigFox] [Envio de metrica] [Voltaje_AC: 218.1 V] [Voltaje_Bateria: 4.098999 V]
[14:21:34]  [SigFox Send] [Payload HEX] 66E6594399468340000000 
[14:21:37]  [SigFox] [Envio de metrica] [Voltaje_AC: 218.0 V] [Voltaje_Bateria: 4.099166 V]
[14:33:37]  [SigFox Send] [Payload HEX] 66665D43FD308340000000 
[14:33:39]  [SigFox] [Envio de metrica] [Voltaje_AC: 220.9 V] [Voltaje_Bateria: 4.100788 V]
[14:45:40]  [SigFox Send] [Payload HEX] CD4C5C43E6638340000000 
[14:45:42]  [SigFox] [Envio de metrica] [Voltaje_AC: 220.7 V] [Voltaje_Bateria: 4.08642 V]
[14:57:42]  [SigFox Send] [Payload HEX] CDCC5C434E3E8340000000 
[14:57:45]  [SigFox] [Envio de metrica] [Voltaje_AC: 220.9 V] [Voltaje_Bateria: 4.090917 V]
[15:09:45]  [SigFox Send] [Payload HEX] 9A995C431CE48240000000 
[15:09:48]  [SigFox] [Envio de metrica] [Voltaje_AC: 220.1 V] [Voltaje_Bateria: 4.094864 V]
[15:21:48]  [SigFox Send] [Payload HEX] 9A195C434A108340000000 
[15:21:51]  [SigFox] [Envio de metrica] [Voltaje_AC: 220.3 V] [Voltaje_Bateria: 4.09397 V]
[15:33:51]  [SigFox Send] [Payload HEX] CDCC5B4392248340000000 
[15:33:53]  [SigFox] [Envio de metrica] [Voltaje_AC: 219.8 V] [Voltaje_Bateria: 4.101816 V]
[15:45:54]  [SigFox Send] [Payload HEX] 00805A4340F58240000000 
[15:45:56]  [SigFox] [Envio de metrica] [Voltaje_AC: 218.0 V] [Voltaje_Bateria: 4.095648 V]
[15:57:56]  [SigFox Send] [Payload HEX] 00805D430A0A8340000000 
[15:57:59]  [SigFox] [Envio de metrica] [Voltaje_AC: 221.2 V] [Voltaje_Bateria: 4.092528 V]
[16:09:59]  [SigFox Send] [Payload HEX] CDCC5C43CE498340000000 
[16:10:02]  [SigFox] [Envio de metrica] [Voltaje_AC: 220.7 V] [Voltaje_Bateria: 4.098125 V]
[16:22:02]  [SigFox Send] [Payload HEX] 9A995D43751D8340000000 
[16:22:04]  [SigFox] [Envio de metrica] [Voltaje_AC: 221.4 V] [Voltaje_Bateria: 4.097453 V]
[16:34:05]  [SigFox Send] [Payload HEX] 9A995E4356198340000000 
[16:34:07]  [SigFox] [Envio de metrica] [Voltaje_AC: 222.2 V] [Voltaje_Bateria: 4.098402 V]
[16:46:07]  [SigFox Send] [Payload HEX] CD4C5D43D8F18240000000 
[16:46:10]  [SigFox] [Envio de metrica] [Voltaje_AC: 221.8 V] [Voltaje_Bateria: 4.096408 V]
[16:58:10]  [SigFox Send] [Payload HEX] CD4C5E437E228340000000 
[16:58:13]  [SigFox] [Envio de metrica] [Voltaje_AC: 222.4 V] [Voltaje_Bateria: 4.094079 V]
[17:10:13]  [SigFox Send] [Payload HEX] 00005E439A0F8340000000 
[17:10:15]  [SigFox] [Envio de metrica] [Voltaje_AC: 222.7 V] [Voltaje_Bateria: 4.092616 V]
[17:22:16]  [SigFox Send] [Payload HEX] 00005E430F178340000000 
[17:22:18]  [SigFox] [Envio de metrica] [Voltaje_AC: 222.0 V] [Voltaje_Bateria: 4.095407 V]
[17:34:18]  [SigFox Send] [Payload HEX] 9A195D43062C8340000000 
[17:34:21]  [SigFox] [Envio de metrica] [Voltaje_AC: 221.7 V] [Voltaje_Bateria: 4.092719 V]
[17:46:21]  [SigFox Send] [Payload HEX] 00805E43151D8340000000 
[17:46:24]  [SigFox] [Envio de metrica] [Voltaje_AC: 222.8 V] [Voltaje_Bateria: 4.090265 V]
[17:58:24]  [SigFox Send] [Payload HEX] 000060439A188340000000 
[17:58:27]  [SigFox] [Envio de metrica] [Voltaje_AC: 223.9 V] [Voltaje_Bateria: 4.091643 V]
[18:10:27]  [SigFox Send] [Payload HEX] 33B35F43BC1B8340000000 
[18:10:29]  [SigFox] [Envio de metrica] [Voltaje_AC: 223.6 V] [Voltaje_Bateria: 4.09285 V]
[18:22:30]  [SigFox Send] [Payload HEX] 00805F43002B8340000000 
[18:22:32]  [SigFox] [Envio de metrica] [Voltaje_AC: 223.6 V] [Voltaje_Bateria: 4.097603 V]
[18:34:32]  [SigFox Send] [Payload HEX] 00805E4346128340000000 
[18:34:35]  [SigFox] [Envio de metrica] [Voltaje_AC: 222.6 V] [Voltaje_Bateria: 4.103445 V]
[18:46:35]  [SigFox Send] [Payload HEX] 66665F4340248340000000 
[18:46:38]  [SigFox] [Envio de metrica] [Voltaje_AC: 223.9 V] [Voltaje_Bateria: 4.096114 V]
[18:58:38]  [SigFox Send] [Payload HEX] CDCC6043B86E8340000000 
[18:58:40]  [SigFox] [Envio de metrica] [Voltaje_AC: 224.6 V] [Voltaje_Bateria: 4.09786 V]
[19:10:41]  [SigFox Send] [Payload HEX] CDCC5D43DE578340000000 
[19:10:43]  [SigFox] [Envio de metrica] [Voltaje_AC: 221.2 V] [Voltaje_Bateria: 4.095394 V]
[19:22:43]  [SigFox Send] [Payload HEX] 9A195F430EEC8240000000 
[19:22:46]  [SigFox] [Envio de metrica] [Voltaje_AC: 223.3 V] [Voltaje_Bateria: 4.0913 V]
[19:34:46]  [SigFox Send] [Payload HEX] 66E65E4363158340000000 
[19:34:49]  [SigFox] [Envio de metrica] [Voltaje_AC: 223.2 V] [Voltaje_Bateria: 4.096044 V]
[19:46:49]  [SigFox Send] [Payload HEX] 9A99604304FC8240000000 
[19:46:51]  [SigFox] [Envio de metrica] [Voltaje_AC: 224.1 V] [Voltaje_Bateria: 4.096802 V]
[19:58:25]  [Estado Sistema] [OK] [Voltaje_AC: 224.5 V] [Voltaje_Bateria: 4.06979 V]
[19:58:25]  [Estado Volt AC] [OK] [Voltaje_AC: 224.5 V] [Voltaje_Bateria: 4.06979 V]
[19:58:25]  [Estado Bateria] [OK] [Voltaje_AC: 224.5 V] [Voltaje_Bateria: 4.06979 V]
[19:58:25]  [SigFox Send] [Payload HEX] 00806043B83B8240000000 
[19:58:28]  [SigFox] [Envio de metrica] [Voltaje_AC: 224.2 V] [Voltaje_Bateria: 4.068494 V]
[20:10:28]  [SigFox Send] [Payload HEX] CDCC5F435F8A8140000000 
[20:10:31]  [SigFox] [Envio de metrica] [Voltaje_AC: 223.8 V] [Voltaje_Bateria: 4.038669 V]
[20:22:31]  [SigFox Send] [Payload HEX] CD4C5F439CE58040000000 
[20:22:33]  [SigFox] [Envio de metrica] [Voltaje_AC: 222.7 V] [Voltaje_Bateria: 4.023536 V]
[20:34:34]  [SigFox Send] [Payload HEX] 33B35E4339408040000000 
[20:34:36]  [SigFox] [Envio de metrica] [Voltaje_AC: 223.3 V] [Voltaje_Bateria: 3.995553 V]
[20:46:36]  [SigFox Send] [Payload HEX] 9A195D43E50F7F40000000 
[20:46:39]  [SigFox] [Envio de metrica] [Voltaje_AC: 221.5 V] [Voltaje_Bateria: 3.974317 V]
[20:58:39]  [SigFox Send] [Payload HEX] CDCC5E43F72B7E40000000 
[20:58:42]  [SigFox] [Envio de metrica] [Voltaje_AC: 222.9 V] [Voltaje_Bateria: 3.962338 V]
[21:10:42]  [SigFox Send] [Payload HEX] 0000604317C58240000000 
[21:10:45]  [SigFox] [Envio de metrica] [Voltaje_AC: 223.8 V] [Voltaje_Bateria: 4.079446 V]
[21:22:45]  [SigFox Send] [Payload HEX] 9A1960433AE68240000000 
[21:22:48]  [SigFox] [Envio de metrica] [Voltaje_AC: 224.1 V] [Voltaje_Bateria: 4.089207 V]
[21:34:48]  [SigFox Send] [Payload HEX] 33B35E4322E28240000000 
[21:34:50]  [SigFox] [Envio de metrica] [Voltaje_AC: 222.7 V] [Voltaje_Bateria: 4.08829 V]
[21:46:50]  [SigFox Send] [Payload HEX] 666661430CF88240000000 
[21:46:53]  [SigFox] [Envio de metrica] [Voltaje_AC: 225.5 V] [Voltaje_Bateria: 4.09287 V]
[21:58:53]  [SigFox Send] [Payload HEX] 0000624304058340000000 
[21:58:56]  [SigFox] [Envio de metrica] [Voltaje_AC: 226.1 V] [Voltaje_Bateria: 4.088089 V]
[22:10:56]  [SigFox Send] [Payload HEX] 33B36143262B8340000000 
[22:10:59]  [SigFox] [Envio de metrica] [Voltaje_AC: 225.7 V] [Voltaje_Bateria: 4.099373 V]
[22:22:59]  [SigFox Send] [Payload HEX] 33B36243D8048340000000 
[22:23:01]  [SigFox] [Envio de metrica] [Voltaje_AC: 226.4 V] [Voltaje_Bateria: 4.101336 V]
[22:35:02]  [SigFox Send] [Payload HEX] 0000634362258340000000 
[22:35:04]  [SigFox] [Envio de metrica] [Voltaje_AC: 227.3 V] [Voltaje_Bateria: 4.092039 V]
[22:47:04]  [SigFox Send] [Payload HEX] 6666624386288340000000 
[22:47:07]  [SigFox] [Envio de metrica] [Voltaje_AC: 226.8 V] [Voltaje_Bateria: 4.097654 V]
[22:59:07]  [SigFox Send] [Payload HEX] 33B362436C388340000000 
[22:59:10]  [SigFox] [Envio de metrica] [Voltaje_AC: 226.8 V] [Voltaje_Bateria: 4.094169 V]
[23:11:10]  [SigFox Send] [Payload HEX] 66E65F43A9188340000000 
[23:11:12]  [SigFox] [Envio de metrica] [Voltaje_AC: 224.1 V] [Voltaje_Bateria: 4.097054 V]
[23:23:13]  [SigFox Send] [Payload HEX] 666661430C128340000000 
[23:23:15]  [SigFox] [Envio de metrica] [Voltaje_AC: 225.1 V] [Voltaje_Bateria: 4.108686 V]
[23:35:15]  [SigFox Send] [Payload HEX] 9A9963437E438340000000 
[23:35:18]  [SigFox] [Envio de metrica] [Voltaje_AC: 227.5 V] [Voltaje_Bateria: 4.08934 V]
[23:47:18]  [SigFox Send] [Payload HEX] 0000634374578340000000 
[23:47:21]  [SigFox] [Envio de metrica] [Voltaje_AC: 227.3 V] [Voltaje_Bateria: 4.096101 V]
[23:59:21]  [SigFox Send] [Payload HEX] CDCC614362418340000000 
[23:59:24]  [SigFox] [Envio de metrica] [Voltaje_AC: 225.8 V] [Voltaje_Bateria: 4.103556 V]
