[00:00:06]  [Estado Sistema] [ALERTA] [Voltaje_AC: 0.0 V] [Voltaje_Bateria: 4.050536 V]
[00:00:06]  [SigFox] [Envio de metrica ALARMA] [Voltaje_AC: 0.0 V] [Voltaje_Bateria: 4.050536 V]
[00:00:06]  [SigFox Send] [Payload HEX] 00000000FD9D8140020200 
[00:04:21]  [Estado Volt AC] [OK] [Voltaje_AC: 227.6 V] [Voltaje_Bateria: 4.040112 V]
[00:04:21]  [SigFox] [Envio de metrica OK] [Voltaje_AC: 227.6 V] [Voltaje_Bateria: 4.040112 V]
[00:04:21]  [Estado Sistema] [OK] [Voltaje_AC: 227.6 V] [Voltaje_Bateria: 4.040112 V]
[00:04:21]  [SigFox Send] [Payload HEX] 9A9963439A488140000000 
[00:19:24]  [SigFox Send] [Payload HEX] 9A19654377B57F40000000 
[00:19:27]  [SigFox] [Envio de metrica] [Voltaje_AC: 228.6 V] [Voltaje_Bateria: 3.982346 V]
[00:34:27]  [SigFox Send] [Payload HEX] CDCC64434FD87D40000000 
[00:34:30]  [SigFox] [Envio de metrica] [Voltaje_AC: 229.0 V] [Voltaje_Bateria: 3.958196 V]
[00:49:30]  [SigFox Send] [Payload HEX] 9A99644319607C40000000 
[00:49:33]  [SigFox] [Envio de metrica] [Voltaje_AC: 229.0 V] [Voltaje_Bateria: 3.936288 V]
[01:04:32]  [SigFox Send] [Payload HEX] 3333624389E17940000000 
[01:04:35]  [SigFox] [Envio de metrica] [Voltaje_AC: 226.4 V] [Voltaje_Bateria: 3.899354 V]
[01:19:35]  [SigFox Send] [Payload HEX] 6666614331077840000000 
[01:19:38]  [SigFox] [Envio de metrica] [Voltaje_AC: 225.7 V] [Voltaje_Bateria: 3.870715 V]
[01:34:38]  [SigFox Send] [Payload HEX] 9A996343143C7640000000 
[01:34:41]  [SigFox] [Envio de metrica] [Voltaje_AC: 227.1 V] [Voltaje_Bateria: 3.833271 V]
[01:49:40]  [SigFox Send] [Payload HEX] 00006443F6A27440000000 
[01:49:43]  [SigFox] [Envio de metrica] [Voltaje_AC: 228.3 V] [Voltaje_Bateria: 3.817358 V]
[01:49:43]  [Estado Bateria] [Medio] [Voltaje_AC: 228.3 V] [Voltaje_Bateria: 3.798958 V]
[01:49:46]  [Estado Bateria] [OK] [Voltaje_AC: 228.2 V] [Voltaje_Bateria: 3.817871 V]
[01:57:51]  [Estado Bateria] [Medio] [Voltaje_AC: 227.3 V] [Voltaje_Bateria: 3.797799 V]
[01:57:56]  [Estado Bateria] [OK] [Voltaje_AC: 227.1 V] [Voltaje_Bateria: 3.809096 V]
[01:58:03]  [Estado Bateria] [Medio] [Voltaje_AC: 227.1 V] [Voltaje_Bateria: 3.797323 V]
[01:58:05]  [Estado Bateria] [OK] [Voltaje_AC: 227.1 V] [Voltaje_Bateria: 3.803602 V]
[01:58:07]  [Estado Bateria] [Medio] [Voltaje_AC: 227.1 V] [Voltaje_Bateria: 3.798081 V]
[01:58:10]  [Estado Bateria] [OK] [Voltaje_AC: 227.1 V] [Voltaje_Bateria: 3.805307 V]
[01:58:12]  [Estado Bateria] [Medio] [Voltaje_AC: 227.2 V] [Voltaje_Bateria: 3.799927 V]
[01:58:17]  [Estado Bateria] [OK] [Voltaje_AC: 227.2 V] [Voltaje_Bateria: 3.804668 V]
[01:58:32]  [Estado Bateria] [Medio] [Voltaje_AC: 227.1 V] [Voltaje_Bateria: 3.798134 V]
[01:58:38]  [Estado Bateria] [OK] [Voltaje_AC: 227.5 V] [Voltaje_Bateria: 3.800091 V]
[01:58:43]  [Estado Bateria] [Medio] [Voltaje_AC: 227.3 V] [Voltaje_Bateria: 3.795155 V]
[01:58:48]  [Estado Bateria] [OK] [Voltaje_AC: 227.4 V] [Voltaje_Bateria: 3.803421 V]
[01:59:03]  [Estado Bateria] [Medio] [Voltaje_AC: 227.4 V] [Voltaje_Bateria: 3.799408 V]
[01:59:05]  [Estado Bateria] [OK] [Voltaje_AC: 227.5 V] [Voltaje_Bateria: 3.804879 V]
[01:59:07]  [Estado Bateria] [Medio] [Voltaje_AC: 227.2 V] [Voltaje_Bateria: 3.79964 V]
[01:59:13]  [Estado Bateria] [OK] [Voltaje_AC: 227.6 V] [Voltaje_Bateria: 3.802091 V]
[01:59:36]  [Estado Bateria] [Medio] [Voltaje_AC: 227.7 V] [Voltaje_Bateria: 3.798856 V]
[01:59:39]  [Estado Bateria] [OK] [Voltaje_AC: 227.6 V] [Voltaje_Bateria: 3.801732 V]
[01:59:44]  [Estado Bateria] [Medio] [Voltaje_AC: 227.8 V] [Voltaje_Bateria: 3.7977 V]
[01:59:46]  [Estado Bateria] [OK] [Voltaje_AC: 227.6 V] [Voltaje_Bateria: 3.803521 V]
[01:59:52]  [Estado Bateria] [Medio] [Voltaje_AC: 227.7 V] [Voltaje_Bateria: 3.795391 V]
[02:00:05]  [Estado Bateria] [OK] [Voltaje_AC: 227.7 V] [Voltaje_Bateria: 3.800123 V]
[02:00:09]  [Estado Bateria] [Medio] [Voltaje_AC: 228.0 V] [Voltaje_Bateria: 3.798579 V]
[02:00:19]  [Estado Bateria] [OK] [Voltaje_AC: 227.5 V] [Voltaje_Bateria: 3.800746 V]
[02:00:21]  [Estado Bateria] [Medio] [Voltaje_AC: 227.8 V] [Voltaje_Bateria: 3.798258 V]
[02:00:23]  [Estado Bateria] [OK] [Voltaje_AC: 227.5 V] [Voltaje_Bateria: 3.800529 V]
[02:00:26]  [Estado Bateria] [Medio] [Voltaje_AC: 227.9 V] [Voltaje_Bateria: 3.785876 V]
[02:00:39]  [Estado Bateria] [OK] [Voltaje_AC: 228.0 V] [Voltaje_Bateria: 3.802474 V]
[02:00:42]  [Estado Bateria] [Medio] [Voltaje_AC: 227.9 V] [Voltaje_Bateria: 3.793577 V]
[02:01:06]  [Estado Bateria] [OK] [Voltaje_AC: 227.7 V] [Voltaje_Bateria: 3.801331 V]
[02:01:08]  [Estado Bateria] [Medio] [Voltaje_AC: 228.0 V] [Voltaje_Bateria: 3.797287 V]
[02:02:48]  [Estado Bateria] [OK] [Voltaje_AC: 227.7 V] [Voltaje_Bateria: 3.804259 V]
[02:02:51]  [Estado Bateria] [Medio] [Voltaje_AC: 228.0 V] [Voltaje_Bateria: 3.788571 V]
[02:04:43]  [SigFox Send] [Payload HEX] 9A99634388AC7240000001 
[02:04:45]  [SigFox] [Envio de metrica] [Voltaje_AC: 227.5 V] [Voltaje_Bateria: 3.78906 V]
[02:19:45]  [SigFox Send] [Payload HEX] 9A196443FE157140000001 
[02:19:48]  [SigFox] [Envio de metrica] [Voltaje_AC: 228.0 V] [Voltaje_Bateria: 3.735258 V]
[02:34:48]  [SigFox Send] [Payload HEX] CDCC6343E6286F40000001 
[02:34:51]  [SigFox] [Envio de metrica] [Voltaje_AC: 227.6 V] [Voltaje_Bateria: 3.730675 V]
[02:49:51]  [SigFox Send] [Payload HEX] 9A996443AA196D40000001 
[02:49:54]  [SigFox] [Envio de metrica] [Voltaje_AC: 228.9 V] [Voltaje_Bateria: 3.69641 V]
[03:04:53]  [SigFox Send] [Payload HEX] 9A19654376EC6A40000001 
[03:04:56]  [SigFox] [Envio de metrica] [Voltaje_AC: 229.3 V] [Voltaje_Bateria: 3.675273 V]
[03:19:55]  [SigFox Send] [Payload HEX] 33336543C2BF6940000001 
[03:19:58]  [SigFox] [Envio de metrica] [Voltaje_AC: 229.4 V] [Voltaje_Bateria: 3.645962 V]
[03:34:58]  [SigFox Send] [Payload HEX] 33336643EFC36840000001 
[03:35:01]  [SigFox] [Envio de metrica] [Voltaje_AC: 230.1 V] [Voltaje_Bateria: 3.631516 V]
[03:50:00]  [SigFox Send] [Payload HEX] 00006643ED756740000001 
[03:50:03]  [SigFox] [Envio de metrica] [Voltaje_AC: 230.2 V] [Voltaje_Bateria: 3.611093 V]
[04:05:03]  [SigFox Send] [Payload HEX] 333366430D776640000001 
[04:05:06]  [SigFox] [Envio de metrica] [Voltaje_AC: 230.1 V] [Voltaje_Bateria: 3.598362 V]
[04:20:06]  [SigFox Send] [Payload HEX] 333366436CD06540000001 
[04:20:09]  [SigFox] [Envio de metrica] [Voltaje_AC: 230.6 V] [Voltaje_Bateria: 3.589843 V]
[04:35:08]  [SigFox Send] [Payload HEX] 9A996643D1376540000001 
[04:35:11]  [SigFox] [Envio de metrica] [Voltaje_AC: 230.5 V] [Voltaje_Bateria: 3.573124 V]
[04:50:10]  [SigFox Send] [Payload HEX] 66666643A0006440000001 
[04:50:13]  [SigFox] [Envio de metrica] [Voltaje_AC: 230.2 V] [Voltaje_Bateria: 3.566319 V]
[05:05:12]  [SigFox Send] [Payload HEX] CDCC65434B696340000001 
[05:05:15]  [SigFox] [Envio de metrica] [Voltaje_AC: 230.0 V] [Voltaje_Bateria: 3.562136 V]
[05:20:14]  [SigFox Send] [Payload HEX] 00806643B0CB6240000001 
[05:20:17]  [SigFox] [Envio de metrica] [Voltaje_AC: 230.2 V] [Voltaje_Bateria: 3.531996 V]
[05:35:16]  [SigFox Send] [Payload HEX] CDCC654343DF6140000001 
[05:35:19]  [SigFox] [Envio de metrica] [Voltaje_AC: 230.2 V] [Voltaje_Bateria: 3.516382 V]
[05:50:19]  [SigFox Send] [Payload HEX] CDCC6543CBA96040000001 
[05:50:22]  [SigFox] [Envio de metrica] [Voltaje_AC: 229.8 V] [Voltaje_Bateria: 3.499221 V]
[05:50:22]  [Estado Bateria] [Bajo] [Voltaje_AC: 229.8 V] [Voltaje_Bateria: 3.499221 V]
[05:50:27]  [Estado Bateria] [Medio] [Voltaje_AC: 230.0 V] [Voltaje_Bateria: 3.504763 V]
[05:51:10]  [Estado Bateria] [Bajo] [Voltaje_AC: 230.0 V] [Voltaje_Bateria: 3.49767 V]
[05:51:15]  [Estado Bateria] [Medio] [Voltaje_AC: 230.0 V] [Voltaje_Bateria: 3.501612 V]
[05:51:41]  [Estado Bateria] [Bajo] [Voltaje_AC: 230.3 V] [Voltaje_Bateria: 3.499138 V]
[05:51:44]  [Estado Bateria] [Medio] [Voltaje_AC: 230.6 V] [Voltaje_Bateria: 3.506472 V]
[05:52:02]  [Estado Bateria] [Bajo] [Voltaje_AC: 230.4 V] [Voltaje_Bateria: 3.498867 V]
[05:52:04]  [Estado Bateria] [Medio] [Voltaje_AC: 230.3 V] [Voltaje_Bateria: 3.501641 V]
[05:52:40]  [Estado Bateria] [Bajo] [Voltaje_AC: 230.0 V] [Voltaje_Bateria: 3.496324 V]
[05:52:45]  [Estado Bateria] [Medio] [Voltaje_AC: 230.3 V] [Voltaje_Bateria: 3.506956 V]
[05:52:51]  [Estado Bateria] [Bajo] [Voltaje_AC: 229.8 V] [Voltaje_Bateria: 3.497166 V]
[05:52:54]  [Estado Bateria] [Medio] [Voltaje_AC: 230.3 V] [Voltaje_Bateria: 3.503854 V]
[05:53:04]  [Estado Bateria] [Bajo] [Voltaje_AC: 230.7 V] [Voltaje_Bateria: 3.495555 V]
[05:53:08]  [Estado Bateria] [Medio] [Voltaje_AC: 230.4 V] [Voltaje_Bateria: 3.502995 V]
[05:53:17]  [Estado Bateria] [Bajo] [Voltaje_AC: 230.1 V] [Voltaje_Bateria: 3.498156 V]
[05:53:22]  [Estado Bateria] [Medio] [Voltaje_AC: 230.2 V] [Voltaje_Bateria: 3.504027 V]
[05:53:27]  [Estado Bateria] [Bajo] [Voltaje_AC: 230.2 V] [Voltaje_Bateria: 3.498849 V]
[05:53:29]  [Estado Bateria] [Medio] [Voltaje_AC: 230.5 V] [Voltaje_Bateria: 3.50101 V]
[05:53:32]  [Estado Bateria] [Bajo] [Voltaje_AC: 229.9 V] [Voltaje_Bateria: 3.499425 V]
[05:53:34]  [Estado Bateria] [Medio] [Voltaje_AC: 230.3 V] [Voltaje_Bateria: 3.502094 V]
[05:53:37]  [Estado Bateria] [Bajo] [Voltaje_AC: 230.3 V] [Voltaje_Bateria: 3.498192 V]
[05:53:39]  [Estado Bateria] [Medio] [Voltaje_AC: 230.2 V] [Voltaje_Bateria: 3.502935 V]
[05:53:50]  [Estado Bateria] [Bajo] [Voltaje_AC: 229.9 V] [Voltaje_Bateria: 3.498604 V]
[05:53:52]  [Estado Bateria] [Medio] [Voltaje_AC: 230.3 V] [Voltaje_Bateria: 3.506696 V]
[05:53:57]  [Estado Bateria] [Bajo] [Voltaje_AC: 230.2 V] [Voltaje_Bateria: 3.498242 V]
[05:53:59]  [Estado Bateria] [Medio] [Voltaje_AC: 230.0 V] [Voltaje_Bateria: 3.501177 V]
[05:54:04]  [Estado Bateria] [Bajo] [Voltaje_AC: 230.0 V] [Voltaje_Bateria: 3.498533 V]
[05:54:16]  [Estado Bateria] [Medio] [Voltaje_AC: 230.4 V] [Voltaje_Bateria: 3.502983 V]
[05:54:25]  [Estado Bateria] [Bajo] [Voltaje_AC: 230.3 V] [Voltaje_Bateria: 3.499551 V]
[05:54:28]  [Estado Bateria] [Medio] [Voltaje_AC: 230.1 V] [Voltaje_Bateria: 3.502542 V]
[05:54:32]  [Estado Bateria] [Bajo] [Voltaje_AC: 230.5 V] [Voltaje_Bateria: 3.497663 V]
[05:54:35]  [Estado Bateria] [Medio] [Voltaje_AC: 230.5 V] [Voltaje_Bateria: 3.50076 V]
[05:54:39]  [Estado Bateria] [Bajo] [Voltaje_AC: 230.1 V] [Voltaje_Bateria: 3.499671 V]
[05:54:40]  [Estado Bateria] [Medio] [Voltaje_AC: 230.3 V] [Voltaje_Bateria: 3.503885 V]
[05:54:43]  [Estado Bateria] [Bajo] [Voltaje_AC: 230.3 V] [Voltaje_Bateria: 3.496562 V]
[05:54:47]  [Estado Bateria] [Medio] [Voltaje_AC: 230.3 V] [Voltaje_Bateria: 3.500253 V]
[05:54:55]  [Estado Bateria] [Bajo] [Voltaje_AC: 230.4 V] [Voltaje_Bateria: 3.498917 V]
[05:55:06]  [Estado Bateria] [Medio] [Voltaje_AC: 230.1 V] [Voltaje_Bateria: 3.500194 V]
[05:55:08]  [Estado Bateria] [Bajo] [Voltaje_AC: 230.7 V] [Voltaje_Bateria: 3.494349 V]
[05:55:11]  [Estado Bateria] [Medio] [Voltaje_AC: 230.2 V] [Voltaje_Bateria: 3.503524 V]
[05:55:13]  [Estado Bateria] [Bajo] [Voltaje_AC: 230.5 V] [Voltaje_Bateria: 3.499204 V]
[05:56:23]  [Estado Bateria] [Medio] [Voltaje_AC: 230.0 V] [Voltaje_Bateria: 3.502009 V]
[05:56:26]  [Estado Bateria] [Bajo] [Voltaje_AC: 230.2 V] [Voltaje_Bateria: 3.499107 V]
[05:56:39]  [Estado Bateria] [Medio] [Voltaje_AC: 230.3 V] [Voltaje_Bateria: 3.502963 V]
[05:56:42]  [Estado Bateria] [Bajo] [Voltaje_AC: 230.0 V] [Voltaje_Bateria: 3.493437 V]
[05:56:56]  [Estado Bateria] [Medio] [Voltaje_AC: 230.5 V] [Voltaje_Bateria: 3.505118 V]
[05:57:00]  [Estado Bateria] [Bajo] [Voltaje_AC: 230.3 V] [Voltaje_Bateria: 3.494298 V]
[06:05:22]  [SigFox Send] [Payload HEX] 008066435EE45E40000002 
[06:05:25]  [SigFox] [Envio de metrica] [Voltaje_AC: 230.6 V] [Voltaje_Bateria: 3.480749 V]
[06:20:24]  [SigFox Send] [Payload HEX] 66E665430BFD5C40000002 
[06:20:27]  [SigFox] [Envio de metrica] [Voltaje_AC: 229.9 V] [Voltaje_Bateria: 3.433393 V]
[06:35:27]  [SigFox Send] [Payload HEX] 33336443547A5A40000002 
[06:35:30]  [SigFox] [Envio de metrica] [Voltaje_AC: 228.2 V] [Voltaje_Bateria: 3.414106 V]
[06:50:29]  [SigFox Send] [Payload HEX] 9A99644373B95240000002 
[06:50:32]  [SigFox] [Envio de metrica] [Voltaje_AC: 228.6 V] [Voltaje_Bateria: 3.285767 V]
[06:59:50]  [Estado Sistema] [OK] [Voltaje_AC: 227.8 V] [Voltaje_Bateria: 2.862936 V]
[06:59:50]  [Estado Volt AC] [OK] [Voltaje_AC: 227.8 V] [Voltaje_Bateria: 2.862936 V]
[06:59:50]  [Estado Bateria] [Bajo] [Voltaje_AC: 227.8 V] [Voltaje_Bateria: 2.862936 V]
[07:00:42]  [Estado Sistema] [OK] [Voltaje_AC: 228.2 V] [Voltaje_Bateria: 2.837129 V]
[07:00:42]  [Estado Volt AC] [OK] [Voltaje_AC: 228.2 V] [Voltaje_Bateria: 2.837129 V]
[07:00:42]  [Estado Bateria] [Bajo] [Voltaje_AC: 228.2 V] [Voltaje_Bateria: 2.837129 V]
[07:01:31]  [Estado Sistema] [OK] [Voltaje_AC: 227.8 V] [Voltaje_Bateria: 2.854184 V]
[07:01:31]  [Estado Volt AC] [OK] [Voltaje_AC: 227.8 V] [Voltaje_Bateria: 2.854184 V]
[07:01:32]  [Estado Bateria] [Bajo] [Voltaje_AC: 228.1 V] [Voltaje_Bateria: 2.827962 V]
[07:02:19]  [Estado Sistema] [OK] [Voltaje_AC: 229.0 V] [Voltaje_Bateria: 2.84528 V]
[07:02:19]  [Estado Volt AC] [OK] [Voltaje_AC: 229.0 V] [Voltaje_Bateria: 2.84528 V]
[07:02:20]  [Estado Bateria] [Bajo] [Voltaje_AC: 229.0 V] [Voltaje_Bateria: 2.813465 V]
[07:03:10]  [Estado Sistema] [OK] [Voltaje_AC: 227.5 V] [Voltaje_Bateria: 2.804724 V]
[07:03:10]  [Estado Volt AC] [OK] [Voltaje_AC: 227.5 V] [Voltaje_Bateria: 2.804724 V]
[07:03:11]  [Estado Bateria] [Bajo] [Voltaje_AC: 227.8 V] [Voltaje_Bateria: 2.804724 V]
[07:04:05]  [Estado Sistema] [OK] [Voltaje_AC: 228.1 V] [Voltaje_Bateria: 2.802941 V]
[07:04:05]  [Estado Volt AC] [OK] [Voltaje_AC: 228.1 V] [Voltaje_Bateria: 2.802941 V]
[07:04:05]  [Estado Bateria] [Bajo] [Voltaje_AC: 227.9 V] [Voltaje_Bateria: 2.802941 V]
[07:06:05]  [Estado Sistema] [OK] [Voltaje_AC: 227.2 V] [Voltaje_Bateria: 2.82751 V]
[07:06:05]  [Estado Volt AC] [OK] [Voltaje_AC: 227.4 V] [Voltaje_Bateria: 2.812517 V]
[07:06:05]  [Estado Bateria] [Bajo] [Voltaje_AC: 227.4 V] [Voltaje_Bateria: 2.812517 V]
[07:07:19]  [Estado Sistema] [OK] [Voltaje_AC: 228.4 V] [Voltaje_Bateria: 2.811614 V]
[07:07:19]  [Estado Volt AC] [OK] [Voltaje_AC: 228.4 V] [Voltaje_Bateria: 2.811614 V]
[07:07:19]  [Estado Bateria] [Bajo] [Voltaje_AC: 228.4 V] [Voltaje_Bateria: 2.811614 V]
[07:08:45]  [Estado Sistema] [OK] [Voltaje_AC: 227.4 V] [Voltaje_Bateria: 2.809628 V]
[07:08:45]  [Estado Volt AC] [OK] [Voltaje_AC: 227.8 V] [Voltaje_Bateria: 2.809628 V]
[07:08:45]  [Estado Bateria] [Bajo] [Voltaje_AC: 227.8 V] [Voltaje_Bateria: 2.809628 V]
[07:10:27]  [Estado Sistema] [OK] [Voltaje_AC: 228.1 V] [Voltaje_Bateria: 2.843581 V]
[07:10:27]  [Estado Volt AC] [OK] [Voltaje_AC: 228.1 V] [Voltaje_Bateria: 2.843581 V]
[07:10:27]  [Estado Bateria] [Bajo] [Voltaje_AC: 228.1 V] [Voltaje_Bateria: 2.843581 V]
[07:12:35]  [Estado Sistema] [OK] [Voltaje_AC: 228.5 V] [Voltaje_Bateria: 2.815785 V]
[07:12:35]  [Estado Volt AC] [OK] [Voltaje_AC: 228.5 V] [Voltaje_Bateria: 2.815785 V]
[07:12:35]  [Estado Bateria] [Bajo] [Voltaje_AC: 228.5 V] [Voltaje_Bateria: 2.815785 V]
[07:15:17]  [Estado Sistema] [OK] [Voltaje_AC: 227.9 V] [Voltaje_Bateria: 2.848892 V]
[07:15:17]  [Estado Volt AC] [OK] [Voltaje_AC: 227.9 V] [Voltaje_Bateria: 2.848892 V]
[07:15:17]  [Estado Bateria] [Bajo] [Voltaje_AC: 227.9 V] [Voltaje_Bateria: 2.848892 V]
[07:18:56]  [Estado Sistema] [OK] [Voltaje_AC: 228.5 V] [Voltaje_Bateria: 2.831482 V]
[07:18:56]  [Estado Volt AC] [OK] [Voltaje_AC: 228.5 V] [Voltaje_Bateria: 2.831482 V]
[07:18:56]  [Estado Bateria] [Bajo] [Voltaje_AC: 228.5 V] [Voltaje_Bateria: 2.831482 V]
[07:24:08]  [Estado Sistema] [OK] [Voltaje_AC: 227.3 V] [Voltaje_Bateria: 2.83273 V]
[07:24:08]  [Estado Volt AC] [OK] [Voltaje_AC: 227.3 V] [Voltaje_Bateria: 2.83273 V]
[07:24:08]  [Estado Bateria] [Bajo] [Voltaje_AC: 227.3 V] [Voltaje_Bateria: 2.83273 V]
[07:31:41]  [Estado Sistema] [OK] [Voltaje_AC: 228.6 V] [Voltaje_Bateria: 2.842262 V]
[07:31:41]  [Estado Volt AC] [OK] [Voltaje_AC: 228.6 V] [Voltaje_Bateria: 2.842262 V]
[07:31:41]  [Estado Bateria] [Bajo] [Voltaje_AC: 228.6 V] [Voltaje_Bateria: 2.842262 V]
[07:43:18]  [Estado Sistema] [OK] [Voltaje_AC: 227.4 V] [Voltaje_Bateria: 2.832091 V]
[07:43:19]  [Estado Volt AC] [OK] [Voltaje_AC: 227.4 V] [Voltaje_Bateria: 2.832091 V]
[07:43:19]  [Estado Bateria] [Bajo] [Voltaje_AC: 227.4 V] [Voltaje_Bateria: 2.832091 V]
[08:00:11]  [Estado Sistema] [OK] [Voltaje_AC: 227.8 V] [Voltaje_Bateria: 2.818695 V]
[08:00:11]  [Estado Volt AC] [OK] [Voltaje_AC: 227.7 V] [Voltaje_Bateria: 2.818695 V]
[08:00:11]  [Estado Bateria] [Bajo] [Voltaje_AC: 227.7 V] [Voltaje_Bateria: 2.818695 V]
[08:22:43]  [Estado Sistema] [OK] [Voltaje_AC: 228.7 V] [Voltaje_Bateria: 2.813157 V]
[08:22:43]  [Estado Volt AC] [OK] [Voltaje_AC: 228.7 V] [Voltaje_Bateria: 2.813157 V]
[08:22:44]  [Estado Bateria] [Bajo] [Voltaje_AC: 229.2 V] [Voltaje_Bateria: 2.813157 V]
[08:49:16]  [Estado Sistema] [OK] [Voltaje_AC: 227.9 V] [Voltaje_Bateria: 2.828514 V]
[08:49:16]  [Estado Volt AC] [OK] [Voltaje_AC: 227.9 V] [Voltaje_Bateria: 2.828514 V]
[08:49:16]  [Estado Bateria] [Bajo] [Voltaje_AC: 227.9 V] [Voltaje_Bateria: 2.828514 V]
[09:22:49]  [Estado Sistema] [OK] [Voltaje_AC: 230.3 V] [Voltaje_Bateria: 2.838493 V]
[09:22:49]  [Estado Volt AC] [OK] [Voltaje_AC: 230.3 V] [Voltaje_Bateria: 2.838493 V]
[09:22:49]  [Estado Bateria] [Bajo] [Voltaje_AC: 230.3 V] [Voltaje_Bateria: 2.838493 V]
[10:03:26]  [Estado Sistema] [OK] [Voltaje_AC: 227.9 V] [Voltaje_Bateria: 2.863578 V]
[10:03:26]  [Estado Volt AC] [OK] [Voltaje_AC: 227.9 V] [Voltaje_Bateria: 2.863578 V]
[10:03:26]  [Estado Bateria] [Bajo] [Voltaje_AC: 227.9 V] [Voltaje_Bateria: 2.863578 V]
[10:52:49]  [Estado Sistema] [OK] [Voltaje_AC: 226.5 V] [Voltaje_Bateria: 2.865031 V]
[10:52:49]  [Estado Volt AC] [OK] [Voltaje_AC: 226.5 V] [Voltaje_Bateria: 2.865031 V]
[10:52:50]  [Estado Bateria] [Bajo] [Voltaje_AC: 226.4 V] [Voltaje_Bateria: 2.865031 V]
[11:56:31]  [Estado Sistema] [OK] [Voltaje_AC: 223.5 V] [Voltaje_Bateria: 2.886591 V]
[11:56:32]  [Estado Volt AC] [OK] [Voltaje_AC: 223.5 V] [Voltaje_Bateria: 2.886591 V]
[11:56:32]  [Estado Bateria] [Bajo] [Voltaje_AC: 223.5 V] [Voltaje_Bateria: 2.886591 V]
[13:15:21]  [Estado Sistema] [OK] [Voltaje_AC: 223.9 V] [Voltaje_Bateria: 2.8978 V]
[13:15:21]  [Estado Volt AC] [OK] [Voltaje_AC: 223.9 V] [Voltaje_Bateria: 2.8978 V]
[13:15:21]  [Estado Bateria] [Bajo] [Voltaje_AC: 223.9 V] [Voltaje_Bateria: 2.8978 V]
[14:52:00]  [Estado Sistema] [OK] [Voltaje_AC: 221.8 V] [Voltaje_Bateria: 2.902215 V]
[14:52:00]  [Estado Volt AC] [OK] [Voltaje_AC: 221.8 V] [Voltaje_Bateria: 2.902215 V]
[14:52:01]  [Estado Bateria] [Bajo] [Voltaje_AC: 221.6 V] [Voltaje_Bateria: 2.902215 V]
[16:50:45]  [Estado Sistema] [OK] [Voltaje_AC: 225.5 V] [Voltaje_Bateria: 2.903501 V]
[16:50:46]  [Estado Volt AC] [OK] [Voltaje_AC: 225.5 V] [Voltaje_Bateria: 2.903501 V]
[16:50:46]  [Estado Bateria] [Bajo] [Voltaje_AC: 225.5 V] [Voltaje_Bateria: 2.903501 V]
[19:13:56]  [Estado Sistema] [OK] [Voltaje_AC: 223.2 V] [Voltaje_Bateria: 2.901836 V]
[19:13:56]  [Estado Volt AC] [OK] [Voltaje_AC: 223.2 V] [Voltaje_Bateria: 2.901836 V]
[19:13:56]  [Estado Bateria] [Bajo] [Voltaje_AC: 223.2 V] [Voltaje_Bateria: 2.901836 V]
