[00:05:01]  [SigFox Send] [Payload HEX] 66E6624336EA8240000000 
[00:05:04]  [SigFox] [Envio de metrica] [Voltaje_AC: 226.9 V] [Voltaje_Bateria: 4.08909 V]
[00:20:04]  [SigFox Send] [Payload HEX] 33B3624373F38240000000 
[00:20:07]  [SigFox] [Envio de metrica] [Voltaje_AC: 227.1 V] [Voltaje_Bateria: 4.099081 V]
[00:35:07]  [SigFox Send] [Payload HEX] CDCC634350E08240000000 
[00:35:10]  [SigFox] [Envio de metrica] [Voltaje_AC: 228.1 V] [Voltaje_Bateria: 4.075085 V]
[00:50:10]  [SigFox Send] [Payload HEX] 33336443FAC38240000000 
[00:50:13]  [SigFox] [Envio de metrica] [Voltaje_AC: 228.9 V] [Voltaje_Bateria: 4.093068 V]
[01:05:13]  [SigFox Send] [Payload HEX] 00006043B0D68240000000 
[01:05:16]  [SigFox] [Envio de metrica] [Voltaje_AC: 223.8 V] [Voltaje_Bateria: 4.079937 V]
[01:20:15]  [SigFox Send] [Payload HEX] 000062436AFB8240000000 
[01:20:18]  [SigFox] [Envio de metrica] [Voltaje_AC: 226.0 V] [Voltaje_Bateria: 4.083892 V]
[01:35:19]  [SigFox Send] [Payload HEX] 9A996243C9F78240000000 
[01:35:21]  [SigFox] [Envio de metrica] [Voltaje_AC: 226.3 V] [Voltaje_Bateria: 4.092029 V]
[01:50:21]  [SigFox Send] [Payload HEX] 6666634386088340000000 
[01:50:24]  [SigFox] [Envio de metrica] [Voltaje_AC: 227.2 V] [Voltaje_Bateria: 4.091366 V]
[01:59:21]  [Estado Sistema] [Pendiente] [Voltaje_AC: 0.0 V] [Voltaje_Bateria: 4.071867 V]
[01:59:22]  [Estado Volt AC] [Corte de Suministro] [Voltaje_AC: 0.0 V] [Voltaje_Bateria: 4.071867 V]
[02:00:09]  [SigFox] [Envio de metrica ALARMA] [Voltaje_AC: 0.0 V] [Voltaje_Bateria: 4.051037 V]
[02:00:09]  [Estado Sistema] [ALERTA] [Voltaje_AC: 0.0 V] [Voltaje_Bateria: 4.051037 V]
[02:00:09]  [SigFox Send] [Payload HEX] 0000000018A28140020200 
[02:04:23]  [Estado Sistema] [OK] [Voltaje_AC: 227.6 V] [Voltaje_Bateria: 4.085575 V]
[02:04:23]  [SigFox] [Envio de metrica OK] [Voltaje_AC: 227.6 V] [Voltaje_Bateria: 4.085575 V]
[02:04:23]  [Estado Volt AC] [OK] [Voltaje_AC: 227.6 V] [Voltaje_Bateria: 4.085575 V]
[02:04:23]  [SigFox Send] [Payload HEX] 9A99634307BD8240000000 
[02:19:26]  [SigFox Send] [Payload HEX] CD4C6343E20E8340000000 
[02:19:28]  [SigFox] [Envio de metrica] [Voltaje_AC: 227.7 V] [Voltaje_Bateria: 4.089366 V]
[02:34:29]  [SigFox Send] [Payload HEX] CDCC63435A148340000000 
[02:34:31]  [SigFox] [Envio de metrica] [Voltaje_AC: 228.0 V] [Voltaje_Bateria: 4.089882 V]
[02:49:30]  [SigFox Send] [Payload HEX] 3333644326698340000000 
[02:49:33]  [SigFox] [Envio de metrica] [Voltaje_AC: 228.3 V] [Voltaje_Bateria: 4.093998 V]
[03:04:32]  [SigFox Send] [Payload HEX] CD4C6443E2F58240000000 
[03:04:35]  [SigFox] [Envio de metrica] [Voltaje_AC: 228.4 V] [Voltaje_Bateria: 4.091054 V]
[03:19:34]  [SigFox Send] [Payload HEX] CD4C6543C8F88240000000 
[03:19:37]  [SigFox] [Envio de metrica] [Voltaje_AC: 229.6 V] [Voltaje_Bateria: 4.093747 V]
[03:34:38]  [SigFox Send] [Payload HEX] 33B36543FB188340000000 
[03:34:40]  [SigFox] [Envio de metrica] [Voltaje_AC: 229.6 V] [Voltaje_Bateria: 4.083111 V]
[03:49:40]  [SigFox Send] [Payload HEX] 33336543DA088340000000 
[03:49:43]  [SigFox] [Envio de metrica] [Voltaje_AC: 229.3 V] [Voltaje_Bateria: 4.095692 V]
[04:04:43]  [SigFox Send] [Payload HEX] 9A9965431C208340000000 
[04:04:45]  [SigFox] [Envio de metrica] [Voltaje_AC: 229.8 V] [Voltaje_Bateria: 4.096191 V]
[04:19:45]  [SigFox Send] [Payload HEX] 9A1966439A0A8340000000 
[04:19:48]  [SigFox] [Envio de metrica] [Voltaje_AC: 229.8 V] [Voltaje_Bateria: 4.090819 V]
[04:34:47]  [SigFox Send] [Payload HEX] 33B3654392158340000000 
[04:34:50]  [SigFox] [Envio de metrica] [Voltaje_AC: 230.2 V] [Voltaje_Bateria: 4.090258 V]
[04:49:50]  [SigFox Send] [Payload HEX] 000066434AF78240000000 
[04:49:53]  [SigFox] [Envio de metrica] [Voltaje_AC: 229.8 V] [Voltaje_Bateria: 4.091187 V]
[05:04:52]  [SigFox Send] [Payload HEX] 33336643CCDF8240000000 
[05:04:55]  [SigFox] [Envio de metrica] [Voltaje_AC: 230.3 V] [Voltaje_Bateria: 4.093573 V]
[05:19:55]  [SigFox Send] [Payload HEX] 3333664325D78240000000 
[05:19:59]  [SigFox] [Envio de metrica] [Voltaje_AC: 230.2 V] [Voltaje_Bateria: 4.086453 V]
[05:34:59]  [SigFox Send] [Payload HEX] CDCC66432EF88240000000 
[05:35:01]  [SigFox] [Envio de metrica] [Voltaje_AC: 231.0 V] [Voltaje_Bateria: 4.096404 V]
[05:50:02]  [SigFox Send] [Payload HEX] 9A996643CAFB8240000000 
[05:50:04]  [SigFox] [Envio de metrica] [Voltaje_AC: 230.5 V] [Voltaje_Bateria: 4.090064 V]
[06:05:04]  [SigFox Send] [Payload HEX] 9A1967439DCF8240000000 
[06:05:07]  [SigFox] [Envio de metrica] [Voltaje_AC: 231.1 V] [Voltaje_Bateria: 4.095459 V]
[06:20:07]  [SigFox Send] [Payload HEX] 008063435BE08240000000 
[06:20:09]  [SigFox] [Envio de metrica] [Voltaje_AC: 227.5 V] [Voltaje_Bateria: 4.097369 V]
[06:35:10]  [SigFox Send] [Payload HEX] CD4C6343D2BD8240000000 
[06:35:12]  [SigFox] [Envio de metrica] [Voltaje_AC: 227.2 V] [Voltaje_Bateria: 4.077127 V]
[06:50:11]  [SigFox Send] [Payload HEX] 008063437CE88240000000 
[06:50:14]  [SigFox] [Envio de metrica] [Voltaje_AC: 227.5 V] [Voltaje_Bateria: 4.091268 V]
[07:05:14]  [SigFox Send] [Payload HEX] 3333634378D38240000000 
[07:05:17]  [SigFox] [Envio de metrica] [Voltaje_AC: 227.3 V] [Voltaje_Bateria: 4.091619 V]
[07:20:18]  [SigFox Send] [Payload HEX] 0000644363DE8240000000 
[07:20:20]  [SigFox] [Envio de metrica] [Voltaje_AC: 228.0 V] [Voltaje_Bateria: 4.09055 V]
[07:35:19]  [SigFox Send] [Payload HEX] 333364431CD58240000000 
[07:35:22]  [SigFox] [Envio de metrica] [Voltaje_AC: 228.5 V] [Voltaje_Bateria: 4.081536 V]
[07:50:22]  [SigFox Send] [Payload HEX] CD4C6543E5F28240000000 
[07:50:24]  [SigFox] [Envio de metrica] [Voltaje_AC: 229.2 V] [Voltaje_Bateria: 4.09438 V]
[08:05:24]  [SigFox Send] [Payload HEX] 9A19644394F98240000000 
[08:05:27]  [SigFox] [Envio de metrica] [Voltaje_AC: 227.7 V] [Voltaje_Bateria: 4.09529 V]
[08:20:27]  [SigFox Send] [Payload HEX] CDCC6343FAF58240000000 
[08:20:29]  [SigFox] [Envio de metrica] [Voltaje_AC: 228.1 V] [Voltaje_Bateria: 4.092266 V]
[08:35:28]  [SigFox Send] [Payload HEX] 00806243D1EB8240000000 
[08:35:31]  [SigFox] [Envio de metrica] [Voltaje_AC: 226.6 V] [Voltaje_Bateria: 4.092505 V]
[08:50:32]  [SigFox Send] [Payload HEX] 66E6604388F28240000000 
[08:50:34]  [SigFox] [Envio de metrica] [Voltaje_AC: 224.7 V] [Voltaje_Bateria: 4.097451 V]
[08:59:20]  [Estado Volt AC] [Corte de Suministro] [Voltaje_AC: 0.0 V] [Voltaje_Bateria: 4.092458 V]
[08:59:20]  [Estado Sistema] [Pendiente] [Voltaje_AC: 0.0 V] [Voltaje_Bateria: 4.058918 V]
[09:00:08]  [SigFox] [Envio de metrica ALARMA] [Voltaje_AC: 0.0 V] [Voltaje_Bateria: 4.048697 V]
[09:00:08]  [Estado Sistema] [ALERTA] [Voltaje_AC: 0.0 V] [Voltaje_Bateria: 4.048697 V]
[09:00:08]  [SigFox Send] [Payload HEX] 00000000EE8E8140020200 
[09:04:21]  [Estado Sistema] [OK] [Voltaje_AC: 226.4 V] [Voltaje_Bateria: 4.082689 V]
[09:04:21]  [SigFox] [Envio de metrica OK] [Voltaje_AC: 226.4 V] [Voltaje_Bateria: 4.082689 V]
[09:04:21]  [Estado Volt AC] [OK] [Voltaje_AC: 226.4 V] [Voltaje_Bateria: 4.082689 V]
[09:04:21]  [SigFox Send] [Payload HEX] 6666624363A58240000000 
[09:19:23]  [SigFox Send] [Payload HEX] CDCC60436B028340000000 
[09:19:26]  [SigFox] [Envio de metrica] [Voltaje_AC: 224.7 V] [Voltaje_Bateria: 4.073556 V]
[09:34:26]  [SigFox Send] [Payload HEX] 33B36043F2F78240000000 
[09:34:29]  [SigFox] [Envio de metrica] [Voltaje_AC: 224.7 V] [Voltaje_Bateria: 4.091917 V]
[09:49:30]  [SigFox Send] [Payload HEX] 00005F4308028340000000 
[09:49:33]  [SigFox] [Envio de metrica] [Voltaje_AC: 222.7 V] [Voltaje_Bateria: 4.082429 V]
[10:04:33]  [SigFox Send] [Payload HEX] 9A196243200B8340000000 
[10:04:35]  [SigFox] [Envio de metrica] [Voltaje_AC: 226.0 V] [Voltaje_Bateria: 4.086046 V]
[10:19:36]  [SigFox Send] [Payload HEX] 33336143D2EB8240000000 
[10:19:38]  [SigFox] [Envio de metrica] [Voltaje_AC: 225.5 V] [Voltaje_Bateria: 4.090937 V]
[10:34:38]  [SigFox Send] [Payload HEX] 66E65F430D008340000000 
[10:34:40]  [SigFox] [Envio de metrica] [Voltaje_AC: 224.0 V] [Voltaje_Bateria: 4.093756 V]
[10:49:40]  [SigFox Send] [Payload HEX] 9A995F4392F58240000000 
[10:49:43]  [SigFox] [Envio de metrica] [Voltaje_AC: 223.8 V] [Voltaje_Bateria: 4.09504 V]
[10:59:19]  [Estado Sistema] [Pendiente] [Voltaje_AC: 0.0 V] [Voltaje_Bateria: 4.091857 V]
[10:59:19]  [Estado Volt AC] [Corte de Suministro] [Voltaje_AC: 0.0 V] [Voltaje_Bateria: 4.091857 V]
[11:00:04]  [SigFox] [Envio de metrica ALARMA] [Voltaje_AC: 0.0 V] [Voltaje_Bateria: 4.049962 V]
[11:00:05]  [Estado Sistema] [ALERTA] [Voltaje_AC: 0.0 V] [Voltaje_Bateria: 4.049962 V]
[11:00:04]  [SigFox Send] [Payload HEX] 0000000049998140020200 
[11:04:21]  [Estado Volt AC] [OK] [Voltaje_AC: 222.5 V] [Voltaje_Bateria: 4.086573 V]
[11:04:22]  [SigFox] [Envio de metrica OK] [Voltaje_AC: 222.5 V] [Voltaje_Bateria: 4.086573 V]
[11:04:22]  [Estado Sistema] [OK] [Voltaje_AC: 222.5 V] [Voltaje_Bateria: 4.087195 V]
[11:04:22]  [SigFox Send] [Payload HEX] 00805E4334C58240000000 
[11:19:24]  [SigFox Send] [Payload HEX] 9A99614324D78240000000 
[11:19:26]  [SigFox] [Envio de metrica] [Voltaje_AC: 225.7 V] [Voltaje_Bateria: 4.092528 V]
[11:34:26]  [SigFox Send] [Payload HEX] 333360432AFD8240000000 
[11:34:29]  [SigFox] [Envio de metrica] [Voltaje_AC: 223.8 V] [Voltaje_Bateria: 4.092885 V]
[11:49:30]  [SigFox Send] [Payload HEX] 66E660433E0E8340000000 
[11:49:32]  [SigFox] [Envio de metrica] [Voltaje_AC: 225.1 V] [Voltaje_Bateria: 4.097983 V]
[12:04:33]  [SigFox Send] [Payload HEX] 66E65D4324F18240000000 
[12:04:35]  [SigFox] [Envio de metrica] [Voltaje_AC: 222.0 V] [Voltaje_Bateria: 4.099968 V]
[12:19:34]  [SigFox Send] [Payload HEX] CDCC5F43ADF48240000000 
[12:19:37]  [SigFox] [Envio de metrica] [Voltaje_AC: 223.8 V] [Voltaje_Bateria: 4.091084 V]
[12:34:37]  [SigFox Send] [Payload HEX] 00805E43BCEB8240000000 
[12:34:39]  [SigFox] [Envio de metrica] [Voltaje_AC: 222.8 V] [Voltaje_Bateria: 4.102846 V]
[12:49:39]  [SigFox Send] [Payload HEX] 66E65D4312098340000000 
[12:49:41]  [SigFox] [Envio de metrica] [Voltaje_AC: 222.0 V] [Voltaje_Bateria: 4.095251 V]
[13:04:42]  [SigFox Send] [Payload HEX] 33336143810B8340000000 
[13:04:44]  [SigFox] [Envio de metrica] [Voltaje_AC: 225.1 V] [Voltaje_Bateria: 4.078403 V]
[13:19:45]  [SigFox Send] [Payload HEX] CDCC5F43A1F38240000000 
[13:19:47]  [SigFox] [Envio de metrica] [Voltaje_AC: 223.7 V] [Voltaje_Bateria: 4.081439 V]
[13:34:48]  [SigFox Send] [Payload HEX] 00806143C3F78240000000 
[13:34:51]  [SigFox] [Envio de metrica] [Voltaje_AC: 225.7 V] [Voltaje_Bateria: 4.07777 V]
[13:49:51]  [SigFox Send] [Payload HEX] 33B3614355F78240000000 
[13:49:53]  [SigFox] [Envio de metrica] [Voltaje_AC: 225.7 V] [Voltaje_Bateria: 4.091534 V]
[13:59:21]  [Estado Volt AC] [Corte de Suministro] [Voltaje_AC: 0.0 V] [Voltaje_Bateria: 4.089447 V]
[13:59:21]  [Estado Sistema] [Pendiente] [Voltaje_AC: 0.0 V] [Voltaje_Bateria: 4.060444 V]
[14:00:06]  [SigFox] [Envio de metrica ALARMA] [Voltaje_AC: 0.0 V] [Voltaje_Bateria: 4.054354 V]
[14:00:06]  [Estado Sistema] [ALERTA] [Voltaje_AC: 0.0 V] [Voltaje_Bateria: 4.054354 V]
[14:00:06]  [SigFox Send] [Payload HEX] 0000000045BD8140020200 
[14:04:21]  [Estado Volt AC] [OK] [Voltaje_AC: 224.3 V] [Voltaje_Bateria: 4.091417 V]
[14:04:22]  [SigFox] [Envio de metrica OK] [Voltaje_AC: 224.3 V] [Voltaje_Bateria: 4.091417 V]
[14:04:22]  [Estado Sistema] [OK] [Voltaje_AC: 224.3 V] [Voltaje_Bateria: 4.091417 V]
[14:04:22]  [SigFox Send] [Payload HEX] CD4C6043E4EC8240000000 
[14:19:24]  [SigFox Send] [Payload HEX] 00806043D8088340000000 
[14:19:26]  [SigFox] [Envio de metrica] [Voltaje_AC: 224.4 V] [Voltaje_Bateria: 4.09483 V]
[14:34:26]  [SigFox Send] [Payload HEX] 66E66043600D8340000000 
[14:34:28]  [SigFox] [Envio de metrica] [Voltaje_AC: 224.7 V] [Voltaje_Bateria: 4.077749 V]
[14:49:29]  [SigFox Send] [Payload HEX] CD4C6043E2FA8240000000 
[14:49:32]  [SigFox] [Envio de metrica] [Voltaje_AC: 224.8 V] [Voltaje_Bateria: 4.084668 V]
[15:04:32]  [SigFox Send] [Payload HEX] 66666143CCFA8240000000 
[15:04:34]  [SigFox] [Envio de metrica] [Voltaje_AC: 225.2 V] [Voltaje_Bateria: 4.093759 V]
[15:19:34]  [SigFox Send] [Payload HEX] 00806143B6FE8240000000 
[15:19:37]  [SigFox] [Envio de metrica] [Voltaje_AC: 225.5 V] [Voltaje_Bateria: 4.084709 V]
[15:34:36]  [SigFox Send] [Payload HEX] 66E65F4312FD8240000000 
[15:34:40]  [SigFox] [Envio de metrica] [Voltaje_AC: 223.8 V] [Voltaje_Bateria: 4.098401 V]
[15:49:40]  [SigFox Send] [Payload HEX] 0000614360F58240000000 
[15:49:43]  [SigFox] [Envio de metrica] [Voltaje_AC: 224.6 V] [Voltaje_Bateria: 4.089092 V]
[16:04:43]  [SigFox Send] [Payload HEX] CDCC604378F68240000000 
[16:04:45]  [SigFox] [Envio de metrica] [Voltaje_AC: 224.9 V] [Voltaje_Bateria: 4.090557 V]
[16:19:46]  [SigFox Send] [Payload HEX] 33B35F43FDEC8240000000 
[16:19:49]  [SigFox] [Envio de metrica] [Voltaje_AC: 223.8 V] [Voltaje_Bateria: 4.089609 V]
[16:34:49]  [SigFox Send] [Payload HEX] CD4C614375D28240000000 
[16:34:51]  [SigFox] [Envio de metrica] [Voltaje_AC: 227.2 V] [Voltaje_Bateria: 4.084638 V]
[16:49:52]  [SigFox Send] [Payload HEX] CDCC6143B6FF8240000000 
[16:49:55]  [SigFox] [Envio de metrica] [Voltaje_AC: 225.9 V] [Voltaje_Bateria: 4.08989 V]
[17:04:54]  [SigFox Send] [Payload HEX] 333363431AF18240000000 
[17:04:58]  [SigFox] [Envio de metrica] [Voltaje_AC: 227.2 V] [Voltaje_Bateria: 4.090881 V]
[17:19:58]  [SigFox Send] [Payload HEX] CD4C6343B61A8340000000 
[17:20:01]  [SigFox] [Envio de metrica] [Voltaje_AC: 227.4 V] [Voltaje_Bateria: 4.076427 V]
[17:35:00]  [SigFox Send] [Payload HEX] CD4C6143B3FB8240000000 
[17:35:02]  [SigFox] [Envio de metrica] [Voltaje_AC: 225.6 V] [Voltaje_Bateria: 4.09665 V]
[17:50:02]  [SigFox Send] [Payload HEX] 00006343E3F08240000000 
[17:50:05]  [SigFox] [Envio de metrica] [Voltaje_AC: 227.6 V] [Voltaje_Bateria: 4.086897 V]
[18:05:06]  [SigFox Send] [Payload HEX] 666661439A008340000000 
[18:05:08]  [SigFox] [Envio de metrica] [Voltaje_AC: 225.7 V] [Voltaje_Bateria: 4.093179 V]
[18:20:09]  [SigFox Send] [Payload HEX] 9A9964437FDF8240000000 
[18:20:11]  [SigFox] [Envio de metrica] [Voltaje_AC: 228.5 V] [Voltaje_Bateria: 4.089387 V]
[18:35:12]  [SigFox Send] [Payload HEX] 9A1964438AF88240000000 
[18:35:15]  [SigFox] [Envio de metrica] [Voltaje_AC: 228.1 V] [Voltaje_Bateria: 4.075555 V]
[18:50:15]  [SigFox Send] [Payload HEX] 66E66343F3F28240000000 
[18:50:18]  [SigFox] [Envio de metrica] [Voltaje_AC: 227.7 V] [Voltaje_Bateria: 4.090134 V]
[19:05:17]  [SigFox Send] [Payload HEX] CDCC6343B8068340000000 
[19:05:20]  [SigFox] [Envio de metrica] [Voltaje_AC: 227.3 V] [Voltaje_Bateria: 4.102626 V]
[19:20:20]  [SigFox Send] [Payload HEX] 33336443BDDE8240000000 
[19:20:23]  [SigFox] [Envio de metrica] [Voltaje_AC: 227.9 V] [Voltaje_Bateria: 4.078076 V]
[19:35:21]  [SigFox Send] [Payload HEX] 00006343ECFB8240000000 
[19:35:25]  [SigFox] [Envio de metrica] [Voltaje_AC: 227.4 V] [Voltaje_Bateria: 4.091428 V]
[19:50:25]  [SigFox Send] [Payload HEX] 33336443C2FA8240000000 
[19:50:28]  [SigFox] [Envio de metrica] [Voltaje_AC: 228.0 V] [Voltaje_Bateria: 4.0915 V]
[19:59:19]  [Estado Volt AC] [Corte de Suministro] [Voltaje_AC: 0.0 V] [Voltaje_Bateria: 4.094295 V]
[19:59:20]  [Estado Sistema] [Pendiente] [Voltaje_AC: 0.0 V] [Voltaje_Bateria: 4.094295 V]
[20:00:03]  [SigFox] [Envio de metrica ALARMA] [Voltaje_AC: 0.0 V] [Voltaje_Bateria: 4.054871 V]
[20:00:04]  [Estado Sistema] [ALERTA] [Voltaje_AC: 0.0 V] [Voltaje_Bateria: 4.054871 V]
[20:00:03]  [SigFox Send] [Payload HEX] 0000000081C18140020200 
[20:04:20]  [SigFox] [Envio de metrica OK] [Voltaje_AC: 228.6 V] [Voltaje_Bateria: 4.072714 V]
[20:04:20]  [Estado Sistema] [OK] [Voltaje_AC: 228.6 V] [Voltaje_Bateria: 4.072714 V]
[20:04:20]  [Estado Volt AC] [OK] [Voltaje_AC: 228.6 V] [Voltaje_Bateria: 4.072714 V]
[20:04:20]  [SigFox Send] [Payload HEX] 9A996443AC538240000000 
[20:19:23]  [SigFox Send] [Payload HEX] 33B360432EE48240000000 
[20:19:26]  [SigFox] [Envio de metrica] [Voltaje_AC: 224.5 V] [Voltaje_Bateria: 4.09333 V]
[20:34:25]  [SigFox Send] [Payload HEX] 333360436FD88240000000 
[20:34:28]  [SigFox] [Envio de metrica] [Voltaje_AC: 224.1 V] [Voltaje_Bateria: 4.089913 V]
[20:49:28]  [SigFox Send] [Payload HEX] 66665E4322EB8240000000 
[20:49:31]  [SigFox] [Envio de metrica] [Voltaje_AC: 222.3 V] [Voltaje_Bateria: 4.089542 V]
[21:04:30]  [SigFox Send] [Payload HEX] 00805D43E2F48240000000 
[21:04:34]  [SigFox] [Envio de metrica] [Voltaje_AC: 221.3 V] [Voltaje_Bateria: 4.116294 V]
[21:19:34]  [SigFox Send] [Payload HEX] 66E65D4327FD8240000000 
[21:19:37]  [SigFox] [Envio de metrica] [Voltaje_AC: 221.8 V] [Voltaje_Bateria: 4.07373 V]
[21:34:36]  [SigFox Send] [Payload HEX] 66665C43FDF78240000000 
[21:34:39]  [SigFox] [Envio de metrica] [Voltaje_AC: 220.2 V] [Voltaje_Bateria: 4.096756 V]
[21:49:38]  [SigFox Send] [Payload HEX] 00805C43FB268340000000 
[21:49:41]  [SigFox] [Envio de metrica] [Voltaje_AC: 220.7 V] [Voltaje_Bateria: 4.091488 V]
[22:04:41]  [SigFox Send] [Payload HEX] 9A195E43AEFA8240000000 
[22:04:43]  [SigFox] [Envio de metrica] [Voltaje_AC: 221.8 V] [Voltaje_Bateria: 4.09602 V]
[22:19:43]  [SigFox Send] [Payload HEX] CDCC5E435C6E8340000000 
[22:19:46]  [SigFox] [Envio de metrica] [Voltaje_AC: 223.2 V] [Voltaje_Bateria: 4.090755 V]
[22:34:46]  [SigFox Send] [Payload HEX] CD4C5F4340E78240000000 
[22:34:49]  [SigFox] [Envio de metrica] [Voltaje_AC: 223.3 V] [Voltaje_Bateria: 4.104656 V]
[22:49:49]  [SigFox Send] [Payload HEX] 3333604374158340000000 
[22:49:52]  [SigFox] [Envio de metrica] [Voltaje_AC: 224.6 V] [Voltaje_Bateria: 4.095269 V]
[23:04:52]  [SigFox Send] [Payload HEX] 66E660434E0E8340000000 
[23:04:54]  [SigFox] [Envio de metrica] [Voltaje_AC: 224.8 V] [Voltaje_Bateria: 4.092826 V]
[23:19:53]  [SigFox Send] [Payload HEX] 333360432BFF8240000000 
[23:19:57]  [SigFox] [Envio de metrica] [Voltaje_AC: 224.2 V] [Voltaje_Bateria: 4.092768 V]
[23:34:57]  [SigFox Send] [Payload HEX] 66666243C2D48240000000 
[23:35:00]  [SigFox] [Envio de metrica] [Voltaje_AC: 226.5 V] [Voltaje_Bateria: 4.09082 V]
[23:50:00]  [SigFox Send] [Payload HEX] 33336343C3F28240000000 
[23:50:03]  [SigFox] [Envio de metrica] [Voltaje_AC: 227.1 V] [Voltaje_Bateria: 4.088015 V]
[23:59:20]  [Estado Volt AC] [Corte de Suministro] [Voltaje_AC: 0.0 V] [Voltaje_Bateria: 4.092036 V]
[23:59:21]  [Estado Sistema] [Pendiente] [Voltaje_AC: 0.0 V] [Voltaje_Bateria: 4.058204 V]
