[00:00:11]  [SigFox] [Envio de metrica ALARMA] [Voltaje_AC: 0.0 V] [Voltaje_Bateria: 4.050597 V]
[00:00:12]  [Estado Sistema] [ALERTA] [Voltaje_AC: 0.0 V] [Voltaje_Bateria: 4.050597 V]
[00:00:11]  [SigFox Send] [Payload HEX] 000000007E9E8140020200 
[00:04:22]  [SigFox] [Envio de metrica OK] [Voltaje_AC: 224.4 V] [Voltaje_Bateria: 4.085284 V]
[00:04:22]  [Estado Sistema] [OK] [Voltaje_AC: 224.4 V] [Voltaje_Bateria: 4.085284 V]
[00:04:22]  [Estado Volt AC] [OK] [Voltaje_AC: 224.4 V] [Voltaje_Bateria: 4.085284 V]
[00:04:22]  [SigFox Send] [Payload HEX] 66666043A6BA8240000000 
[00:19:25]  [SigFox Send] [Payload HEX] 9A9960439EF68240000000 
[00:19:28]  [SigFox] [Envio de metrica] [Voltaje_AC: 224.7 V] [Voltaje_Bateria: 4.095067 V]
[00:34:28]  [SigFox Send] [Payload HEX] 3333614366E78240000000 
[00:34:31]  [SigFox] [Envio de metrica] [Voltaje_AC: 224.9 V] [Voltaje_Bateria: 4.092196 V]
[00:49:30]  [SigFox Send] [Payload HEX] CDCC60430A0D8340000000 
[00:49:33]  [SigFox] [Envio de metrica] [Voltaje_AC: 224.3 V] [Voltaje_Bateria: 4.087975 V]
[01:04:32]  [SigFox Send] [Payload HEX] CDCC614352F48240000000 
[01:04:35]  [SigFox] [Envio de metrica] [Voltaje_AC: 226.1 V] [Voltaje_Bateria: 4.092483 V]
[01:19:34]  [SigFox Send] [Payload HEX] 00806343DC168340000000 
[01:19:37]  [SigFox] [Envio de metrica] [Voltaje_AC: 227.6 V] [Voltaje_Bateria: 4.090976 V]
[01:34:36]  [SigFox Send] [Payload HEX] 66E663431AF78240000000 
[01:34:39]  [SigFox] [Envio de metrica] [Voltaje_AC: 227.7 V] [Voltaje_Bateria: 4.089471 V]
[01:49:38]  [SigFox Send] [Payload HEX] 6666644302D38240000000 
[01:49:41]  [SigFox] [Envio de metrica] [Voltaje_AC: 228.6 V] [Voltaje_Bateria: 4.092773 V]
[02:04:40]  [SigFox Send] [Payload HEX] CDCC6343B9F58240000000 
[02:04:43]  [SigFox] [Envio de metrica] [Voltaje_AC: 227.9 V] [Voltaje_Bateria: 4.093621 V]
[02:19:42]  [SigFox Send] [Payload HEX] 33B36443B6288340000000 
[02:19:45]  [SigFox] [Envio de metrica] [Voltaje_AC: 229.1 V] [Voltaje_Bateria: 4.092277 V]
[02:34:45]  [SigFox Send] [Payload HEX] 9A99654300D08240000000 
[02:34:48]  [SigFox] [Envio de metrica] [Voltaje_AC: 229.1 V] [Voltaje_Bateria: 4.089518 V]
[02:49:47]  [SigFox Send] [Payload HEX] 00006643D7FB8240000000 
[02:49:50]  [SigFox] [Envio de metrica] [Voltaje_AC: 230.2 V] [Voltaje_Bateria: 4.076365 V]
[03:04:49]  [SigFox Send] [Payload HEX] 00006643B8098340000000 
[03:04:52]  [SigFox] [Envio de metrica] [Voltaje_AC: 229.8 V] [Voltaje_Bateria: 4.085406 V]
[03:19:52]  [SigFox Send] [Payload HEX] 33B36243B0DE8240000000 
[03:19:55]  [SigFox] [Envio de metrica] [Voltaje_AC: 227.0 V] [Voltaje_Bateria: 4.104661 V]
[03:34:54]  [SigFox Send] [Payload HEX] 33B36343C3F28240000000 
[03:34:57]  [SigFox] [Envio de metrica] [Voltaje_AC: 227.7 V] [Voltaje_Bateria: 4.09028 V]
[03:49:56]  [SigFox Send] [Payload HEX] 66E6634368008340000000 
[03:49:59]  [SigFox] [Envio de metrica] [Voltaje_AC: 228.2 V] [Voltaje_Bateria: 4.094702 V]
[04:04:58]  [SigFox Send] [Payload HEX] 6666644370EF8240000000 
[04:05:01]  [SigFox] [Envio de metrica] [Voltaje_AC: 228.3 V] [Voltaje_Bateria: 4.090627 V]
[04:20:02]  [SigFox Send] [Payload HEX] 9A9962432DEE8240000000 
[04:20:04]  [SigFox] [Envio de metrica] [Voltaje_AC: 226.7 V] [Voltaje_Bateria: 4.092928 V]
[04:35:04]  [SigFox Send] [Payload HEX] 008062439BFF8240000000 
[04:35:07]  [SigFox] [Envio de metrica] [Voltaje_AC: 226.3 V] [Voltaje_Bateria: 4.095895 V]
[04:50:06]  [SigFox Send] [Payload HEX] 6666624391F68240000000 
[04:50:09]  [SigFox] [Envio de metrica] [Voltaje_AC: 226.8 V] [Voltaje_Bateria: 4.102849 V]
[04:59:21]  [Estado Volt AC] [Corte de Suministro] [Voltaje_AC: 0.0 V] [Voltaje_Bateria: 4.09731 V]
[04:59:21]  [Estado Sistema] [Pendiente] [Voltaje_AC: 0.0 V] [Voltaje_Bateria: 4.09731 V]
[05:00:07]  [SigFox] [Envio de metrica ALARMA] [Voltaje_AC: 0.0 V] [Voltaje_Bateria: 4.052797 V]
[05:00:08]  [Estado Sistema] [ALERTA] [Voltaje_AC: 0.0 V] [Voltaje_Bateria: 4.051409 V]
[05:00:07]  [SigFox Send] [Payload HEX] 0000000084B08140020200 
[05:04:22]  [Estado Volt AC] [OK] [Voltaje_AC: 227.3 V] [Voltaje_Bateria: 4.087046 V]
[05:04:22]  [SigFox] [Envio de metrica OK] [Voltaje_AC: 227.3 V] [Voltaje_Bateria: 4.087046 V]
[05:04:23]  [Estado Sistema] [OK] [Voltaje_AC: 227.3 V] [Voltaje_Bateria: 4.087046 V]
[05:04:22]  [SigFox Send] [Payload HEX] CD4C634315C98240000000 
[05:19:25]  [SigFox Send] [Payload HEX] 66E66243A3FC8240000000 
[05:19:28]  [SigFox] [Envio de metrica] [Voltaje_AC: 227.0 V] [Voltaje_Bateria: 4.091763 V]
[05:34:28]  [SigFox Send] [Payload HEX] 3333624392068340000000 
[05:34:31]  [SigFox] [Envio de metrica] [Voltaje_AC: 226.1 V] [Voltaje_Bateria: 4.094579 V]
[05:49:31]  [SigFox Send] [Payload HEX] 66E661437AE58240000000 
[05:49:34]  [SigFox] [Envio de metrica] [Voltaje_AC: 226.3 V] [Voltaje_Bateria: 4.096527 V]
[05:59:21]  [Estado Sistema] [Pendiente] [Voltaje_AC: 0.0 V] [Voltaje_Bateria: 4.088966 V]
[05:59:21]  [Estado Volt AC] [Corte de Suministro] [Voltaje_AC: 0.0 V] [Voltaje_Bateria: 4.088966 V]
[06:00:08]  [SigFox] [Envio de metrica ALARMA] [Voltaje_AC: 0.0 V] [Voltaje_Bateria: 4.055096 V]
[06:00:08]  [Estado Sistema] [ALERTA] [Voltaje_AC: 0.0 V] [Voltaje_Bateria: 4.050297 V]
[06:00:08]  [SigFox Send] [Payload HEX] 0000000059C38140020200 
[06:04:23]  [Estado Sistema] [OK] [Voltaje_AC: 225.2 V] [Voltaje_Bateria: 4.087416 V]
[06:04:23]  [Estado Volt AC] [OK] [Voltaje_AC: 225.2 V] [Voltaje_Bateria: 4.087416 V]
[06:04:23]  [SigFox] [Envio de metrica OK] [Voltaje_AC: 225.2 V] [Voltaje_Bateria: 4.087416 V]
[06:04:23]  [SigFox Send] [Payload HEX] 333361431CCC8240000000 
[06:19:26]  [SigFox Send] [Payload HEX] 33336143DEFB8240000000 
[06:19:29]  [SigFox] [Envio de metrica] [Voltaje_AC: 225.6 V] [Voltaje_Bateria: 4.094071 V]
[06:34:29]  [SigFox Send] [Payload HEX] 0080614364FE8240000000 
[06:34:32]  [SigFox] [Envio de metrica] [Voltaje_AC: 225.6 V] [Voltaje_Bateria: 4.089491 V]
[06:49:32]  [SigFox Send] [Payload HEX] CDCC60435DFD8240000000 
[06:49:35]  [SigFox] [Envio de metrica] [Voltaje_AC: 224.8 V] [Voltaje_Bateria: 4.088303 V]
[07:04:34]  [SigFox Send] [Payload HEX] CD4C614384F48240000000 
[07:04:37]  [SigFox] [Envio de metrica] [Voltaje_AC: 224.9 V] [Voltaje_Bateria: 4.093679 V]
[07:19:38]  [SigFox Send] [Payload HEX] CD4C634385FB8240000000 
[07:19:40]  [SigFox] [Envio de metrica] [Voltaje_AC: 227.2 V] [Voltaje_Bateria: 4.093034 V]
[07:34:40]  [SigFox Send] [Payload HEX] 66666243EEEE8240000000 
[07:34:43]  [SigFox] [Envio de metrica] [Voltaje_AC: 226.1 V] [Voltaje_Bateria: 4.092834 V]
[07:49:43]  [SigFox Send] [Payload HEX] 66E661434ADE8240000000 
[07:49:46]  [SigFox] [Envio de metrica] [Voltaje_AC: 225.6 V] [Voltaje_Bateria: 4.096738 V]
[08:04:45]  [SigFox Send] [Payload HEX] 0000614369058340000000 
[08:04:48]  [SigFox] [Envio de metrica] [Voltaje_AC: 224.9 V] [Voltaje_Bateria: 4.095212 V]
[08:19:48]  [SigFox Send] [Payload HEX] 9A9960436A038340000000 
[08:19:51]  [SigFox] [Envio de metrica] [Voltaje_AC: 225.0 V] [Voltaje_Bateria: 4.083756 V]
[08:34:50]  [SigFox Send] [Payload HEX] 66E66143A80D8340000000 
[08:34:53]  [SigFox] [Envio de metrica] [Voltaje_AC: 226.2 V] [Voltaje_Bateria: 4.078706 V]
[08:49:52]  [SigFox Send] [Payload HEX] 9A1963438AF38240000000 
[08:49:55]  [SigFox] [Envio de metrica] [Voltaje_AC: 227.2 V] [Voltaje_Bateria: 4.093628 V]
[09:04:54]  [SigFox Send] [Payload HEX] CD4C6243B4EE8240000000 
[09:04:57]  [SigFox] [Envio de metrica] [Voltaje_AC: 226.6 V] [Voltaje_Bateria: 4.087649 V]
[09:19:56]  [SigFox Send] [Payload HEX] 9A99624340128340000000 
[09:19:59]  [SigFox] [Envio de metrica] [Voltaje_AC: 226.6 V] [Voltaje_Bateria: 4.082764 V]
[09:34:59]  [SigFox Send] [Payload HEX] 9A1962437EEE8240000000 
[09:35:01]  [SigFox] [Envio de metrica] [Voltaje_AC: 226.5 V] [Voltaje_Bateria: 4.091468 V]
[09:50:01]  [SigFox Send] [Payload HEX] 9A9962439F1F8340000000 
[09:50:04]  [SigFox] [Envio de metrica] [Voltaje_AC: 226.2 V] [Voltaje_Bateria: 4.097075 V]
[10:05:04]  [SigFox Send] [Payload HEX] 66E66243A4F88240000000 
[10:05:07]  [SigFox] [Envio de metrica] [Voltaje_AC: 227.4 V] [Voltaje_Bateria: 4.077689 V]
[10:20:07]  [SigFox Send] [Payload HEX] CDCC624398DF8240000000 
[10:20:10]  [SigFox] [Envio de metrica] [Voltaje_AC: 226.8 V] [Voltaje_Bateria: 4.095128 V]
[10:35:10]  [SigFox Send] [Payload HEX] 66E66143F6FB8240000000 
[10:35:13]  [SigFox] [Envio de metrica] [Voltaje_AC: 226.1 V] [Voltaje_Bateria: 4.092301 V]
[10:50:12]  [SigFox Send] [Payload HEX] CD4C63431FEA8240000000 
[10:50:15]  [SigFox] [Envio de metrica] [Voltaje_AC: 227.6 V] [Voltaje_Bateria: 4.082884 V]
[11:05:16]  [SigFox Send] [Payload HEX] 9A99634380F68240000000 
[11:05:18]  [SigFox] [Envio de metrica] [Voltaje_AC: 227.2 V] [Voltaje_Bateria: 4.082692 V]
[11:20:18]  [SigFox Send] [Payload HEX] 0000634337108340000000 
[11:20:21]  [SigFox] [Envio de metrica] [Voltaje_AC: 226.5 V] [Voltaje_Bateria: 4.090715 V]
[11:35:21]  [SigFox Send] [Payload HEX] CD4C6143B4F78240000000 
[11:35:24]  [SigFox] [Envio de metrica] [Voltaje_AC: 225.3 V] [Voltaje_Bateria: 4.092761 V]
[11:50:24]  [SigFox Send] [Payload HEX] 6666624366108340000000 
[11:50:27]  [SigFox] [Envio de metrica] [Voltaje_AC: 226.2 V] [Voltaje_Bateria: 4.095556 V]
[11:59:21]  [Estado Sistema] [Pendiente] [Voltaje_AC: 0.0 V] [Voltaje_Bateria: 4.092178 V]
[11:59:21]  [Estado Volt AC] [Corte de Suministro] [Voltaje_AC: 0.0 V] [Voltaje_Bateria: 4.092178 V]
[12:00:11]  [SigFox] [Envio de metrica ALARMA] [Voltaje_AC: 0.0 V] [Voltaje_Bateria: 4.04672 V]
[12:00:11]  [Estado Sistema] [ALERTA] [Voltaje_AC: 0.0 V] [Voltaje_Bateria: 4.04672 V]
[12:00:11]  [SigFox Send] [Payload HEX] 00000000BB7E8140020200 
[12:04:22]  [Estado Volt AC] [OK] [Voltaje_AC: 225.0 V] [Voltaje_Bateria: 4.077006 V]
[12:04:23]  [SigFox] [Envio de metrica OK] [Voltaje_AC: 225.0 V] [Voltaje_Bateria: 4.077006 V]
[12:04:23]  [Estado Sistema] [OK] [Voltaje_AC: 225.0 V] [Voltaje_Bateria: 4.092582 V]
[12:04:23]  [SigFox Send] [Payload HEX] 00006143D6768240000000 
[12:19:25]  [SigFox Send] [Payload HEX] 66665F43CFF28240000000 
[12:19:28]  [SigFox] [Envio de metrica] [Voltaje_AC: 223.0 V] [Voltaje_Bateria: 4.071865 V]
[12:34:27]  [SigFox Send] [Payload HEX] 66E65E4316178340000000 
[12:34:30]  [SigFox] [Envio de metrica] [Voltaje_AC: 223.3 V] [Voltaje_Bateria: 4.09445 V]
[12:49:31]  [SigFox Send] [Payload HEX] 33B35F43920A8340000000 
[12:49:33]  [SigFox] [Envio de metrica] [Voltaje_AC: 223.4 V] [Voltaje_Bateria: 4.091256 V]
[12:59:22]  [Estado Sistema] [Pendiente] [Voltaje_AC: 0.0 V] [Voltaje_Bateria: 4.059676 V]
[12:59:22]  [Estado Volt AC] [Corte de Suministro] [Voltaje_AC: 0.0 V] [Voltaje_Bateria: 4.059676 V]
[13:00:06]  [SigFox] [Envio de metrica ALARMA] [Voltaje_AC: 0.0 V] [Voltaje_Bateria: 4.052561 V]
[13:00:06]  [Estado Sistema] [ALERTA] [Voltaje_AC: 0.0 V] [Voltaje_Bateria: 4.052561 V]
[13:00:06]  [SigFox Send] [Payload HEX] 0000000094AE8140020200 
[13:04:20]  [Estado Volt AC] [OK] [Voltaje_AC: 224.4 V] [Voltaje_Bateria: 4.087229 V]
[13:04:21]  [SigFox] [Envio de metrica OK] [Voltaje_AC: 224.4 V] [Voltaje_Bateria: 4.087229 V]
[13:04:21]  [Estado Sistema] [OK] [Voltaje_AC: 224.4 V] [Voltaje_Bateria: 4.087229 V]
[13:04:21]  [SigFox Send] [Payload HEX] 6666604394CA8240000000 
[13:19:23]  [SigFox Send] [Payload HEX] 00805E43F8FF8240000000 
[13:19:26]  [SigFox] [Envio de metrica] [Voltaje_AC: 222.3 V] [Voltaje_Bateria: 4.091985 V]
[13:34:26]  [SigFox Send] [Payload HEX] 66E65E43D3158340000000 
[13:34:29]  [SigFox] [Envio de metrica] [Voltaje_AC: 222.7 V] [Voltaje_Bateria: 4.093106 V]
[13:49:29]  [SigFox Send] [Payload HEX] 66665D4345EC8240000000 
[13:49:32]  [SigFox] [Envio de metrica] [Voltaje_AC: 221.8 V] [Voltaje_Bateria: 4.095056 V]
[14:04:31]  [SigFox Send] [Payload HEX] 66E65F43D2FD8240000000 
[14:04:34]  [SigFox] [Envio de metrica] [Voltaje_AC: 223.4 V] [Voltaje_Bateria: 4.094091 V]
[14:19:35]  [SigFox Send] [Payload HEX] 66E65E43FED18240000000 
[14:19:37]  [SigFox] [Envio de metrica] [Voltaje_AC: 222.9 V] [Voltaje_Bateria: 4.096148 V]
[14:34:36]  [SigFox Send] [Payload HEX] 9A9961437E098340000000 
[14:34:39]  [SigFox] [Envio de metrica] [Voltaje_AC: 225.4 V] [Voltaje_Bateria: 4.098486 V]
[14:49:39]  [SigFox Send] [Payload HEX] 66E661439DFD8240000000 
[14:49:42]  [SigFox] [Envio de metrica] [Voltaje_AC: 225.8 V] [Voltaje_Bateria: 4.09558 V]
[15:04:42]  [SigFox Send] [Payload HEX] 9A996143C6178340000000 
[15:04:44]  [SigFox] [Envio de metrica] [Voltaje_AC: 225.1 V] [Voltaje_Bateria: 4.096467 V]
[15:19:44]  [SigFox Send] [Payload HEX] 9A1961437AF68240000000 
[15:19:46]  [SigFox] [Envio de metrica] [Voltaje_AC: 225.1 V] [Voltaje_Bateria: 4.094687 V]
[15:34:46]  [SigFox Send] [Payload HEX] 666660434AFF8240000000 
[15:34:49]  [SigFox] [Envio de metrica] [Voltaje_AC: 224.7 V] [Voltaje_Bateria: 4.093268 V]
[15:49:48]  [SigFox Send] [Payload HEX] 00006143E2FA8240000000 
[15:49:51]  [SigFox] [Envio de metrica] [Voltaje_AC: 224.8 V] [Voltaje_Bateria: 4.091872 V]
[16:04:51]  [SigFox Send] [Payload HEX] 6666604392098340000000 
[16:04:53]  [SigFox] [Envio de metrica] [Voltaje_AC: 224.6 V] [Voltaje_Bateria: 4.082504 V]
[16:19:53]  [SigFox Send] [Payload HEX] 33B36043E6FC8240000000 
[16:19:56]  [SigFox] [Envio de metrica] [Voltaje_AC: 225.0 V] [Voltaje_Bateria: 4.086532 V]
[16:34:57]  [SigFox Send] [Payload HEX] 33B36143F8198340000000 
[16:34:59]  [SigFox] [Envio de metrica] [Voltaje_AC: 225.5 V] [Voltaje_Bateria: 4.093555 V]
[16:49:58]  [SigFox Send] [Payload HEX] 33336043E9FF8240000000 
[16:50:01]  [SigFox] [Envio de metrica] [Voltaje_AC: 224.1 V] [Voltaje_Bateria: 4.07256 V]
[17:05:01]  [SigFox Send] [Payload HEX] CDCC61436DEF8240000000 
[17:05:04]  [SigFox] [Envio de metrica] [Voltaje_AC: 225.9 V] [Voltaje_Bateria: 4.092243 V]
[17:20:04]  [SigFox Send] [Payload HEX] 9A19624336038340000000 
[17:20:07]  [SigFox] [Envio de metrica] [Voltaje_AC: 225.7 V] [Voltaje_Bateria: 4.085352 V]
[17:35:07]  [SigFox Send] [Payload HEX] 9A9961433E0B8340000000 
[17:35:09]  [SigFox] [Envio de metrica] [Voltaje_AC: 225.5 V] [Voltaje_Bateria: 4.098175 V]
[17:50:09]  [SigFox Send] [Payload HEX] 9A996143B31F8340000000 
[17:50:11]  [SigFox] [Envio de metrica] [Voltaje_AC: 225.8 V] [Voltaje_Bateria: 4.068974 V]
[18:05:12]  [SigFox Send] [Payload HEX] 6666624397E98240000000 
[18:05:15]  [SigFox] [Envio de metrica] [Voltaje_AC: 226.2 V] [Voltaje_Bateria: 4.093466 V]
[18:20:14]  [SigFox Send] [Payload HEX] 66E65E43F70E8340000000 
[18:20:18]  [SigFox] [Envio de metrica] [Voltaje_AC: 223.4 V] [Voltaje_Bateria: 4.076389 V]
[18:35:18]  [SigFox Send] [Payload HEX] 33B35D4350CC8240000000 
[18:35:20]  [SigFox] [Envio de metrica] [Voltaje_AC: 221.9 V] [Voltaje_Bateria: 4.096804 V]
[18:50:21]  [SigFox Send] [Payload HEX] CDCC5D43281D8340000000 
[18:50:24]  [SigFox] [Envio de metrica] [Voltaje_AC: 221.6 V] [Voltaje_Bateria: 4.094505 V]
[19:05:24]  [SigFox Send] [Payload HEX] 00805E438A108340000000 
[19:05:27]  [SigFox] [Envio de metrica] [Voltaje_AC: 222.7 V] [Voltaje_Bateria: 4.088771 V]
[19:20:27]  [SigFox Send] [Payload HEX] 0000604380F68240000000 
[19:20:30]  [SigFox] [Envio de metrica] [Voltaje_AC: 224.0 V] [Voltaje_Bateria: 4.09441 V]
[19:35:29]  [SigFox Send] [Payload HEX] 9A195F4341ED8240000000 
[19:35:32]  [SigFox] [Envio de metrica] [Voltaje_AC: 222.8 V] [Voltaje_Bateria: 4.094697 V]
[19:50:33]  [SigFox Send] [Payload HEX] CD4C6043060D8340000000 
[19:50:35]  [SigFox] [Envio de metrica] [Voltaje_AC: 224.4 V] [Voltaje_Bateria: 4.093598 V]
[20:05:36]  [SigFox Send] [Payload HEX] CDCC6043800C8340000000 
[20:05:38]  [SigFox] [Envio de metrica] [Voltaje_AC: 225.0 V] [Voltaje_Bateria: 4.090371 V]
[20:20:38]  [SigFox Send] [Payload HEX] 9A995E4369EA8240000000 
[20:20:40]  [SigFox] [Envio de metrica] [Voltaje_AC: 222.6 V] [Voltaje_Bateria: 4.090437 V]
[20:35:40]  [SigFox Send] [Payload HEX] 00005D43B2C58240000000 
[20:35:42]  [SigFox] [Envio de metrica] [Voltaje_AC: 221.0 V] [Voltaje_Bateria: 4.097474 V]
[20:50:42]  [SigFox Send] [Payload HEX] CD4C5D4310F28240000000 
[20:50:45]  [SigFox] [Envio de metrica] [Voltaje_AC: 221.5 V] [Voltaje_Bateria: 4.096807 V]
[21:05:45]  [SigFox Send] [Payload HEX] 33335D43B5FB8240000000 
[21:05:48]  [SigFox] [Envio de metrica] [Voltaje_AC: 221.1 V] [Voltaje_Bateria: 4.076945 V]
[21:20:48]  [SigFox Send] [Payload HEX] CDCC5F43D2FB8240000000 
[21:20:50]  [SigFox] [Envio de metrica] [Voltaje_AC: 223.9 V] [Voltaje_Bateria: 4.093418 V]
[21:35:51]  [SigFox Send] [Payload HEX] 9A196043480A8340000000 
[21:35:53]  [SigFox] [Envio de metrica] [Voltaje_AC: 223.9 V] [Voltaje_Bateria: 4.093076 V]
[21:50:53]  [SigFox Send] [Payload HEX] 00006243EA028340000000 
[21:50:55]  [SigFox] [Envio de metrica] [Voltaje_AC: 225.9 V] [Voltaje_Bateria: 4.083447 V]
[22:05:55]  [SigFox Send] [Payload HEX] 00006143E2F28240000000 
[22:05:57]  [SigFox] [Envio de metrica] [Voltaje_AC: 225.2 V] [Voltaje_Bateria: 4.09084 V]
[22:20:57]  [SigFox Send] [Payload HEX] 33B36043A5F08240000000 
[22:21:00]  [SigFox] [Envio de metrica] [Voltaje_AC: 224.7 V] [Voltaje_Bateria: 4.086806 V]
[22:36:00]  [SigFox Send] [Payload HEX] CD4C624349FA8240000000 
[22:36:02]  [SigFox] [Envio de metrica] [Voltaje_AC: 226.4 V] [Voltaje_Bateria: 4.091633 V]
[22:51:03]  [SigFox Send] [Payload HEX] 33335F4350F88240000000 
[22:51:05]  [SigFox] [Envio de metrica] [Voltaje_AC: 223.3 V] [Voltaje_Bateria: 4.093256 V]
[23:06:06]  [SigFox Send] [Payload HEX] 3333604355D28240000000 
[23:06:08]  [SigFox] [Envio de metrica] [Voltaje_AC: 224.0 V] [Voltaje_Bateria: 4.086376 V]
[23:21:08]  [SigFox Send] [Payload HEX] 66E65F43B2F88240000000 
[23:21:10]  [SigFox] [Envio de metrica] [Voltaje_AC: 223.9 V] [Voltaje_Bateria: 4.091772 V]
[23:36:10]  [SigFox Send] [Payload HEX] CDCC6043BCEF8240000000 
[23:36:13]  [SigFox] [Envio de metrica] [Voltaje_AC: 224.9 V] [Voltaje_Bateria: 4.089037 V]
[23:51:12]  [SigFox Send] [Payload HEX] 66666143D6FF8240000000 
[23:51:15]  [SigFox] [Envio de metrica] [Voltaje_AC: 225.7 V] [Voltaje_Bateria: 4.094093 V]
[23:59:20]  [Estado Sistema] [Pendiente] [Voltaje_AC: 0.0 V] [Voltaje_Bateria: 4.09234 V]
[23:59:20]  [Estado Volt AC] [Corte de Suministro] [Voltaje_AC: 0.0 V] [Voltaje_Bateria: 4.09234 V]
