[00:00:06]  [SigFox] [Envio de metrica ALARMA] [Voltaje_AC: 0.0 V] [Voltaje_Bateria: 4.050473 V]
[00:00:07]  [Estado Sistema] [ALERTA] [Voltaje_AC: 0.0 V] [Voltaje_Bateria: 4.050473 V]
[00:00:06]  [SigFox Send] [Payload HEX] 000000007A9D8140020200 
[00:04:23]  [SigFox] [Envio de metrica OK] [Voltaje_AC: 225.1 V] [Voltaje_Bateria: 4.067689 V]
[00:04:23]  [Estado Sistema] [OK] [Voltaje_AC: 225.1 V] [Voltaje_Bateria: 4.067689 V]
[00:04:23]  [Estado Volt AC] [OK] [Voltaje_AC: 225.1 V] [Voltaje_Bateria: 4.067689 V]
[00:04:23]  [SigFox Send] [Payload HEX] 9A196143822A8240000000 
[00:19:26]  [SigFox Send] [Payload HEX] 9A19604364198340000000 
[00:19:28]  [SigFox] [Envio de metrica] [Voltaje_AC: 224.2 V] [Voltaje_Bateria: 4.098914 V]
[00:34:27]  [SigFox Send] [Payload HEX] 9A996143A2FD8240000000 
[00:34:30]  [SigFox] [Envio de metrica] [Voltaje_AC: 225.4 V] [Voltaje_Bateria: 4.094038 V]
[00:49:30]  [SigFox Send] [Payload HEX] 9A9961438D078340000000 
[00:49:32]  [SigFox] [Envio de metrica] [Voltaje_AC: 226.0 V] [Voltaje_Bateria: 4.094361 V]
[01:04:32]  [SigFox Send] [Payload HEX] 9A19624384C28240000000 
[01:04:35]  [SigFox] [Envio de metrica] [Voltaje_AC: 225.9 V] [Voltaje_Bateria: 4.09441 V]
[01:19:35]  [SigFox Send] [Payload HEX] CD4C6243F1098340000000 
[01:19:39]  [SigFox] [Envio de metrica] [Voltaje_AC: 226.1 V] [Voltaje_Bateria: 4.088782 V]
[01:34:38]  [SigFox Send] [Payload HEX] CD4C6343AE098340000000 
[01:34:41]  [SigFox] [Envio de metrica] [Voltaje_AC: 227.4 V] [Voltaje_Bateria: 4.089149 V]
[01:49:40]  [SigFox Send] [Payload HEX] 33B36343D7D88240000000 
[01:49:43]  [SigFox] [Envio de metrica] [Voltaje_AC: 227.6 V] [Voltaje_Bateria: 4.084777 V]
[02:04:44]  [SigFox Send] [Payload HEX] 6666644302DE8240000000 
[02:04:46]  [SigFox] [Envio de metrica] [Voltaje_AC: 228.3 V] [Voltaje_Bateria: 4.095742 V]
[02:19:46]  [SigFox Send] [Payload HEX] 9A196443A2088340000000 
[02:19:49]  [SigFox] [Envio de metrica] [Voltaje_AC: 228.2 V] [Voltaje_Bateria: 4.094244 V]
[02:34:49]  [SigFox Send] [Payload HEX] 9A996443CE1C8340000000 
[02:34:52]  [SigFox] [Envio de metrica] [Voltaje_AC: 228.9 V] [Voltaje_Bateria: 4.098563 V]
[02:49:52]  [SigFox Send] [Payload HEX] CDCC654372E38240000000 
[02:49:55]  [SigFox] [Envio de metrica] [Voltaje_AC: 229.9 V] [Voltaje_Bateria: 4.087598 V]
[02:59:22]  [Estado Sistema] [Pendiente] [Voltaje_AC: 0.0 V] [Voltaje_Bateria: 4.06184 V]
[02:59:22]  [Estado Volt AC] [Corte de Suministro] [Voltaje_AC: 0.0 V] [Voltaje_Bateria: 4.06184 V]
[03:00:08]  [SigFox] [Envio de metrica ALARMA] [Voltaje_AC: 0.0 V] [Voltaje_Bateria: 4.045576 V]
[03:00:09]  [Estado Sistema] [ALERTA] [Voltaje_AC: 0.0 V] [Voltaje_Bateria: 4.045576 V]
[03:00:08]  [SigFox Send] [Payload HEX] 000000005C758140020200 
[03:04:23]  [Estado Volt AC] [OK] [Voltaje_AC: 227.1 V] [Voltaje_Bateria: 4.085175 V]
[03:04:23]  [SigFox] [Envio de metrica OK] [Voltaje_AC: 227.1 V] [Voltaje_Bateria: 4.085175 V]
[03:04:23]  [Estado Sistema] [OK] [Voltaje_AC: 227.1 V] [Voltaje_Bateria: 4.085175 V]
[03:04:23]  [SigFox Send] [Payload HEX] 9A196343C1B98240000000 
[03:19:26]  [SigFox Send] [Payload HEX] 66666243D9FD8240000000 
[03:19:28]  [SigFox] [Envio de metrica] [Voltaje_AC: 226.1 V] [Voltaje_Bateria: 4.09154 V]
[03:34:28]  [SigFox Send] [Payload HEX] 00806243E4D68240000000 
[03:34:30]  [SigFox] [Envio de metrica] [Voltaje_AC: 226.8 V] [Voltaje_Bateria: 4.075024 V]
[03:49:30]  [SigFox Send] [Payload HEX] CD4C6343E2028340000000 
[03:49:32]  [SigFox] [Envio de metrica] [Voltaje_AC: 227.0 V] [Voltaje_Bateria: 4.094102 V]
[04:04:32]  [SigFox Send] [Payload HEX] CD4C63430F0F8340000000 
[04:04:35]  [SigFox] [Envio de metrica] [Voltaje_AC: 227.5 V] [Voltaje_Bateria: 4.092931 V]
[04:19:36]  [SigFox Send] [Payload HEX] 9A196243A8D28240000000 
[04:19:38]  [SigFox] [Envio de metrica] [Voltaje_AC: 226.1 V] [Voltaje_Bateria: 4.095098 V]
[04:34:38]  [SigFox Send] [Payload HEX] 9A196243CAE88240000000 
[04:34:41]  [SigFox] [Envio de metrica] [Voltaje_AC: 225.9 V] [Voltaje_Bateria: 4.08867 V]
[04:49:41]  [SigFox Send] [Payload HEX] 0080624340F38240000000 
[04:49:43]  [SigFox] [Envio de metrica] [Voltaje_AC: 226.3 V] [Voltaje_Bateria: 4.088012 V]
[04:59:21]  [Estado Volt AC] [Corte de Suministro] [Voltaje_AC: 0.0 V] [Voltaje_Bateria: 4.093423 V]
[04:59:21]  [Estado Sistema] [Pendiente] [Voltaje_AC: 0.0 V] [Voltaje_Bateria: 4.093423 V]
[05:00:06]  [SigFox] [Envio de metrica ALARMA] [Voltaje_AC: 0.0 V] [Voltaje_Bateria: 4.048528 V]
[05:00:06]  [Estado Sistema] [ALERTA] [Voltaje_AC: 0.0 V] [Voltaje_Bateria: 4.048528 V]
[05:00:06]  [SigFox Send] [Payload HEX] 000000008A8D8140020200 
[05:04:22]  [Estado Sistema] [OK] [Voltaje_AC: 227.4 V] [Voltaje_Bateria: 4.086637 V]
[05:04:22]  [Estado Volt AC] [OK] [Voltaje_AC: 227.4 V] [Voltaje_Bateria: 4.086637 V]
[05:04:22]  [SigFox] [Envio de metrica OK] [Voltaje_AC: 227.4 V] [Voltaje_Bateria: 4.086637 V]
[05:04:22]  [SigFox Send] [Payload HEX] 66666343BAC58240000000 
[05:19:25]  [SigFox Send] [Payload HEX] CDCC6343F0FA8240000000 
[05:19:27]  [SigFox] [Envio de metrica] [Voltaje_AC: 227.9 V] [Voltaje_Bateria: 4.090105 V]
[05:34:28]  [SigFox Send] [Payload HEX] 0080634348E78240000000 
[05:34:30]  [SigFox] [Envio de metrica] [Voltaje_AC: 227.6 V] [Voltaje_Bateria: 4.096227 V]
[05:49:30]  [SigFox Send] [Payload HEX] CD4C6443D0F48240000000 
[05:49:33]  [SigFox] [Envio de metrica] [Voltaje_AC: 228.3 V] [Voltaje_Bateria: 4.093455 V]
[06:04:34]  [SigFox Send] [Payload HEX] 0080634302E18240000000 
[06:04:36]  [SigFox] [Envio de metrica] [Voltaje_AC: 227.0 V] [Voltaje_Bateria: 4.090476 V]
[06:19:36]  [SigFox Send] [Payload HEX] 9A9963438DE98240000000 
[06:19:39]  [SigFox] [Envio de metrica] [Voltaje_AC: 227.7 V] [Voltaje_Bateria: 4.081326 V]
[06:34:39]  [SigFox Send] [Payload HEX] 66E663438C308340000000 
[06:34:42]  [SigFox] [Envio de metrica] [Voltaje_AC: 227.8 V] [Voltaje_Bateria: 4.093973 V]
[06:49:42]  [SigFox Send] [Payload HEX] 0080634364F88240000000 
[06:49:44]  [SigFox] [Envio de metrica] [Voltaje_AC: 227.2 V] [Voltaje_Bateria: 4.083136 V]
[07:04:45]  [SigFox Send] [Payload HEX] 66666343B8F08240000000 
[07:04:48]  [SigFox] [Envio de metrica] [Voltaje_AC: 227.3 V] [Voltaje_Bateria: 4.085398 V]
[07:19:47]  [SigFox Send] [Payload HEX] 33336543FAFF8240000000 
[07:19:51]  [SigFox] [Envio de metrica] [Voltaje_AC: 229.5 V] [Voltaje_Bateria: 4.092822 V]
[07:34:50]  [SigFox Send] [Payload HEX] 00006543B4028340000000 
[07:34:53]  [SigFox] [Envio de metrica] [Voltaje_AC: 229.3 V] [Voltaje_Bateria: 4.090519 V]
[07:49:54]  [SigFox Send] [Payload HEX] 66E66443A00C8340000000 
[07:49:56]  [SigFox] [Envio de metrica] [Voltaje_AC: 228.8 V] [Voltaje_Bateria: 4.100278 V]
[08:04:55]  [SigFox Send] [Payload HEX] 333364433CDB8240000000 
[08:04:58]  [SigFox] [Envio de metrica] [Voltaje_AC: 228.0 V] [Voltaje_Bateria: 4.093411 V]
[08:19:58]  [SigFox Send] [Payload HEX] CD4C644308FD8240000000 
[08:20:00]  [SigFox] [Envio de metrica] [Voltaje_AC: 228.2 V] [Voltaje_Bateria: 4.091774 V]
[08:35:01]  [SigFox Send] [Payload HEX] CDCC60437E158340000000 
[08:35:03]  [SigFox] [Envio de metrica] [Voltaje_AC: 224.3 V] [Voltaje_Bateria: 4.091286 V]
[08:50:03]  [SigFox Send] [Payload HEX] 9A996043CE178340000000 
[08:50:06]  [SigFox] [Envio de metrica] [Voltaje_AC: 224.7 V] [Voltaje_Bateria: 4.091467 V]
[09:05:07]  [SigFox Send] [Payload HEX] CD4C604324028340000000 
[09:05:09]  [SigFox] [Envio de metrica] [Voltaje_AC: 224.3 V] [Voltaje_Bateria: 4.094347 V]
[09:20:09]  [SigFox Send] [Payload HEX] 33B3604344F58240000000 
[09:20:12]  [SigFox] [Envio de metrica] [Voltaje_AC: 224.1 V] [Voltaje_Bateria: 4.08622 V]
[09:35:11]  [SigFox Send] [Payload HEX] CD4C614314F28240000000 
[09:35:14]  [SigFox] [Envio de metrica] [Voltaje_AC: 225.3 V] [Voltaje_Bateria: 4.089893 V]
[09:50:15]  [SigFox Send] [Payload HEX] 66E66043D1F08240000000 
[09:50:17]  [SigFox] [Envio de metrica] [Voltaje_AC: 225.0 V] [Voltaje_Bateria: 4.078426 V]
[10:05:17]  [SigFox Send] [Payload HEX] 00805E430DFF8240000000 
[10:05:21]  [SigFox] [Envio de metrica] [Voltaje_AC: 222.2 V] [Voltaje_Bateria: 4.093516 V]
[10:20:21]  [SigFox Send] [Payload HEX] 33B360432C198340000000 
[10:20:23]  [SigFox] [Envio de metrica] [Voltaje_AC: 225.0 V] [Voltaje_Bateria: 4.093738 V]
[10:35:23]  [SigFox Send] [Payload HEX] 008061432C1C8340000000 
[10:35:26]  [SigFox] [Envio de metrica] [Voltaje_AC: 225.2 V] [Voltaje_Bateria: 4.089195 V]
[10:50:26]  [SigFox Send] [Payload HEX] CDCC5F43563E8340000000 
[10:50:28]  [SigFox] [Envio de metrica] [Voltaje_AC: 223.7 V] [Voltaje_Bateria: 4.084813 V]
[10:59:23]  [Estado Sistema] [Pendiente] [Voltaje_AC: 0.0 V] [Voltaje_Bateria: 4.088317 V]
[10:59:23]  [Estado Volt AC] [Corte de Suministro] [Voltaje_AC: 0.0 V] [Voltaje_Bateria: 4.088317 V]
[11:00:05]  [SigFox] [Envio de metrica ALARMA] [Voltaje_AC: 0.0 V] [Voltaje_Bateria: 4.050225 V]
[11:00:05]  [Estado Sistema] [ALERTA] [Voltaje_AC: 0.0 V] [Voltaje_Bateria: 4.050225 V]
[11:00:05]  [SigFox Send] [Payload HEX] 00000000729B8140020200 
[11:04:22]  [Estado Sistema] [OK] [Voltaje_AC: 221.8 V] [Voltaje_Bateria: 4.088447 V]
[11:04:23]  [SigFox] [Envio de metrica OK] [Voltaje_AC: 221.8 V] [Voltaje_Bateria: 4.088447 V]
[11:04:23]  [Estado Volt AC] [OK] [Voltaje_AC: 221.8 V] [Voltaje_Bateria: 4.088447 V]
[11:04:23]  [SigFox Send] [Payload HEX] CDCC5D438ED48240000000 
[11:19:26]  [SigFox Send] [Payload HEX] 33B35E432AD78240000000 
[11:19:28]  [SigFox] [Envio de metrica] [Voltaje_AC: 222.8 V] [Voltaje_Bateria: 4.092199 V]
[11:34:29]  [SigFox Send] [Payload HEX] 66E65D43B4F98240000000 
[11:34:31]  [SigFox] [Envio de metrica] [Voltaje_AC: 221.8 V] [Voltaje_Bateria: 4.089948 V]
[11:49:30]  [SigFox Send] [Payload HEX] 66E660430EFA8240000000 
[11:49:33]  [SigFox] [Envio de metrica] [Voltaje_AC: 224.8 V] [Voltaje_Bateria: 4.087909 V]
[12:04:34]  [SigFox Send] [Payload HEX] 66E65E43A2EE8240000000 
[12:04:36]  [SigFox] [Envio de metrica] [Voltaje_AC: 222.9 V] [Voltaje_Bateria: 4.093881 V]
[12:19:35]  [SigFox Send] [Payload HEX] 33B35D43C4F08240000000 
[12:19:38]  [SigFox] [Envio de metrica] [Voltaje_AC: 221.6 V] [Voltaje_Bateria: 4.088474 V]
[12:34:38]  [SigFox Send] [Payload HEX] 33B360435CF98240000000 
[12:34:41]  [SigFox] [Envio de metrica] [Voltaje_AC: 224.7 V] [Voltaje_Bateria: 4.078825 V]
[12:49:41]  [SigFox Send] [Payload HEX] 66665B438BF28240000000 
[12:49:44]  [SigFox] [Envio de metrica] [Voltaje_AC: 219.9 V] [Voltaje_Bateria: 4.090754 V]
[12:59:22]  [Estado Sistema] [Pendiente] [Voltaje_AC: 0.0 V] [Voltaje_Bateria: 4.09291 V]
[12:59:22]  [Estado Volt AC] [Corte de Suministro] [Voltaje_AC: 0.0 V] [Voltaje_Bateria: 4.09291 V]
[13:00:10]  [SigFox] [Envio de metrica ALARMA] [Voltaje_AC: 0.0 V] [Voltaje_Bateria: 4.052473 V]
[13:00:10]  [Estado Sistema] [ALERTA] [Voltaje_AC: 0.0 V] [Voltaje_Bateria: 4.052473 V]
[13:00:10]  [SigFox Send] [Payload HEX] 00000000DBAD8140020200 
[13:04:23]  [Estado Volt AC] [OK] [Voltaje_AC: 223.8 V] [Voltaje_Bateria: 4.067643 V]
[13:04:24]  [SigFox] [Envio de metrica OK] [Voltaje_AC: 223.8 V] [Voltaje_Bateria: 4.088492 V]
[13:04:24]  [Estado Sistema] [OK] [Voltaje_AC: 223.8 V] [Voltaje_Bateria: 4.088492 V]
[13:04:24]  [SigFox Send] [Payload HEX] CDCC5F43EED48240000000 
[13:19:27]  [SigFox Send] [Payload HEX] 66665F431CD58240000000 
[13:19:29]  [SigFox] [Envio de metrica] [Voltaje_AC: 223.6 V] [Voltaje_Bateria: 4.092491 V]
[13:34:30]  [SigFox Send] [Payload HEX] 9A995D431BF28240000000 
[13:34:32]  [SigFox] [Envio de metrica] [Voltaje_AC: 221.8 V] [Voltaje_Bateria: 4.090415 V]
[13:49:32]  [SigFox Send] [Payload HEX] CD4C5D435F0B8340000000 
[13:49:34]  [SigFox] [Envio de metrica] [Voltaje_AC: 221.2 V] [Voltaje_Bateria: 4.079638 V]
[14:04:34]  [SigFox Send] [Payload HEX] 33B35D434CF78240000000 
[14:04:36]  [SigFox] [Envio de metrica] [Voltaje_AC: 221.8 V] [Voltaje_Bateria: 4.101 V]
[14:19:35]  [SigFox Send] [Payload HEX] 66E65B4346FC8240000000 
[14:19:38]  [SigFox] [Envio de metrica] [Voltaje_AC: 220.3 V] [Voltaje_Bateria: 4.090914 V]
[14:34:38]  [SigFox Send] [Payload HEX] 9A995D4378F58240000000 
[14:34:40]  [SigFox] [Envio de metrica] [Voltaje_AC: 221.7 V] [Voltaje_Bateria: 4.081773 V]
[14:49:40]  [SigFox Send] [Payload HEX] 9A995D435C0E8340000000 
[14:49:43]  [SigFox] [Envio de metrica] [Voltaje_AC: 221.8 V] [Voltaje_Bateria: 4.098629 V]
[15:04:43]  [SigFox Send] [Payload HEX] 33B35C43911B8340000000 
[15:04:45]  [SigFox] [Envio de metrica] [Voltaje_AC: 220.6 V] [Voltaje_Bateria: 4.093649 V]
[15:19:44]  [SigFox Send] [Payload HEX] 33B35E432D308340000000 
[15:19:47]  [SigFox] [Envio de metrica] [Voltaje_AC: 222.5 V] [Voltaje_Bateria: 4.091492 V]
[15:34:48]  [SigFox Send] [Payload HEX] 9A995E43A7CC8240000000 
[15:34:50]  [SigFox] [Envio de metrica] [Voltaje_AC: 222.5 V] [Voltaje_Bateria: 4.093779 V]
[15:49:49]  [SigFox Send] [Payload HEX] 66665F4360D38240000000 
[15:49:53]  [SigFox] [Envio de metrica] [Voltaje_AC: 223.6 V] [Voltaje_Bateria: 4.093646 V]
[16:04:52]  [SigFox Send] [Payload HEX] 66E65F43C2F88240000000 
[16:04:54]  [SigFox] [Envio de metrica] [Voltaje_AC: 223.9 V] [Voltaje_Bateria: 4.094369 V]
[16:19:55]  [SigFox Send] [Payload HEX] 66665F431CDE8240000000 
[16:19:57]  [SigFox] [Envio de metrica] [Voltaje_AC: 223.5 V] [Voltaje_Bateria: 4.084817 V]
[16:34:57]  [SigFox Send] [Payload HEX] CDCC5F436AE58240000000 
[16:35:00]  [SigFox] [Envio de metrica] [Voltaje_AC: 223.6 V] [Voltaje_Bateria: 4.090152 V]
[16:50:00]  [SigFox Send] [Payload HEX] 66E65F433AD68240000000 
[16:50:03]  [SigFox] [Envio de metrica] [Voltaje_AC: 224.0 V] [Voltaje_Bateria: 4.092246 V]
[17:05:03]  [SigFox Send] [Payload HEX] 33B361436AEA8240000000 
[17:05:06]  [SigFox] [Envio de metrica] [Voltaje_AC: 225.3 V] [Voltaje_Bateria: 4.093697 V]
[17:20:06]  [SigFox Send] [Payload HEX] 33B360435FD08240000000 
[17:20:09]  [SigFox] [Envio de metrica] [Voltaje_AC: 224.8 V] [Voltaje_Bateria: 4.086082 V]
[17:35:09]  [SigFox Send] [Payload HEX] CD4C6143B7F38240000000 
[17:35:11]  [SigFox] [Envio de metrica] [Voltaje_AC: 225.3 V] [Voltaje_Bateria: 4.078064 V]
[17:50:12]  [SigFox Send] [Payload HEX] CD4C604354FA8240000000 
[17:50:15]  [SigFox] [Envio de metrica] [Voltaje_AC: 224.1 V] [Voltaje_Bateria: 4.074295 V]
[18:05:15]  [SigFox Send] [Payload HEX] 00006143FAF98240000000 
[18:05:18]  [SigFox] [Envio de metrica] [Voltaje_AC: 224.8 V] [Voltaje_Bateria: 4.095317 V]
[18:20:17]  [SigFox Send] [Payload HEX] 0000624366298340000000 
[18:20:19]  [SigFox] [Envio de metrica] [Voltaje_AC: 226.0 V] [Voltaje_Bateria: 4.098928 V]
[18:35:19]  [SigFox Send] [Payload HEX] 66E66143F4E28240000000 
[18:35:22]  [SigFox] [Envio de metrica] [Voltaje_AC: 226.1 V] [Voltaje_Bateria: 4.088773 V]
[18:50:22]  [SigFox Send] [Payload HEX] 33336243920C8340000000 
[18:50:25]  [SigFox] [Envio de metrica] [Voltaje_AC: 226.6 V] [Voltaje_Bateria: 4.089549 V]
[19:05:25]  [SigFox Send] [Payload HEX] 9A995E43263A8340000000 
[19:05:28]  [SigFox] [Envio de metrica] [Voltaje_AC: 223.2 V] [Voltaje_Bateria: 4.083254 V]
[19:20:28]  [SigFox Send] [Payload HEX] 0000624349F08240000000 
[19:20:30]  [SigFox] [Envio de metrica] [Voltaje_AC: 225.9 V] [Voltaje_Bateria: 4.087505 V]
[19:35:30]  [SigFox Send] [Payload HEX] 9A996143E2E08240000000 
[19:35:33]  [SigFox] [Envio de metrica] [Voltaje_AC: 225.7 V] [Voltaje_Bateria: 4.079932 V]
[19:50:33]  [SigFox Send] [Payload HEX] CD4C6143DBEE8240000000 
[19:50:36]  [SigFox] [Envio de metrica] [Voltaje_AC: 225.8 V] [Voltaje_Bateria: 4.102232 V]
[20:05:36]  [SigFox Send] [Payload HEX] 9A995F432F0F8340000000 
[20:05:39]  [SigFox] [Envio de metrica] [Voltaje_AC: 223.3 V] [Voltaje_Bateria: 4.089238 V]
[20:20:38]  [SigFox Send] [Payload HEX] 9A19634397ED8240000000 
[20:20:40]  [SigFox] [Envio de metrica] [Voltaje_AC: 227.1 V] [Voltaje_Bateria: 4.086245 V]
[20:35:40]  [SigFox Send] [Payload HEX] 0000634385EE8240000000 
[20:35:42]  [SigFox] [Envio de metrica] [Voltaje_AC: 227.1 V] [Voltaje_Bateria: 4.0909 V]
[20:50:43]  [SigFox Send] [Payload HEX] 9A9960432ED68240000000 
[20:50:46]  [SigFox] [Envio de metrica] [Voltaje_AC: 224.3 V] [Voltaje_Bateria: 4.090068 V]
[21:05:46]  [SigFox Send] [Payload HEX] 6666604372E88240000000 
[21:05:49]  [SigFox] [Envio de metrica] [Voltaje_AC: 224.4 V] [Voltaje_Bateria: 4.090569 V]
[21:20:48]  [SigFox Send] [Payload HEX] CDCC6043C3F28240000000 
[21:20:51]  [SigFox] [Envio de metrica] [Voltaje_AC: 224.7 V] [Voltaje_Bateria: 4.093186 V]
[21:35:51]  [SigFox Send] [Payload HEX] CD4C5F4344B58240000000 
[21:35:54]  [SigFox] [Envio de metrica] [Voltaje_AC: 223.3 V] [Voltaje_Bateria: 4.10538 V]
[21:50:54]  [SigFox Send] [Payload HEX] CD4C6143E2D98240000000 
[21:50:57]  [SigFox] [Envio de metrica] [Voltaje_AC: 225.3 V] [Voltaje_Bateria: 4.093528 V]
[22:05:56]  [SigFox Send] [Payload HEX] 00006043B8BE8240000000 
[22:05:59]  [SigFox] [Envio de metrica] [Voltaje_AC: 224.3 V] [Voltaje_Bateria: 4.09064 V]
[22:20:59]  [SigFox Send] [Payload HEX] 66666043D60C8340000000 
[22:21:02]  [SigFox] [Envio de metrica] [Voltaje_AC: 224.7 V] [Voltaje_Bateria: 4.088305 V]
[22:36:01]  [SigFox Send] [Payload HEX] 6666624373EF8240000000 
[22:36:05]  [SigFox] [Envio de metrica] [Voltaje_AC: 226.5 V] [Voltaje_Bateria: 4.087449 V]
[22:51:05]  [SigFox Send] [Payload HEX] 6666624375C18240000000 
[22:51:08]  [SigFox] [Envio de metrica] [Voltaje_AC: 226.4 V] [Voltaje_Bateria: 4.092369 V]
[23:06:08]  [SigFox Send] [Payload HEX] 9A99614390228340000000 
[23:06:11]  [SigFox] [Envio de metrica] [Voltaje_AC: 226.0 V] [Voltaje_Bateria: 4.086772 V]
[23:21:10]  [SigFox Send] [Payload HEX] 0080624362EB8240000000 
[23:21:13]  [SigFox] [Envio de metrica] [Voltaje_AC: 226.7 V] [Voltaje_Bateria: 4.081911 V]
[23:36:12]  [SigFox Send] [Payload HEX] 66E66443FAEE8240000000 
[23:36:15]  [SigFox] [Envio de metrica] [Voltaje_AC: 228.7 V] [Voltaje_Bateria: 4.10353 V]
[23:51:15]  [SigFox Send] [Payload HEX] 33B3604330D48240000000 
[23:51:18]  [SigFox] [Envio de metrica] [Voltaje_AC: 225.3 V] [Voltaje_Bateria: 4.094089 V]
