[00:01:48]  [SigFox Send] [Payload HEX] CD4C614318F28240000000 
[00:01:51]  [SigFox] [Envio de metrica] [Voltaje_AC: 225.6 V] [Voltaje_Bateria: 4.094379 V]
[00:16:52]  [SigFox Send] [Payload HEX] CD4C6143D5FC8240000000 
[00:16:55]  [SigFox] [Envio de metrica] [Voltaje_AC: 225.1 V] [Voltaje_Bateria: 4.080564 V]
[00:31:55]  [SigFox Send] [Payload HEX] 333362430CCE8240000000 
[00:31:58]  [SigFox] [Envio de metrica] [Voltaje_AC: 226.0 V] [Voltaje_Bateria: 4.089074 V]
[00:46:58]  [SigFox Send] [Payload HEX] 6666624336AF8240000000 
[00:47:01]  [SigFox] [Envio de metrica] [Voltaje_AC: 226.4 V] [Voltaje_Bateria: 4.096282 V]
[01:02:00]  [SigFox Send] [Payload HEX] CD4C634398E58240000000 
[01:02:04]  [SigFox] [Envio de metrica] [Voltaje_AC: 227.7 V] [Voltaje_Bateria: 4.08692 V]
[01:17:03]  [SigFox Send] [Payload HEX] CD4C6443F90A8340000000 
[01:17:06]  [SigFox] [Envio de metrica] [Voltaje_AC: 228.5 V] [Voltaje_Bateria: 4.092317 V]
[01:32:06]  [SigFox Send] [Payload HEX] CD4C604388068340000000 
[01:32:09]  [SigFox] [Envio de metrica] [Voltaje_AC: 223.9 V] [Voltaje_Bateria: 4.096844 V]
[01:47:10]  [SigFox Send] [Payload HEX] 33336043D0F38240000000 
[01:47:13]  [SigFox] [Envio de metrica] [Voltaje_AC: 224.6 V] [Voltaje_Bateria: 4.086032 V]
[02:02:13]  [SigFox Send] [Payload HEX] 00806143D6E98240000000 
[02:02:15]  [SigFox] [Envio de metrica] [Voltaje_AC: 225.4 V] [Voltaje_Bateria: 4.075673 V]
[02:17:14]  [SigFox Send] [Payload HEX] 33336143E3EE8240000000 
[02:17:17]  [SigFox] [Envio de metrica] [Voltaje_AC: 225.4 V] [Voltaje_Bateria: 4.083194 V]
[02:32:17]  [SigFox Send] [Payload HEX] 66E6614300BC8240000000 
[02:32:20]  [SigFox] [Envio de metrica] [Voltaje_AC: 225.6 V] [Voltaje_Bateria: 4.095139 V]
[02:47:19]  [SigFox Send] [Payload HEX] 9A1961434AC98240000000 
[02:47:22]  [SigFox] [Envio de metrica] [Voltaje_AC: 225.0 V] [Voltaje_Bateria: 4.107507 V]
[03:02:22]  [SigFox Send] [Payload HEX] 0000634320DE8240000000 
[03:02:25]  [SigFox] [Envio de metrica] [Voltaje_AC: 226.8 V] [Voltaje_Bateria: 4.088629 V]
[03:17:25]  [SigFox Send] [Payload HEX] 33336343D8EE8240000000 
[03:17:28]  [SigFox] [Envio de metrica] [Voltaje_AC: 227.0 V] [Voltaje_Bateria: 4.095651 V]
[03:32:29]  [SigFox Send] [Payload HEX] 0080634310F28240000000 
[03:32:31]  [SigFox] [Envio de metrica] [Voltaje_AC: 227.5 V] [Voltaje_Bateria: 4.093988 V]
[03:47:32]  [SigFox Send] [Payload HEX] 33B363433FDB8240000000 
[03:47:34]  [SigFox] [Envio de metrica] [Voltaje_AC: 227.6 V] [Voltaje_Bateria: 4.090255 V]
[04:02:34]  [SigFox Send] [Payload HEX] CD4C6443EEEF8240000000 
[04:02:37]  [SigFox] [Envio de metrica] [Voltaje_AC: 228.0 V] [Voltaje_Bateria: 4.090713 V]
[04:17:37]  [SigFox Send] [Payload HEX] 9A196443DAEC8240000000 
[04:17:40]  [SigFox] [Envio de metrica] [Voltaje_AC: 228.0 V] [Voltaje_Bateria: 4.064858 V]
[04:32:39]  [SigFox Send] [Payload HEX] 0080634300E08240000000 
[04:32:42]  [SigFox] [Envio de metrica] [Voltaje_AC: 227.6 V] [Voltaje_Bateria: 4.092167 V]
[04:47:41]  [SigFox Send] [Payload HEX] 9A99644326FE8240000000 
[04:47:44]  [SigFox] [Envio de metrica] [Voltaje_AC: 228.6 V] [Voltaje_Bateria: 4.092943 V]
[05:02:44]  [SigFox Send] [Payload HEX] 66E664437C148340000000 
[05:02:47]  [SigFox] [Envio de metrica] [Voltaje_AC: 228.8 V] [Voltaje_Bateria: 4.083455 V]
[05:17:47]  [SigFox Send] [Payload HEX] 33336543CEE18240000000 
[05:17:50]  [SigFox] [Envio de metrica] [Voltaje_AC: 229.2 V] [Voltaje_Bateria: 4.094581 V]
[05:32:50]  [SigFox Send] [Payload HEX] 33336543A6EA8240000000 
[05:32:52]  [SigFox] [Envio de metrica] [Voltaje_AC: 229.3 V] [Voltaje_Bateria: 4.088346 V]
[05:47:52]  [SigFox Send] [Payload HEX] CD4C654398FC8240000000 
[05:47:56]  [SigFox] [Envio de metrica] [Voltaje_AC: 229.3 V] [Voltaje_Bateria: 4.074343 V]
[06:02:55]  [SigFox Send] [Payload HEX] 66666543C2008340000000 
[06:02:58]  [SigFox] [Envio de metrica] [Voltaje_AC: 229.4 V] [Voltaje_Bateria: 4.086599 V]
[06:17:57]  [SigFox Send] [Payload HEX] 00006543F1CE8240000000 
[06:18:00]  [SigFox] [Envio de metrica] [Voltaje_AC: 228.9 V] [Voltaje_Bateria: 4.093554 V]
[06:33:00]  [SigFox Send] [Payload HEX] 008064434AED8240000000 
[06:33:02]  [SigFox] [Envio de metrica] [Voltaje_AC: 228.1 V] [Voltaje_Bateria: 4.072618 V]
[06:48:02]  [SigFox Send] [Payload HEX] 000064435ED58240000000 
[06:48:05]  [SigFox] [Envio de metrica] [Voltaje_AC: 228.6 V] [Voltaje_Bateria: 4.099103 V]
[07:03:04]  [SigFox Send] [Payload HEX] 000065439ACD8240000000 
[07:03:07]  [SigFox] [Envio de metrica] [Voltaje_AC: 229.1 V] [Voltaje_Bateria: 4.083073 V]
[07:18:07]  [SigFox Send] [Payload HEX] 33B3654304D78240000000 
[07:18:09]  [SigFox] [Envio de metrica] [Voltaje_AC: 229.8 V] [Voltaje_Bateria: 4.091101 V]
[07:33:10]  [SigFox Send] [Payload HEX] 9A996643762D8340000000 
[07:33:12]  [SigFox] [Envio de metrica] [Voltaje_AC: 230.6 V] [Voltaje_Bateria: 4.089791 V]
[07:48:12]  [SigFox Send] [Payload HEX] 9A9965435CEB8240000000 
[07:48:14]  [SigFox] [Envio de metrica] [Voltaje_AC: 229.7 V] [Voltaje_Bateria: 4.090692 V]
[08:03:14]  [SigFox Send] [Payload HEX] CDCC6543DEF28240000000 
[08:03:16]  [SigFox] [Envio de metrica] [Voltaje_AC: 229.8 V] [Voltaje_Bateria: 4.089138 V]
[08:18:17]  [SigFox Send] [Payload HEX] 6666644374DA8240000000 
[08:18:19]  [SigFox] [Envio de metrica] [Voltaje_AC: 228.5 V] [Voltaje_Bateria: 4.089747 V]
[08:33:20]  [SigFox Send] [Payload HEX] 00006443CEFE8240000000 
[08:33:22]  [SigFox] [Envio de metrica] [Voltaje_AC: 228.1 V] [Voltaje_Bateria: 4.092387 V]
[08:48:22]  [SigFox Send] [Payload HEX] 6666634379F78240000000 
[08:48:25]  [SigFox] [Envio de metrica] [Voltaje_AC: 227.3 V] [Voltaje_Bateria: 4.089051 V]
[09:03:26]  [SigFox Send] [Payload HEX] 33B362439EEC8240000000 
[09:03:28]  [SigFox] [Envio de metrica] [Voltaje_AC: 226.9 V] [Voltaje_Bateria: 4.08534 V]
[09:18:28]  [SigFox Send] [Payload HEX] 33B3624364CF8240000000 
[09:18:31]  [SigFox] [Envio de metrica] [Voltaje_AC: 226.7 V] [Voltaje_Bateria: 4.090466 V]
[09:33:30]  [SigFox Send] [Payload HEX] 9A9960431CD18240000000 
[09:33:33]  [SigFox] [Envio de metrica] [Voltaje_AC: 224.9 V] [Voltaje_Bateria: 4.088553 V]
[09:48:34]  [SigFox Send] [Payload HEX] CD4C6043B7FF8240000000 
[09:48:36]  [SigFox] [Envio de metrica] [Voltaje_AC: 224.5 V] [Voltaje_Bateria: 4.091326 V]
[10:03:37]  [SigFox Send] [Payload HEX] 9A995F4380FE8240000000 
[10:03:39]  [SigFox] [Envio de metrica] [Voltaje_AC: 223.4 V] [Voltaje_Bateria: 4.065019 V]
[10:18:38]  [SigFox Send] [Payload HEX] 9A995D43B0CC8240000000 
[10:18:42]  [SigFox] [Envio de metrica] [Voltaje_AC: 221.5 V] [Voltaje_Bateria: 4.094531 V]
[10:33:41]  [SigFox Send] [Payload HEX] 6666634379E98240000000 
[10:33:44]  [SigFox] [Envio de metrica] [Voltaje_AC: 227.0 V] [Voltaje_Bateria: 4.091933 V]
[10:48:44]  [SigFox Send] [Payload HEX] 9A19614386E18240000000 
[10:48:47]  [SigFox] [Envio de metrica] [Voltaje_AC: 225.0 V] [Voltaje_Bateria: 4.09127 V]
[11:03:46]  [SigFox Send] [Payload HEX] 66665F43ACED8240000000 
[11:03:49]  [SigFox] [Envio de metrica] [Voltaje_AC: 223.5 V] [Voltaje_Bateria: 4.072547 V]
[11:18:48]  [SigFox Send] [Payload HEX] 33335F43C20C8340000000 
[11:18:51]  [SigFox] [Envio de metrica] [Voltaje_AC: 222.9 V] [Voltaje_Bateria: 4.099853 V]
[11:33:51]  [SigFox Send] [Payload HEX] 0000604310E98240000000 
[11:33:54]  [SigFox] [Envio de metrica] [Voltaje_AC: 223.7 V] [Voltaje_Bateria: 4.086321 V]
[11:48:54]  [SigFox Send] [Payload HEX] 00005F4357DD8240000000 
[11:48:57]  [SigFox] [Envio de metrica] [Voltaje_AC: 223.3 V] [Voltaje_Bateria: 4.092629 V]
[12:03:57]  [SigFox Send] [Payload HEX] 33335E431FF28240000000 
[12:04:00]  [SigFox] [Envio de metrica] [Voltaje_AC: 222.3 V] [Voltaje_Bateria: 4.087177 V]
[12:18:59]  [SigFox Send] [Payload HEX] 66E65D43E3E88240000000 
[12:19:02]  [SigFox] [Envio de metrica] [Voltaje_AC: 222.3 V] [Voltaje_Bateria: 4.084213 V]
[12:34:02]  [SigFox Send] [Payload HEX] CD4C5F43680A8340000000 
[12:34:04]  [SigFox] [Envio de metrica] [Voltaje_AC: 223.4 V] [Voltaje_Bateria: 4.088274 V]
[12:49:05]  [SigFox Send] [Payload HEX] CD4C5E431C0A8340000000 
[12:49:08]  [SigFox] [Envio de metrica] [Voltaje_AC: 222.4 V] [Voltaje_Bateria: 4.090529 V]
[13:04:08]  [SigFox Send] [Payload HEX] 66E66043CCE68240000000 
[13:04:11]  [SigFox] [Envio de metrica] [Voltaje_AC: 224.9 V] [Voltaje_Bateria: 4.091915 V]
[13:19:10]  [SigFox Send] [Payload HEX] 33B35B43DDED8240000000 
[13:19:13]  [SigFox] [Envio de metrica] [Voltaje_AC: 219.7 V] [Voltaje_Bateria: 4.091442 V]
[13:34:13]  [SigFox Send] [Payload HEX] 00805C4336BF8240000000 
[13:34:16]  [SigFox] [Envio de metrica] [Voltaje_AC: 220.2 V] [Voltaje_Bateria: 4.079002 V]
[13:49:16]  [SigFox Send] [Payload HEX] 66665E4374D88240000000 
[13:49:19]  [SigFox] [Envio de metrica] [Voltaje_AC: 220.3 V] [Voltaje_Bateria: 4.083611 V]
[14:04:19]  [SigFox Send] [Payload HEX] 33335C43E4D68240000000 
[14:04:21]  [SigFox] [Envio de metrica] [Voltaje_AC: 219.8 V] [Voltaje_Bateria: 4.08366 V]
[14:19:20]  [SigFox Send] [Payload HEX] 33B35E4398D78240000000 
[14:19:23]  [SigFox] [Envio de metrica] [Voltaje_AC: 222.1 V] [Voltaje_Bateria: 4.088941 V]
[14:34:22]  [SigFox Send] [Payload HEX] 66E65B4331DF8240000000 
[14:34:26]  [SigFox] [Envio de metrica] [Voltaje_AC: 219.6 V] [Voltaje_Bateria: 4.086412 V]
[14:49:25]  [SigFox Send] [Payload HEX] 00805E4300E48240000000 
[14:49:27]  [SigFox] [Envio de metrica] [Voltaje_AC: 222.0 V] [Voltaje_Bateria: 4.086739 V]
[15:04:28]  [SigFox Send] [Payload HEX] 9A195D4322EF8240000000 
[15:04:31]  [SigFox] [Envio de metrica] [Voltaje_AC: 221.6 V] [Voltaje_Bateria: 4.088803 V]
[15:19:31]  [SigFox Send] [Payload HEX] 00805E439DDB8240000000 
[15:19:33]  [SigFox] [Envio de metrica] [Voltaje_AC: 222.9 V] [Voltaje_Bateria: 4.09755 V]
[15:34:34]  [SigFox Send] [Payload HEX] 33B35D43D8068340000000 
[15:34:36]  [SigFox] [Envio de metrica] [Voltaje_AC: 221.7 V] [Voltaje_Bateria: 4.08921 V]
[15:49:36]  [SigFox Send] [Payload HEX] 00805B4302A48240000000 
[15:49:38]  [SigFox] [Envio de metrica] [Voltaje_AC: 219.3 V] [Voltaje_Bateria: 4.090373 V]
[16:04:38]  [SigFox Send] [Payload HEX] 33B35A4388A28240000000 
[16:04:41]  [SigFox] [Envio de metrica] [Voltaje_AC: 218.9 V] [Voltaje_Bateria: 4.100054 V]
[16:19:40]  [SigFox Send] [Payload HEX] 33335C4399DA8240000000 
[16:19:43]  [SigFox] [Envio de metrica] [Voltaje_AC: 220.5 V] [Voltaje_Bateria: 4.090114 V]
[16:34:43]  [SigFox Send] [Payload HEX] 33B35C43DAF18240000000 
[16:34:46]  [SigFox] [Envio de metrica] [Voltaje_AC: 220.8 V] [Voltaje_Bateria: 4.093606 V]
[16:49:46]  [SigFox Send] [Payload HEX] 9A195C43FCFE8240000000 
[16:49:48]  [SigFox] [Envio de metrica] [Voltaje_AC: 219.8 V] [Voltaje_Bateria: 4.086725 V]
[17:04:49]  [SigFox Send] [Payload HEX] 9A995C4326E58240000000 
[17:04:51]  [SigFox] [Envio de metrica] [Voltaje_AC: 220.6 V] [Voltaje_Bateria: 4.092107 V]
[17:19:52]  [SigFox Send] [Payload HEX] 66665C4382F88240000000 
[17:19:55]  [SigFox] [Envio de metrica] [Voltaje_AC: 220.5 V] [Voltaje_Bateria: 4.088936 V]
[17:34:55]  [SigFox Send] [Payload HEX] 00805F43C0F18240000000 
[17:34:58]  [SigFox] [Envio de metrica] [Voltaje_AC: 223.5 V] [Voltaje_Bateria: 4.092673 V]
[17:49:58]  [SigFox Send] [Payload HEX] 00805F43D0DD8240000000 
[17:50:01]  [SigFox] [Envio de metrica] [Voltaje_AC: 223.4 V] [Voltaje_Bateria: 4.09586 V]
[18:05:00]  [SigFox Send] [Payload HEX] 66E65E4398038340000000 
[18:05:02]  [SigFox] [Envio de metrica] [Voltaje_AC: 223.1 V] [Voltaje_Bateria: 4.094481 V]
[18:20:02]  [SigFox Send] [Payload HEX] 33335F432CCF8240000000 
[18:20:04]  [SigFox] [Envio de metrica] [Voltaje_AC: 223.1 V] [Voltaje_Bateria: 4.083409 V]
[18:35:03]  [SigFox Send] [Payload HEX] 00005F43DEDB8240000000 
[18:35:07]  [SigFox] [Envio de metrica] [Voltaje_AC: 223.0 V] [Voltaje_Bateria: 4.101369 V]
[18:50:07]  [SigFox Send] [Payload HEX] CD4C5F4357BF8240000000 
[18:50:09]  [SigFox] [Envio de metrica] [Voltaje_AC: 223.4 V] [Voltaje_Bateria: 4.092222 V]
[19:05:10]  [SigFox Send] [Payload HEX] 66E65F43D3D98240000000 
[19:05:12]  [SigFox] [Envio de metrica] [Voltaje_AC: 223.9 V] [Voltaje_Bateria: 4.088679 V]
[19:20:12]  [SigFox Send] [Payload HEX] 3333604374F18240000000 
[19:20:15]  [SigFox] [Envio de metrica] [Voltaje_AC: 223.6 V] [Voltaje_Bateria: 4.093268 V]
[19:35:15]  [SigFox Send] [Payload HEX] 6666604372F78240000000 
[19:35:18]  [SigFox] [Envio de metrica] [Voltaje_AC: 224.5 V] [Voltaje_Bateria: 4.09337 V]
[19:50:17]  [SigFox Send] [Payload HEX] 9A196143C2FE8240000000 
[19:50:20]  [SigFox] [Envio de metrica] [Voltaje_AC: 225.2 V] [Voltaje_Bateria: 4.092335 V]
[20:05:21]  [SigFox Send] [Payload HEX] 66E6604308CA8240000000 
[20:05:23]  [SigFox] [Envio de metrica] [Voltaje_AC: 224.7 V] [Voltaje_Bateria: 4.088364 V]
[20:20:23]  [SigFox Send] [Payload HEX] 9A19614375198340000000 
[20:20:26]  [SigFox] [Envio de metrica] [Voltaje_AC: 225.0 V] [Voltaje_Bateria: 4.092327 V]
[20:35:26]  [SigFox Send] [Payload HEX] 0000614372EE8240000000 
[20:35:29]  [SigFox] [Envio de metrica] [Voltaje_AC: 224.6 V] [Voltaje_Bateria: 4.087166 V]
[20:50:28]  [SigFox Send] [Payload HEX] CD4C5F432E0B8340000000 
[20:50:31]  [SigFox] [Envio de metrica] [Voltaje_AC: 223.1 V] [Voltaje_Bateria: 4.090572 V]
[21:05:31]  [SigFox Send] [Payload HEX] 33B35C435AE08240000000 
[21:05:33]  [SigFox] [Envio de metrica] [Voltaje_AC: 221.1 V] [Voltaje_Bateria: 4.090521 V]
[21:20:35]  [SigFox Send] [Payload HEX] 66E65D43E6AA8240000000 
[21:20:37]  [SigFox] [Envio de metrica] [Voltaje_AC: 221.9 V] [Voltaje_Bateria: 4.085057 V]
[21:35:37]  [SigFox Send] [Payload HEX] 9A995E43720F8340000000 
[21:35:40]  [SigFox] [Envio de metrica] [Voltaje_AC: 222.5 V] [Voltaje_Bateria: 4.086607 V]
[21:50:39]  [SigFox Send] [Payload HEX] 66665E43C3F18240000000 
[21:50:41]  [SigFox] [Envio de metrica] [Voltaje_AC: 222.6 V] [Voltaje_Bateria: 4.084978 V]
[22:05:41]  [SigFox Send] [Payload HEX] CD4C5E4313C08240000000 
[22:05:44]  [SigFox] [Envio de metrica] [Voltaje_AC: 222.7 V] [Voltaje_Bateria: 4.088797 V]
[22:20:44]  [SigFox Send] [Payload HEX] CD4C5E435EE08240000000 
[22:20:47]  [SigFox] [Envio de metrica] [Voltaje_AC: 222.7 V] [Voltaje_Bateria: 4.091371 V]
[22:35:47]  [SigFox Send] [Payload HEX] 9A1960431AF98240000000 
[22:35:50]  [SigFox] [Envio de metrica] [Voltaje_AC: 224.0 V] [Voltaje_Bateria: 4.094531 V]
[22:50:49]  [SigFox Send] [Payload HEX] 33B36043C8CA8240000000 
[22:50:52]  [SigFox] [Envio de metrica] [Voltaje_AC: 224.8 V] [Voltaje_Bateria: 4.086992 V]
[23:05:51]  [SigFox Send] [Payload HEX] 33B361431CE48240000000 
[23:05:54]  [SigFox] [Envio de metrica] [Voltaje_AC: 225.4 V] [Voltaje_Bateria: 4.09067 V]
[23:20:53]  [SigFox Send] [Payload HEX] 33B3604368CE8240000000 
[23:20:56]  [SigFox] [Envio de metrica] [Voltaje_AC: 224.7 V] [Voltaje_Bateria: 4.077933 V]
[23:35:56]  [SigFox Send] [Payload HEX] 333361430CE38240000000 
[23:35:59]  [SigFox] [Envio de metrica] [Voltaje_AC: 225.0 V] [Voltaje_Bateria: 4.093062 V]
[23:50:59]  [SigFox Send] [Payload HEX] 00806143BAC38240000000 
[23:51:02]  [SigFox] [Envio de metrica] [Voltaje_AC: 225.5 V] [Voltaje_Bateria: 4.085999 V]
[23:59:24]  [Estado Sistema] [Pendiente] [Voltaje_AC: 0.0 V] [Voltaje_Bateria: 4.088994 V]
[23:59:24]  [Estado Volt AC] [Corte de Suministro] [Voltaje_AC: 0.0 V] [Voltaje_Bateria: 4.088994 V]
