[00:00:12]  [Estado Sistema] [ALERTA] [Voltaje_AC: 0.0 V] [Voltaje_Bateria: 4.051432 V]
[00:00:13]  [SigFox] [Envio de metrica ALARMA] [Voltaje_AC: 0.0 V] [Voltaje_Bateria: 4.051432 V]
[00:00:13]  [SigFox Send] [Payload HEX] 0000000055A58140020200 
[00:04:25]  [Estado Volt AC] [OK] [Voltaje_AC: 226.5 V] [Voltaje_Bateria: 4.045572 V]
[00:04:25]  [SigFox] [Envio de metrica OK] [Voltaje_AC: 226.5 V] [Voltaje_Bateria: 4.045572 V]
[00:04:25]  [Estado Sistema] [OK] [Voltaje_AC: 226.5 V] [Voltaje_Bateria: 4.088849 V]
[00:04:25]  [SigFox Send] [Payload HEX] 0080624354758140000000 
[00:19:29]  [SigFox Send] [Payload HEX] 000064439ACD8240000000 
[00:19:32]  [SigFox] [Envio de metrica] [Voltaje_AC: 227.7 V] [Voltaje_Bateria: 4.093565 V]
[00:34:31]  [SigFox Send] [Payload HEX] 00806343EAE48240000000 
[00:34:34]  [SigFox] [Envio de metrica] [Voltaje_AC: 227.8 V] [Voltaje_Bateria: 4.091022 V]
[00:49:34]  [SigFox Send] [Payload HEX] 9A1961436EEB8240000000 
[00:49:37]  [SigFox] [Envio de metrica] [Voltaje_AC: 224.7 V] [Voltaje_Bateria: 4.09035 V]
[00:59:22]  [Estado Sistema] [Pendiente] [Voltaje_AC: 0.0 V] [Voltaje_Bateria: 4.089077 V]
[00:59:23]  [Estado Volt AC] [Corte de Suministro] [Voltaje_AC: 0.0 V] [Voltaje_Bateria: 4.089077 V]
[01:00:11]  [SigFox] [Envio de metrica ALARMA] [Voltaje_AC: 0.0 V] [Voltaje_Bateria: 4.054674 V]
[01:00:11]  [Estado Sistema] [ALERTA] [Voltaje_AC: 0.0 V] [Voltaje_Bateria: 4.054674 V]
[01:00:11]  [SigFox Send] [Payload HEX] 00000000E4BF8140020200 
[01:04:24]  [SigFox] [Envio de metrica OK] [Voltaje_AC: 225.8 V] [Voltaje_Bateria: 4.085979 V]
[01:04:24]  [Estado Sistema] [OK] [Voltaje_AC: 225.8 V] [Voltaje_Bateria: 4.085979 V]
[01:04:24]  [Estado Volt AC] [OK] [Voltaje_AC: 225.8 V] [Voltaje_Bateria: 4.085979 V]
[01:04:24]  [SigFox Send] [Payload HEX] CDCC614356C08240000000 
[01:19:26]  [SigFox Send] [Payload HEX] 9A996243520E8340000000 
[01:19:29]  [SigFox] [Envio de metrica] [Voltaje_AC: 226.2 V] [Voltaje_Bateria: 4.108658 V]
[01:34:29]  [SigFox Send] [Payload HEX] CDCC62434DE88240000000 
[01:34:32]  [SigFox] [Envio de metrica] [Voltaje_AC: 226.8 V] [Voltaje_Bateria: 4.092114 V]
[01:49:32]  [SigFox Send] [Payload HEX] CDCC634306E28240000000 
[01:49:35]  [SigFox] [Envio de metrica] [Voltaje_AC: 227.8 V] [Voltaje_Bateria: 4.079589 V]
[01:59:21]  [Estado Volt AC] [Corte de Suministro] [Voltaje_AC: 0.0 V] [Voltaje_Bateria: 4.093167 V]
[01:59:21]  [Estado Sistema] [Pendiente] [Voltaje_AC: 0.0 V] [Voltaje_Bateria: 4.093167 V]
[02:00:10]  [SigFox] [Envio de metrica ALARMA] [Voltaje_AC: 0.0 V] [Voltaje_Bateria: 4.044087 V]
[02:00:10]  [Estado Sistema] [ALERTA] [Voltaje_AC: 0.0 V] [Voltaje_Bateria: 4.044087 V]
[02:00:10]  [SigFox Send] [Payload HEX] 000000002A698140020200 
[02:04:22]  [Estado Volt AC] [OK] [Voltaje_AC: 228.6 V] [Voltaje_Bateria: 4.082167 V]
[02:04:22]  [SigFox] [Envio de metrica OK] [Voltaje_AC: 228.6 V] [Voltaje_Bateria: 4.082167 V]
[02:04:22]  [Estado Sistema] [OK] [Voltaje_AC: 228.6 V] [Voltaje_Bateria: 4.082167 V]
[02:04:22]  [SigFox Send] [Payload HEX] 9A9964431CA18240000000 
[02:19:25]  [SigFox Send] [Payload HEX] 9A196443FCCF8240000000 
[02:19:28]  [SigFox] [Envio de metrica] [Voltaje_AC: 228.1 V] [Voltaje_Bateria: 4.090173 V]
[02:34:27]  [SigFox Send] [Payload HEX] 9A196443DAE18240000000 
[02:34:30]  [SigFox] [Envio de metrica] [Voltaje_AC: 228.3 V] [Voltaje_Bateria: 4.080061 V]
[02:49:29]  [SigFox Send] [Payload HEX] 33336443890B8340000000 
[02:49:32]  [SigFox] [Envio de metrica] [Voltaje_AC: 228.0 V] [Voltaje_Bateria: 4.091007 V]
[03:04:32]  [SigFox Send] [Payload HEX] CD4C6443DBD78240000000 
[03:04:35]  [SigFox] [Envio de metrica] [Voltaje_AC: 228.5 V] [Voltaje_Bateria: 4.110536 V]
[03:19:34]  [SigFox Send] [Payload HEX] 9A196543A8F98240000000 
[03:19:37]  [SigFox] [Envio de metrica] [Voltaje_AC: 228.9 V] [Voltaje_Bateria: 4.086378 V]
[03:34:36]  [SigFox Send] [Payload HEX] 9A19654368EA8240000000 
[03:34:39]  [SigFox] [Envio de metrica] [Voltaje_AC: 229.5 V] [Voltaje_Bateria: 4.087853 V]
[03:49:39]  [SigFox Send] [Payload HEX] 00806543DCE58240000000 
[03:49:42]  [SigFox] [Envio de metrica] [Voltaje_AC: 229.8 V] [Voltaje_Bateria: 4.089982 V]
[03:59:22]  [Estado Volt AC] [Corte de Suministro] [Voltaje_AC: 0.0 V] [Voltaje_Bateria: 4.090871 V]
[03:59:22]  [Estado Sistema] [Pendiente] [Voltaje_AC: 0.0 V] [Voltaje_Bateria: 4.090871 V]
[04:00:10]  [SigFox] [Envio de metrica ALARMA] [Voltaje_AC: 0.0 V] [Voltaje_Bateria: 4.053617 V]
[04:00:10]  [Estado Sistema] [ALERTA] [Voltaje_AC: 0.0 V] [Voltaje_Bateria: 4.053617 V]
[04:00:10]  [SigFox Send] [Payload HEX] 000000003AB78140020200 
[04:04:25]  [Estado Sistema] [OK] [Voltaje_AC: 230.0 V] [Voltaje_Bateria: 4.08904 V]
[04:04:25]  [Estado Volt AC] [OK] [Voltaje_AC: 230.0 V] [Voltaje_Bateria: 4.08904 V]
[04:04:25]  [SigFox] [Envio de metrica OK] [Voltaje_AC: 230.0 V] [Voltaje_Bateria: 4.08904 V]
[04:04:25]  [SigFox Send] [Payload HEX] 000066436BD98240000000 
[04:19:27]  [SigFox Send] [Payload HEX] CD4C66439EDA8240000000 
[04:19:30]  [SigFox] [Envio de metrica] [Voltaje_AC: 229.9 V] [Voltaje_Bateria: 4.092556 V]
[04:34:29]  [SigFox Send] [Payload HEX] 0000634365ED8240000000 
[04:34:32]  [SigFox] [Envio de metrica] [Voltaje_AC: 227.3 V] [Voltaje_Bateria: 4.097705 V]
[04:49:32]  [SigFox Send] [Payload HEX] CD4C6343C3F28240000000 
[04:49:35]  [SigFox] [Envio de metrica] [Voltaje_AC: 227.5 V] [Voltaje_Bateria: 4.094479 V]
[05:04:34]  [SigFox Send] [Payload HEX] CD4C62439DDE8240000000 
[05:04:37]  [SigFox] [Envio de metrica] [Voltaje_AC: 226.7 V] [Voltaje_Bateria: 4.098718 V]
[05:19:36]  [SigFox Send] [Payload HEX] CDCC61435AE18240000000 
[05:19:38]  [SigFox] [Envio de metrica] [Voltaje_AC: 225.7 V] [Voltaje_Bateria: 4.085527 V]
[05:34:38]  [SigFox Send] [Payload HEX] 33B3624370088340000000 
[05:34:41]  [SigFox] [Envio de metrica] [Voltaje_AC: 226.2 V] [Voltaje_Bateria: 4.091187 V]
[05:49:41]  [SigFox Send] [Payload HEX] 0000624394D18240000000 
[05:49:43]  [SigFox] [Envio de metrica] [Voltaje_AC: 225.8 V] [Voltaje_Bateria: 4.091115 V]
[06:04:43]  [SigFox Send] [Payload HEX] 00806243FCEF8240000000 
[06:04:46]  [SigFox] [Envio de metrica] [Voltaje_AC: 226.1 V] [Voltaje_Bateria: 4.096142 V]
[06:19:46]  [SigFox Send] [Payload HEX] 0000614353E58240000000 
[06:19:49]  [SigFox] [Envio de metrica] [Voltaje_AC: 225.5 V] [Voltaje_Bateria: 4.095536 V]
[06:34:49]  [SigFox Send] [Payload HEX] CD4C60435CDD8240000000 
[06:34:52]  [SigFox] [Envio de metrica] [Voltaje_AC: 224.6 V] [Voltaje_Bateria: 4.099994 V]
[06:49:51]  [SigFox Send] [Payload HEX] 9A9960432C048340000000 
[06:49:54]  [SigFox] [Envio de metrica] [Voltaje_AC: 224.1 V] [Voltaje_Bateria: 4.086991 V]
[07:04:54]  [SigFox Send] [Payload HEX] 3333614340FC8240000000 
[07:04:56]  [SigFox] [Envio de metrica] [Voltaje_AC: 225.3 V] [Voltaje_Bateria: 4.089331 V]
[07:19:56]  [SigFox Send] [Payload HEX] 333362438C0C8340000000 
[07:19:59]  [SigFox] [Envio de metrica] [Voltaje_AC: 226.1 V] [Voltaje_Bateria: 4.087102 V]
[07:34:58]  [SigFox Send] [Payload HEX] CD4C6143C0FC8240000000 
[07:35:01]  [SigFox] [Envio de metrica] [Voltaje_AC: 225.3 V] [Voltaje_Bateria: 4.094845 V]
[07:50:00]  [SigFox Send] [Payload HEX] 9A996143B6DD8240000000 
[07:50:03]  [SigFox] [Envio de metrica] [Voltaje_AC: 225.5 V] [Voltaje_Bateria: 4.092582 V]
[08:05:03]  [SigFox Send] [Payload HEX] 66E660432FE08240000000 
[08:05:06]  [SigFox] [Envio de metrica] [Voltaje_AC: 224.8 V] [Voltaje_Bateria: 4.087852 V]
[08:20:06]  [SigFox Send] [Payload HEX] 9A995F43101B8340000000 
[08:20:09]  [SigFox] [Envio de metrica] [Voltaje_AC: 223.6 V] [Voltaje_Bateria: 4.094029 V]
[08:35:09]  [SigFox Send] [Payload HEX] 00006143C3E48240000000 
[08:35:12]  [SigFox] [Envio de metrica] [Voltaje_AC: 225.1 V] [Voltaje_Bateria: 4.089723 V]
[08:50:11]  [SigFox Send] [Payload HEX] 6666614324D88240000000 
[08:50:14]  [SigFox] [Envio de metrica] [Voltaje_AC: 225.0 V] [Voltaje_Bateria: 4.089989 V]
[09:05:13]  [SigFox Send] [Payload HEX] 66666043BE048340000000 
[09:05:16]  [SigFox] [Envio de metrica] [Voltaje_AC: 224.4 V] [Voltaje_Bateria: 4.075533 V]
[09:20:15]  [SigFox Send] [Payload HEX] 00005F4315F38240000000 
[09:20:18]  [SigFox] [Envio de metrica] [Voltaje_AC: 222.9 V] [Voltaje_Bateria: 4.093602 V]
[09:35:17]  [SigFox Send] [Payload HEX] CDCC604314D78240000000 
[09:35:20]  [SigFox] [Envio de metrica] [Voltaje_AC: 224.8 V] [Voltaje_Bateria: 4.096196 V]
[09:50:19]  [SigFox Send] [Payload HEX] 33B35F43D0118340000000 
[09:50:21]  [SigFox] [Envio de metrica] [Voltaje_AC: 223.8 V] [Voltaje_Bateria: 4.098001 V]
[10:05:21]  [SigFox Send] [Payload HEX] 9A995E43CC278340000000 
[10:05:24]  [SigFox] [Envio de metrica] [Voltaje_AC: 222.9 V] [Voltaje_Bateria: 4.091881 V]
[10:20:24]  [SigFox Send] [Payload HEX] 66E65D435AE58240000000 
[10:20:26]  [SigFox] [Envio de metrica] [Voltaje_AC: 222.1 V] [Voltaje_Bateria: 4.088803 V]
[10:35:27]  [SigFox Send] [Payload HEX] 00806043A6F58240000000 
[10:35:30]  [SigFox] [Envio de metrica] [Voltaje_AC: 224.7 V] [Voltaje_Bateria: 4.092637 V]
[10:50:30]  [SigFox Send] [Payload HEX] 66E65F4384DC8240000000 
[10:50:33]  [SigFox] [Envio de metrica] [Voltaje_AC: 223.5 V] [Voltaje_Bateria: 4.084529 V]
[11:05:33]  [SigFox Send] [Payload HEX] CD4C5F430EF38240000000 
[11:05:36]  [SigFox] [Envio de metrica] [Voltaje_AC: 223.1 V] [Voltaje_Bateria: 4.098776 V]
[11:20:35]  [SigFox Send] [Payload HEX] 00805F4327F48240000000 
[11:20:38]  [SigFox] [Envio de metrica] [Voltaje_AC: 223.5 V] [Voltaje_Bateria: 4.092897 V]
[11:35:37]  [SigFox Send] [Payload HEX] 66665D4383078340000000 
[11:35:40]  [SigFox] [Envio de metrica] [Voltaje_AC: 221.9 V] [Voltaje_Bateria: 4.092496 V]
[11:50:40]  [SigFox Send] [Payload HEX] CD4C6143BFE68240000000 
[11:50:43]  [SigFox] [Envio de metrica] [Voltaje_AC: 225.3 V] [Voltaje_Bateria: 4.091821 V]
[12:05:43]  [SigFox Send] [Payload HEX] 666660432CF68240000000 
[12:05:46]  [SigFox] [Envio de metrica] [Voltaje_AC: 224.5 V] [Voltaje_Bateria: 4.104405 V]
[12:20:45]  [SigFox Send] [Payload HEX] 00005F43EDF48240000000 
[12:20:48]  [SigFox] [Envio de metrica] [Voltaje_AC: 223.3 V] [Voltaje_Bateria: 4.091262 V]
[12:35:47]  [SigFox Send] [Payload HEX] 6666604392218340000000 
[12:35:49]  [SigFox] [Envio de metrica] [Voltaje_AC: 224.1 V] [Voltaje_Bateria: 4.101307 V]
[12:50:50]  [SigFox Send] [Payload HEX] CD4C5F43DFFA8240000000 
[12:50:53]  [SigFox] [Envio de metrica] [Voltaje_AC: 223.6 V] [Voltaje_Bateria: 4.090761 V]
[12:59:23]  [Estado Sistema] [Pendiente] [Voltaje_AC: 0.0 V] [Voltaje_Bateria: 4.069368 V]
[12:59:23]  [Estado Volt AC] [Corte de Suministro] [Voltaje_AC: 0.0 V] [Voltaje_Bateria: 4.069368 V]
[13:00:12]  [SigFox] [Envio de metrica ALARMA] [Voltaje_AC: 0.0 V] [Voltaje_Bateria: 4.05076 V]
[13:00:13]  [Estado Sistema] [ALERTA] [Voltaje_AC: 0.0 V] [Voltaje_Bateria: 4.05076 V]
[13:00:12]  [SigFox Send] [Payload HEX] 00000000D39F8140020200 
[13:04:24]  [SigFox] [Envio de metrica OK] [Voltaje_AC: 222.3 V] [Voltaje_Bateria: 4.089458 V]
[13:04:24]  [Estado Sistema] [OK] [Voltaje_AC: 222.3 V] [Voltaje_Bateria: 4.089458 V]
[13:04:25]  [Estado Volt AC] [OK] [Voltaje_AC: 222.3 V] [Voltaje_Bateria: 4.089458 V]
[13:04:24]  [SigFox Send] [Payload HEX] CD4C5E43D7DC8240000000 
[13:19:27]  [SigFox Send] [Payload HEX] 9A19614374ED8240000000 
[13:19:30]  [SigFox] [Envio de metrica] [Voltaje_AC: 225.2 V] [Voltaje_Bateria: 4.096568 V]
[13:34:29]  [SigFox Send] [Payload HEX] 333361434EE98240000000 
[13:34:32]  [SigFox] [Envio de metrica] [Voltaje_AC: 224.8 V] [Voltaje_Bateria: 4.089907 V]
[13:49:32]  [SigFox Send] [Payload HEX] 9A1960434AEB8240000000 
[13:49:35]  [SigFox] [Envio de metrica] [Voltaje_AC: 224.5 V] [Voltaje_Bateria: 4.09647 V]
[14:04:36]  [SigFox Send] [Payload HEX] 3333604322DE8240000000 
[14:04:38]  [SigFox] [Envio de metrica] [Voltaje_AC: 224.3 V] [Voltaje_Bateria: 4.097259 V]
[14:19:38]  [SigFox Send] [Payload HEX] 9A995E4315FE8240000000 
[14:19:41]  [SigFox] [Envio de metrica] [Voltaje_AC: 222.6 V] [Voltaje_Bateria: 4.090166 V]
[14:34:41]  [SigFox Send] [Payload HEX] 33B35E438E1A8340000000 
[14:34:44]  [SigFox] [Envio de metrica] [Voltaje_AC: 222.7 V] [Voltaje_Bateria: 4.095393 V]
[14:49:43]  [SigFox Send] [Payload HEX] 9A995B4373098340000000 
[14:49:46]  [SigFox] [Envio de metrica] [Voltaje_AC: 218.9 V] [Voltaje_Bateria: 4.093553 V]
[15:04:45]  [SigFox Send] [Payload HEX] 9A195E4380E48240000000 
[15:04:48]  [SigFox] [Envio de metrica] [Voltaje_AC: 221.5 V] [Voltaje_Bateria: 4.090262 V]
[15:19:48]  [SigFox Send] [Payload HEX] 33335D430EFC8240000000 
[15:19:51]  [SigFox] [Envio de metrica] [Voltaje_AC: 221.4 V] [Voltaje_Bateria: 4.090756 V]
[15:34:50]  [SigFox Send] [Payload HEX] CDCC5C4381EA8240000000 
[15:34:53]  [SigFox] [Envio de metrica] [Voltaje_AC: 221.3 V] [Voltaje_Bateria: 4.087733 V]
[15:49:53]  [SigFox Send] [Payload HEX] 9A995D43ECED8240000000 
[15:49:56]  [SigFox] [Envio de metrica] [Voltaje_AC: 221.7 V] [Voltaje_Bateria: 4.091603 V]
[16:04:56]  [SigFox Send] [Payload HEX] 9A195F438C068340000000 
[16:04:58]  [SigFox] [Envio de metrica] [Voltaje_AC: 222.9 V] [Voltaje_Bateria: 4.094549 V]
[16:19:59]  [SigFox Send] [Payload HEX] 66665E4370F28240000000 
[16:20:02]  [SigFox] [Envio de metrica] [Voltaje_AC: 222.2 V] [Voltaje_Bateria: 4.091371 V]
[16:35:02]  [SigFox Send] [Payload HEX] 66E65E4332F88240000000 
[16:35:05]  [SigFox] [Envio de metrica] [Voltaje_AC: 223.0 V] [Voltaje_Bateria: 4.097668 V]
[16:50:04]  [SigFox Send] [Payload HEX] 9A995F43F4E58240000000 
[16:50:07]  [SigFox] [Envio de metrica] [Voltaje_AC: 223.5 V] [Voltaje_Bateria: 4.093519 V]
[17:05:06]  [SigFox Send] [Payload HEX] 9A196143B0CC8240000000 
[17:05:09]  [SigFox] [Envio de metrica] [Voltaje_AC: 224.9 V] [Voltaje_Bateria: 4.09866 V]
[17:20:09]  [SigFox Send] [Payload HEX] 66E661434AEB8240000000 
[17:20:12]  [SigFox] [Envio de metrica] [Voltaje_AC: 226.1 V] [Voltaje_Bateria: 4.095315 V]
[17:35:11]  [SigFox Send] [Payload HEX] 0000624332FA8240000000 
[17:35:14]  [SigFox] [Envio de metrica] [Voltaje_AC: 225.9 V] [Voltaje_Bateria: 4.095005 V]
[17:50:14]  [SigFox Send] [Payload HEX] 9A196143A6EF8240000000 
[17:50:17]  [SigFox] [Envio de metrica] [Voltaje_AC: 225.1 V] [Voltaje_Bateria: 4.100368 V]
[18:05:17]  [SigFox Send] [Payload HEX] CD4C6143EFE18240000000 
[18:05:20]  [SigFox] [Envio de metrica] [Voltaje_AC: 224.9 V] [Voltaje_Bateria: 4.086602 V]
[18:20:19]  [SigFox Send] [Payload HEX] 66E65C430AFF8240000000 
[18:20:23]  [SigFox] [Envio de metrica] [Voltaje_AC: 220.5 V] [Voltaje_Bateria: 4.092158 V]
[18:35:23]  [SigFox Send] [Payload HEX] 66665F4328CC8240000000 
[18:35:26]  [SigFox] [Envio de metrica] [Voltaje_AC: 223.7 V] [Voltaje_Bateria: 4.083148 V]
[18:50:26]  [SigFox Send] [Payload HEX] 00005F4350EE8240000000 
[18:50:29]  [SigFox] [Envio de metrica] [Voltaje_AC: 222.4 V] [Voltaje_Bateria: 4.091133 V]
[19:05:29]  [SigFox Send] [Payload HEX] 00806143890B8340000000 
[19:05:32]  [SigFox] [Envio de metrica] [Voltaje_AC: 225.2 V] [Voltaje_Bateria: 4.088293 V]
[19:20:32]  [SigFox Send] [Payload HEX] CD4C6243DAE78240000000 
[19:20:35]  [SigFox] [Envio de metrica] [Voltaje_AC: 226.2 V] [Voltaje_Bateria: 4.092545 V]
[19:35:34]  [SigFox Send] [Payload HEX] CDCC614300F68240000000 
[19:35:37]  [SigFox] [Envio de metrica] [Voltaje_AC: 225.6 V] [Voltaje_Bateria: 4.094378 V]
[19:50:36]  [SigFox Send] [Payload HEX] 6666624395C88240000000 
[19:50:39]  [SigFox] [Envio de metrica] [Voltaje_AC: 225.9 V] [Voltaje_Bateria: 4.087837 V]
[20:05:39]  [SigFox Send] [Payload HEX] 00006343A2F78240000000 
[20:05:42]  [SigFox] [Envio de metrica] [Voltaje_AC: 227.0 V] [Voltaje_Bateria: 4.087669 V]
[20:20:42]  [SigFox Send] [Payload HEX] 6666634305ED8240000000 
[20:20:45]  [SigFox] [Envio de metrica] [Voltaje_AC: 227.7 V] [Voltaje_Bateria: 4.088773 V]
[20:35:45]  [SigFox Send] [Payload HEX] 9A1962431EE18240000000 
[20:35:47]  [SigFox] [Envio de metrica] [Voltaje_AC: 226.3 V] [Voltaje_Bateria: 4.094089 V]
[20:50:47]  [SigFox Send] [Payload HEX] 33B360431EC48240000000 
[20:50:50]  [SigFox] [Envio de metrica] [Voltaje_AC: 225.0 V] [Voltaje_Bateria: 4.095723 V]
[21:05:51]  [SigFox Send] [Payload HEX] 33B35F4350FC8240000000 
[21:05:53]  [SigFox] [Envio de metrica] [Voltaje_AC: 223.6 V] [Voltaje_Bateria: 4.089188 V]
[21:20:53]  [SigFox Send] [Payload HEX] 9A196043C2D28240000000 
[21:20:56]  [SigFox] [Envio de metrica] [Voltaje_AC: 224.2 V] [Voltaje_Bateria: 4.088581 V]
[21:35:55]  [SigFox Send] [Payload HEX] CD4C604312D88240000000 
[21:35:58]  [SigFox] [Envio de metrica] [Voltaje_AC: 224.3 V] [Voltaje_Bateria: 4.079668 V]
[21:50:57]  [SigFox Send] [Payload HEX] CD4C6143D4FE8240000000 
[21:51:00]  [SigFox] [Envio de metrica] [Voltaje_AC: 225.2 V] [Voltaje_Bateria: 4.089352 V]
[22:06:00]  [SigFox Send] [Payload HEX] 00006143CF0F8340000000 
[22:06:03]  [SigFox] [Envio de metrica] [Voltaje_AC: 225.4 V] [Voltaje_Bateria: 4.08016 V]
[22:21:04]  [SigFox Send] [Payload HEX] CDCC5F4398DD8240000000 
[22:21:06]  [SigFox] [Envio de metrica] [Voltaje_AC: 223.8 V] [Voltaje_Bateria: 4.078562 V]
[22:36:06]  [SigFox Send] [Payload HEX] CD4C6043D6DD8240000000 
[22:36:09]  [SigFox] [Envio de metrica] [Voltaje_AC: 224.3 V] [Voltaje_Bateria: 4.093077 V]
[22:51:09]  [SigFox Send] [Payload HEX] 33335D43BEDC8240000000 
[22:51:12]  [SigFox] [Envio de metrica] [Voltaje_AC: 221.6 V] [Voltaje_Bateria: 4.091763 V]
[23:06:12]  [SigFox Send] [Payload HEX] 66665E4392BF8240000000 
[23:06:15]  [SigFox] [Envio de metrica] [Voltaje_AC: 222.7 V] [Voltaje_Bateria: 4.097558 V]
[23:21:15]  [SigFox Send] [Payload HEX] 33B35F43F0E18240000000 
[23:21:18]  [SigFox] [Envio de metrica] [Voltaje_AC: 223.6 V] [Voltaje_Bateria: 4.082332 V]
[23:36:18]  [SigFox Send] [Payload HEX] CDCC6043BC088340000000 
[23:36:21]  [SigFox] [Envio de metrica] [Voltaje_AC: 224.8 V] [Voltaje_Bateria: 4.093137 V]
[23:51:21]  [SigFox Send] [Payload HEX] CDCC6043EEF28240000000 
[23:51:23]  [SigFox] [Envio de metrica] [Voltaje_AC: 225.0 V] [Voltaje_Bateria: 4.086904 V]
