[00:14:33]  [SigFox Send] [Payload HEX] 33B35F43C55D8340000000 
[00:14:36]  [SigFox] [Envio de metrica] [Voltaje_AC: 224.1 V] [Voltaje_Bateria: 4.107918 V]
[00:29:35]  [SigFox Send] [Payload HEX] 66E65F43CA418340000000 
[00:29:38]  [SigFox] [Envio de metrica] [Voltaje_AC: 223.9 V] [Voltaje_Bateria: 4.094073 V]
[00:44:37]  [SigFox Send] [Payload HEX] 0000624328508340000000 
[00:44:40]  [SigFox] [Envio de metrica] [Voltaje_AC: 225.7 V] [Voltaje_Bateria: 4.111679 V]
[00:59:27]  [Estado Sistema] [Pendiente] [Voltaje_AC: 0.0 V] [Voltaje_Bateria: 4.109116 V]
[00:59:27]  [Estado Volt AC] [Corte de Suministro] [Voltaje_AC: 0.0 V] [Voltaje_Bateria: 4.109116 V]
[00:59:43]  [Estado Sistema] [ALERTA] [Voltaje_AC: 0.0 V] [Voltaje_Bateria: 4.087468 V]
[00:59:43]  [SigFox Send] [Payload HEX] 000000008ACC8240020200 
[00:59:46]  [SigFox] [Envio de metrica ALARMA] [Voltaje_AC: 0.0 V] [Voltaje_Bateria: 4.101394 V]
[01:14:42]  [SigFox Send] [Payload HEX] 000000004C228240020200 
[01:14:45]  [SigFox] [Envio de metrica] [Voltaje_AC: 0.0 V] [Voltaje_Bateria: 4.066585 V]
[01:29:31]  [Estado Volt AC] [OK] [Voltaje_AC: 228.2 V] [Voltaje_Bateria: 4.085806 V]
[01:29:31]  [Estado Sistema] [OK] [Voltaje_AC: 228.2 V] [Voltaje_Bateria: 4.085806 V]
[01:29:31]  [SigFox Send] [Payload HEX] 33336443F4368340000000 
[01:29:33]  [SigFox] [Envio de metrica OK] [Voltaje_AC: 228.2 V] [Voltaje_Bateria: 4.097739 V]
[01:44:33]  [SigFox Send] [Payload HEX] 9A996443A82A8340000000 
[01:44:36]  [SigFox] [Envio de metrica] [Voltaje_AC: 228.6 V] [Voltaje_Bateria: 4.098757 V]
[01:59:35]  [SigFox Send] [Payload HEX] CDCC6443F6738340000000 
[01:59:38]  [SigFox] [Envio de metrica] [Voltaje_AC: 228.9 V] [Voltaje_Bateria: 4.102553 V]
[02:14:37]  [SigFox Send] [Payload HEX] 33B36443802E8340000000 
[02:14:40]  [SigFox] [Envio de metrica] [Voltaje_AC: 228.8 V] [Voltaje_Bateria: 4.099584 V]
[02:29:27]  [Estado Volt AC] [Corte de Suministro] [Voltaje_AC: 0.0 V] [Voltaje_Bateria: 4.104889 V]
[02:29:28]  [Estado Sistema] [Pendiente] [Voltaje_AC: 0.0 V] [Voltaje_Bateria: 4.104889 V]
[02:29:43]  [Estado Sistema] [ALERTA] [Voltaje_AC: 0.0 V] [Voltaje_Bateria: 4.090473 V]
[02:29:43]  [SigFox Send] [Payload HEX] 0000000028E58240020200 
[02:29:46]  [SigFox] [Envio de metrica ALARMA] [Voltaje_AC: 0.0 V] [Voltaje_Bateria: 4.086762 V]
[02:44:43]  [SigFox Send] [Payload HEX] 0000000098D88140020200 
[02:44:46]  [SigFox] [Envio de metrica] [Voltaje_AC: 0.0 V] [Voltaje_Bateria: 4.066969 V]
[02:59:30]  [Estado Volt AC] [OK] [Voltaje_AC: 227.5 V] [Voltaje_Bateria: 4.090713 V]
[02:59:30]  [Estado Sistema] [OK] [Voltaje_AC: 227.5 V] [Voltaje_Bateria: 4.090713 V]
[02:59:31]  [SigFox Send] [Payload HEX] 008063431EE78240000000 
[02:59:33]  [SigFox] [Envio de metrica OK] [Voltaje_AC: 227.5 V] [Voltaje_Bateria: 4.096851 V]
[03:14:33]  [SigFox Send] [Payload HEX] 33B363436C3D8340000000 
[03:14:36]  [SigFox] [Envio de metrica] [Voltaje_AC: 227.5 V] [Voltaje_Bateria: 4.101686 V]
[03:29:35]  [SigFox Send] [Payload HEX] 66666443763C8340000000 
[03:29:38]  [SigFox] [Envio de metrica] [Voltaje_AC: 228.5 V] [Voltaje_Bateria: 4.098866 V]
[03:44:37]  [SigFox Send] [Payload HEX] 008063430B6C8340000000 
[03:44:40]  [SigFox] [Envio de metrica] [Voltaje_AC: 227.2 V] [Voltaje_Bateria: 4.10023 V]
[03:59:27]  [Estado Volt AC] [Corte de Suministro] [Voltaje_AC: 0.0 V] [Voltaje_Bateria: 4.072691 V]
[03:59:27]  [Estado Sistema] [Pendiente] [Voltaje_AC: 0.0 V] [Voltaje_Bateria: 4.072691 V]
[03:59:43]  [Estado Sistema] [ALERTA] [Voltaje_AC: 0.0 V] [Voltaje_Bateria: 4.072734 V]
[03:59:43]  [SigFox Send] [Payload HEX] 00000000D6538240020200 
[03:59:45]  [SigFox] [Envio de metrica ALARMA] [Voltaje_AC: 0.0 V] [Voltaje_Bateria: 4.063771 V]
[04:14:42]  [SigFox Send] [Payload HEX] 00000000CEE88140020200 
[04:14:45]  [SigFox] [Envio de metrica] [Voltaje_AC: 0.0 V] [Voltaje_Bateria: 4.045684 V]
[04:29:31]  [Estado Volt AC] [OK] [Voltaje_AC: 227.9 V] [Voltaje_Bateria: 4.100703 V]
[04:29:31]  [Estado Sistema] [OK] [Voltaje_AC: 227.9 V] [Voltaje_Bateria: 4.100703 V]
[04:29:31]  [SigFox Send] [Payload HEX] 66E66343F6388340000000 
[04:29:34]  [SigFox] [Envio de metrica OK] [Voltaje_AC: 227.9 V] [Voltaje_Bateria: 4.105634 V]
[04:44:33]  [SigFox Send] [Payload HEX] 9A19644326238340000000 
[04:44:36]  [SigFox] [Envio de metrica] [Voltaje_AC: 228.4 V] [Voltaje_Bateria: 4.103922 V]
[04:59:35]  [SigFox Send] [Payload HEX] 66666443E44B8340000000 
[04:59:38]  [SigFox] [Envio de metrica] [Voltaje_AC: 228.6 V] [Voltaje_Bateria: 4.10789 V]
[05:14:37]  [SigFox Send] [Payload HEX] 9A996343E9548340000000 
[05:14:40]  [SigFox] [Envio de metrica] [Voltaje_AC: 227.8 V] [Voltaje_Bateria: 4.103426 V]
[05:29:27]  [Estado Volt AC] [Corte de Suministro] [Voltaje_AC: 0.0 V] [Voltaje_Bateria: 4.105682 V]
[05:29:27]  [Estado Sistema] [Pendiente] [Voltaje_AC: 0.0 V] [Voltaje_Bateria: 4.105682 V]
[05:29:43]  [Estado Sistema] [ALERTA] [Voltaje_AC: 0.0 V] [Voltaje_Bateria: 4.092329 V]
[05:29:43]  [SigFox Send] [Payload HEX] 000000005BF48240020200 
[05:29:45]  [SigFox] [Envio de metrica ALARMA] [Voltaje_AC: 0.0 V] [Voltaje_Bateria: 4.091538 V]
[05:44:42]  [SigFox Send] [Payload HEX] 00000000951F8240020200 
[05:44:45]  [SigFox] [Envio de metrica] [Voltaje_AC: 0.0 V] [Voltaje_Bateria: 4.068849 V]
[05:59:30]  [Estado Volt AC] [OK] [Voltaje_AC: 227.9 V] [Voltaje_Bateria: 4.098274 V]
[05:59:30]  [Estado Sistema] [OK] [Voltaje_AC: 227.9 V] [Voltaje_Bateria: 4.098274 V]
[05:59:30]  [SigFox Send] [Payload HEX] 66E6634310258340000000 
[05:59:32]  [SigFox] [Envio de metrica OK] [Voltaje_AC: 227.9 V] [Voltaje_Bateria: 4.097018 V]
[06:14:32]  [SigFox Send] [Payload HEX] CDCC62435E518340000000 
[06:14:35]  [SigFox] [Envio de metrica] [Voltaje_AC: 226.6 V] [Voltaje_Bateria: 4.104523 V]
[06:29:34]  [SigFox Send] [Payload HEX] CD4C634394468340000000 
[06:29:37]  [SigFox] [Envio de metrica] [Voltaje_AC: 227.4 V] [Voltaje_Bateria: 4.099395 V]
[06:44:36]  [SigFox Send] [Payload HEX] 0080634308288340000000 
[06:44:39]  [SigFox] [Envio de metrica] [Voltaje_AC: 227.5 V] [Voltaje_Bateria: 4.099532 V]
[06:59:27]  [Estado Volt AC] [Corte de Suministro] [Voltaje_AC: 0.0 V] [Voltaje_Bateria: 4.098756 V]
[06:59:27]  [Estado Sistema] [Pendiente] [Voltaje_AC: 0.0 V] [Voltaje_Bateria: 4.098756 V]
[06:59:43]  [Estado Sistema] [ALERTA] [Voltaje_AC: 0.0 V] [Voltaje_Bateria: 4.092539 V]
[06:59:43]  [SigFox Send] [Payload HEX] 0000000014F68240020200 
[06:59:46]  [SigFox] [Envio de metrica ALARMA] [Voltaje_AC: 0.0 V] [Voltaje_Bateria: 4.084754 V]
[07:14:42]  [SigFox Send] [Payload HEX] 00000000422B8240020200 
[07:14:45]  [SigFox] [Envio de metrica] [Voltaje_AC: 0.0 V] [Voltaje_Bateria: 4.061915 V]
[07:29:30]  [Estado Volt AC] [OK] [Voltaje_AC: 227.9 V] [Voltaje_Bateria: 4.062091 V]
[07:29:30]  [Estado Sistema] [OK] [Voltaje_AC: 227.9 V] [Voltaje_Bateria: 4.095716 V]
[07:29:30]  [SigFox Send] [Payload HEX] 66E66343A6FC8140000000 
[07:29:33]  [SigFox] [Envio de metrica OK] [Voltaje_AC: 227.9 V] [Voltaje_Bateria: 4.095836 V]
[07:44:32]  [SigFox Send] [Payload HEX] 9A1963432E378340000000 
[07:44:35]  [SigFox] [Envio de metrica] [Voltaje_AC: 227.0 V] [Voltaje_Bateria: 4.102261 V]
[07:59:34]  [SigFox Send] [Payload HEX] 66E66243EA4A8340000000 
[07:59:37]  [SigFox] [Envio de metrica] [Voltaje_AC: 227.0 V] [Voltaje_Bateria: 4.099928 V]
[08:14:36]  [SigFox Send] [Payload HEX] 0080614306648340000000 
[08:14:39]  [SigFox] [Envio de metrica] [Voltaje_AC: 225.7 V] [Voltaje_Bateria: 4.106834 V]
[08:29:27]  [Estado Volt AC] [Corte de Suministro] [Voltaje_AC: 0.0 V] [Voltaje_Bateria: 4.106931 V]
[08:29:28]  [Estado Sistema] [Pendiente] [Voltaje_AC: 0.0 V] [Voltaje_Bateria: 4.106931 V]
[08:29:43]  [Estado Sistema] [ALERTA] [Voltaje_AC: 0.0 V] [Voltaje_Bateria: 4.102454 V]
[08:29:43]  [SigFox Send] [Payload HEX] 000000004E478340020200 
[08:29:46]  [SigFox] [Envio de metrica ALARMA] [Voltaje_AC: 0.0 V] [Voltaje_Bateria: 4.087693 V]
[08:44:42]  [SigFox Send] [Payload HEX] 00000000BD508240020200 
[08:44:45]  [SigFox] [Envio de metrica] [Voltaje_AC: 0.0 V] [Voltaje_Bateria: 4.068799 V]
[08:59:29]  [Estado Volt AC] [OK] [Voltaje_AC: 228.0 V] [Voltaje_Bateria: 4.080781 V]
[08:59:29]  [Estado Sistema] [OK] [Voltaje_AC: 228.0 V] [Voltaje_Bateria: 4.080781 V]
[08:59:29]  [SigFox Send] [Payload HEX] 00006443C2958240000000 
[08:59:32]  [SigFox] [Envio de metrica OK] [Voltaje_AC: 228.0 V] [Voltaje_Bateria: 4.095125 V]
[09:14:31]  [SigFox Send] [Payload HEX] CD4C6143C03F8340000000 
[09:14:34]  [SigFox] [Envio de metrica] [Voltaje_AC: 225.2 V] [Voltaje_Bateria: 4.090766 V]
[09:29:33]  [SigFox Send] [Payload HEX] 00006143C4358340000000 
[09:29:36]  [SigFox] [Envio de metrica] [Voltaje_AC: 225.7 V] [Voltaje_Bateria: 4.098814 V]
[09:44:35]  [SigFox Send] [Payload HEX] 00806143E64F8340000000 
[09:44:38]  [SigFox] [Envio de metrica] [Voltaje_AC: 226.0 V] [Voltaje_Bateria: 4.106152 V]
[09:59:26]  [Estado Sistema] [Pendiente] [Voltaje_AC: 0.0 V] [Voltaje_Bateria: 4.108918 V]
[09:59:26]  [Estado Volt AC] [Corte de Suministro] [Voltaje_AC: 0.0 V] [Voltaje_Bateria: 4.108918 V]
[09:59:42]  [Estado Sistema] [ALERTA] [Voltaje_AC: 0.0 V] [Voltaje_Bateria: 4.085991 V]
[09:59:42]  [SigFox Send] [Payload HEX] 0000000070C08240020200 
[09:59:45]  [SigFox] [Envio de metrica ALARMA] [Voltaje_AC: 0.0 V] [Voltaje_Bateria: 4.084452 V]
[10:14:42]  [SigFox Send] [Payload HEX] 00000000461F8240020200 
[10:14:45]  [SigFox] [Envio de metrica] [Voltaje_AC: 0.0 V] [Voltaje_Bateria: 4.068952 V]
[10:29:31]  [Estado Volt AC] [OK] [Voltaje_AC: 222.5 V] [Voltaje_Bateria: 4.1064 V]
[10:29:31]  [Estado Sistema] [OK] [Voltaje_AC: 222.5 V] [Voltaje_Bateria: 4.1064 V]
[10:29:31]  [SigFox Send] [Payload HEX] 00805E43A0678340000000 
[10:29:33]  [SigFox] [Envio de metrica OK] [Voltaje_AC: 222.5 V] [Voltaje_Bateria: 4.099427 V]
[10:44:33]  [SigFox Send] [Payload HEX] CDCC5F437DB48340000000 
[10:44:36]  [SigFox] [Envio de metrica] [Voltaje_AC: 224.0 V] [Voltaje_Bateria: 4.1058 V]
[10:59:35]  [SigFox Send] [Payload HEX] 33B35F43D85A8340000000 
[10:59:38]  [SigFox] [Envio de metrica] [Voltaje_AC: 224.1 V] [Voltaje_Bateria: 4.103537 V]
[11:14:37]  [SigFox Send] [Payload HEX] 33B35D43344E8340000000 
[11:14:40]  [SigFox] [Envio de metrica] [Voltaje_AC: 221.9 V] [Voltaje_Bateria: 4.102208 V]
[11:29:26]  [Estado Volt AC] [Corte de Suministro] [Voltaje_AC: 0.0 V] [Voltaje_Bateria: 4.104646 V]
[11:29:26]  [Estado Sistema] [Pendiente] [Voltaje_AC: 0.0 V] [Voltaje_Bateria: 4.104646 V]
[11:29:43]  [Estado Sistema] [ALERTA] [Voltaje_AC: 0.0 V] [Voltaje_Bateria: 4.092226 V]
[11:29:42]  [SigFox Send] [Payload HEX] 0000000084F38240020200 
[11:29:45]  [SigFox] [Envio de metrica ALARMA] [Voltaje_AC: 0.0 V] [Voltaje_Bateria: 4.092181 V]
[11:44:42]  [SigFox Send] [Payload HEX] 00000000F8688240020200 
[11:44:45]  [SigFox] [Envio de metrica] [Voltaje_AC: 0.0 V] [Voltaje_Bateria: 4.073765 V]
[11:59:28]  [Estado Volt AC] [OK] [Voltaje_AC: 222.1 V] [Voltaje_Bateria: 4.099543 V]
[11:59:29]  [Estado Sistema] [OK] [Voltaje_AC: 222.1 V] [Voltaje_Bateria: 4.097901 V]
[11:59:29]  [SigFox Send] [Payload HEX] 9A195E4302228340000000 
[11:59:31]  [SigFox] [Envio de metrica OK] [Voltaje_AC: 222.1 V] [Voltaje_Bateria: 4.098023 V]
[12:14:31]  [SigFox Send] [Payload HEX] 9A195E4371738340000000 
[12:14:34]  [SigFox] [Envio de metrica] [Voltaje_AC: 222.0 V] [Voltaje_Bateria: 4.10433 V]
[12:29:33]  [SigFox Send] [Payload HEX] 9A995D437C568340000000 
[12:29:36]  [SigFox] [Envio de metrica] [Voltaje_AC: 221.3 V] [Voltaje_Bateria: 4.101719 V]
[12:44:35]  [SigFox Send] [Payload HEX] 00805E43E04B8340000000 
[12:44:38]  [SigFox] [Envio de metrica] [Voltaje_AC: 222.4 V] [Voltaje_Bateria: 4.101089 V]
[12:59:26]  [Estado Sistema] [Pendiente] [Voltaje_AC: 0.0 V] [Voltaje_Bateria: 4.099611 V]
[12:59:26]  [Estado Volt AC] [Corte de Suministro] [Voltaje_AC: 0.0 V] [Voltaje_Bateria: 4.099611 V]
[12:59:42]  [Estado Sistema] [ALERTA] [Voltaje_AC: 0.0 V] [Voltaje_Bateria: 4.086531 V]
[12:59:42]  [SigFox Send] [Payload HEX] 00000000DCC48240020200 
[12:59:45]  [SigFox] [Envio de metrica ALARMA] [Voltaje_AC: 0.0 V] [Voltaje_Bateria: 4.080485 V]
[13:14:41]  [SigFox Send] [Payload HEX] 00000000666A8240020200 
[13:14:44]  [SigFox] [Envio de metrica] [Voltaje_AC: 0.0 V] [Voltaje_Bateria: 4.070605 V]
[13:29:29]  [Estado Volt AC] [OK] [Voltaje_AC: 222.4 V] [Voltaje_Bateria: 4.100813 V]
[13:29:29]  [Estado Sistema] [OK] [Voltaje_AC: 222.4 V] [Voltaje_Bateria: 4.100813 V]
[13:29:29]  [SigFox Send] [Payload HEX] 66665E43DC398340000000 
[13:29:32]  [SigFox] [Envio de metrica OK] [Voltaje_AC: 222.4 V] [Voltaje_Bateria: 4.096365 V]
[13:44:31]  [SigFox Send] [Payload HEX] 9A195D432A818340000000 
[13:44:34]  [SigFox] [Envio de metrica] [Voltaje_AC: 221.2 V] [Voltaje_Bateria: 4.106492 V]
[13:59:33]  [SigFox Send] [Payload HEX] CDCC5E4342488340000000 
[13:59:36]  [SigFox] [Envio de metrica] [Voltaje_AC: 223.0 V] [Voltaje_Bateria: 4.106818 V]
[14:14:35]  [SigFox Send] [Payload HEX] 66E66143705C8340000000 
[14:14:38]  [SigFox] [Envio de metrica] [Voltaje_AC: 225.6 V] [Voltaje_Bateria: 4.103453 V]
[14:29:26]  [Estado Sistema] [Pendiente] [Voltaje_AC: 0.0 V] [Voltaje_Bateria: 4.100501 V]
[14:29:26]  [Estado Volt AC] [Corte de Suministro] [Voltaje_AC: 0.0 V] [Voltaje_Bateria: 4.100501 V]
[14:29:42]  [Estado Sistema] [ALERTA] [Voltaje_AC: 0.0 V] [Voltaje_Bateria: 4.086999 V]
[14:29:42]  [SigFox Send] [Payload HEX] 00000000B2C88240020200 
[14:29:45]  [SigFox] [Envio de metrica ALARMA] [Voltaje_AC: 0.0 V] [Voltaje_Bateria: 4.090967 V]
[14:44:41]  [SigFox Send] [Payload HEX] 00000000DA5A8240020200 
[14:44:44]  [SigFox] [Envio de metrica] [Voltaje_AC: 0.0 V] [Voltaje_Bateria: 4.063487 V]
[14:59:29]  [Estado Volt AC] [OK] [Voltaje_AC: 224.4 V] [Voltaje_Bateria: 4.071133 V]
[14:59:29]  [Estado Sistema] [OK] [Voltaje_AC: 224.4 V] [Voltaje_Bateria: 4.104252 V]
[14:59:29]  [SigFox Send] [Payload HEX] 66666043B8468240000000 
[14:59:31]  [SigFox] [Envio de metrica OK] [Voltaje_AC: 224.4 V] [Voltaje_Bateria: 4.098392 V]
[15:14:31]  [SigFox Send] [Payload HEX] 9A1960435C578340000000 
[15:14:34]  [SigFox] [Envio de metrica] [Voltaje_AC: 224.2 V] [Voltaje_Bateria: 4.102993 V]
[15:29:33]  [SigFox Send] [Payload HEX] 33335E4368358340000000 
[15:29:36]  [SigFox] [Envio de metrica] [Voltaje_AC: 222.0 V] [Voltaje_Bateria: 4.098763 V]
[15:44:35]  [SigFox Send] [Payload HEX] CD4C614349368340000000 
[15:44:38]  [SigFox] [Envio de metrica] [Voltaje_AC: 225.2 V] [Voltaje_Bateria: 4.10332 V]
[15:59:28]  [Estado Volt AC] [Corte de Suministro] [Voltaje_AC: 0.0 V] [Voltaje_Bateria: 4.110703 V]
[15:59:28]  [Estado Sistema] [Pendiente] [Voltaje_AC: 0.0 V] [Voltaje_Bateria: 4.110703 V]
[15:59:43]  [Estado Sistema] [ALERTA] [Voltaje_AC: 0.0 V] [Voltaje_Bateria: 4.09229 V]
[15:59:43]  [SigFox Send] [Payload HEX] 000000000BF48240020200 
[15:59:46]  [SigFox] [Envio de metrica ALARMA] [Voltaje_AC: 0.0 V] [Voltaje_Bateria: 4.091595 V]
[16:14:43]  [SigFox Send] [Payload HEX] 00000000344D8240020200 
[16:14:46]  [SigFox] [Envio de metrica] [Voltaje_AC: 0.0 V] [Voltaje_Bateria: 4.073071 V]
[16:29:31]  [Estado Volt AC] [OK] [Voltaje_AC: 225.2 V] [Voltaje_Bateria: 4.110254 V]
[16:29:31]  [Estado Sistema] [OK] [Voltaje_AC: 225.2 V] [Voltaje_Bateria: 4.110254 V]
[16:29:31]  [SigFox Send] [Payload HEX] 3333614334878340000000 
[16:29:34]  [SigFox] [Envio de metrica OK] [Voltaje_AC: 225.2 V] [Voltaje_Bateria: 4.10647 V]
[16:44:33]  [SigFox Send] [Payload HEX] 9A996243F8498340000000 
[16:44:36]  [SigFox] [Envio de metrica] [Voltaje_AC: 226.5 V] [Voltaje_Bateria: 4.106448 V]
[16:59:35]  [SigFox Send] [Payload HEX] 00806243DA6E8340000000 
[16:59:38]  [SigFox] [Envio de metrica] [Voltaje_AC: 226.2 V] [Voltaje_Bateria: 4.101737 V]
[17:14:37]  [SigFox Send] [Payload HEX] 66666143C4438340000000 
[17:14:40]  [SigFox] [Envio de metrica] [Voltaje_AC: 225.5 V] [Voltaje_Bateria: 4.104027 V]
[17:29:29]  [Estado Volt AC] [Corte de Suministro] [Voltaje_AC: 0.0 V] [Voltaje_Bateria: 4.096327 V]
[17:29:29]  [Estado Sistema] [Pendiente] [Voltaje_AC: 0.0 V] [Voltaje_Bateria: 4.096327 V]
[17:29:45]  [Estado Sistema] [ALERTA] [Voltaje_AC: 0.0 V] [Voltaje_Bateria: 4.093613 V]
[17:29:45]  [SigFox Send] [Payload HEX] 00000000E0FE8240020200 
[17:29:48]  [SigFox] [Envio de metrica ALARMA] [Voltaje_AC: 0.0 V] [Voltaje_Bateria: 4.089447 V]
[17:44:44]  [SigFox Send] [Payload HEX] 00000000856A8240020200 
[17:44:47]  [SigFox] [Envio de metrica] [Voltaje_AC: 0.0 V] [Voltaje_Bateria: 4.066888 V]
[17:59:30]  [Estado Volt AC] [OK] [Voltaje_AC: 226.3 V] [Voltaje_Bateria: 4.099708 V]
[17:59:30]  [Estado Sistema] [OK] [Voltaje_AC: 226.3 V] [Voltaje_Bateria: 4.099708 V]
[17:59:30]  [SigFox Send] [Payload HEX] CD4C6243CF308340000000 
[17:59:33]  [SigFox] [Envio de metrica OK] [Voltaje_AC: 226.3 V] [Voltaje_Bateria: 4.104113 V]
[18:14:32]  [SigFox Send] [Payload HEX] 00806243DA5B8340000000 
[18:14:35]  [SigFox] [Envio de metrica] [Voltaje_AC: 226.4 V] [Voltaje_Bateria: 4.103048 V]
[18:29:34]  [SigFox Send] [Payload HEX] 33B361439A6B8340000000 
[18:29:37]  [SigFox] [Envio de metrica] [Voltaje_AC: 225.7 V] [Voltaje_Bateria: 4.104538 V]
[18:44:36]  [SigFox Send] [Payload HEX] 33B36143E7578340000000 
[18:44:39]  [SigFox] [Envio de metrica] [Voltaje_AC: 225.2 V] [Voltaje_Bateria: 4.105891 V]
[18:59:28]  [Estado Volt AC] [Corte de Suministro] [Voltaje_AC: 0.0 V] [Voltaje_Bateria: 4.094939 V]
[18:59:29]  [Estado Sistema] [Pendiente] [Voltaje_AC: 0.0 V] [Voltaje_Bateria: 4.094939 V]
[18:59:44]  [Estado Sistema] [ALERTA] [Voltaje_AC: 0.0 V] [Voltaje_Bateria: 4.095486 V]
[18:59:44]  [SigFox Send] [Payload HEX] 00000000380E8340020200 
[18:59:47]  [SigFox] [Envio de metrica ALARMA] [Voltaje_AC: 0.0 V] [Voltaje_Bateria: 4.088266 V]
[19:14:43]  [SigFox Send] [Payload HEX] 000000008C7E8240020200 
[19:14:46]  [SigFox] [Envio de metrica] [Voltaje_AC: 0.0 V] [Voltaje_Bateria: 4.064723 V]
[19:29:31]  [Estado Volt AC] [OK] [Voltaje_AC: 227.1 V] [Voltaje_Bateria: 4.104267 V]
[19:29:31]  [Estado Sistema] [OK] [Voltaje_AC: 227.1 V] [Voltaje_Bateria: 4.104267 V]
[19:29:31]  [SigFox Send] [Payload HEX] 9A19634328568340000000 
[19:29:33]  [SigFox] [Envio de metrica OK] [Voltaje_AC: 227.1 V] [Voltaje_Bateria: 4.102835 V]
[19:44:33]  [SigFox Send] [Payload HEX] 9A995F43466E8340000000 
[19:44:36]  [SigFox] [Envio de metrica] [Voltaje_AC: 223.7 V] [Voltaje_Bateria: 4.108675 V]
[19:59:35]  [SigFox Send] [Payload HEX] 00006043006A8340000000 
[19:59:38]  [SigFox] [Envio de metrica] [Voltaje_AC: 223.6 V] [Voltaje_Bateria: 4.106905 V]
[20:14:37]  [SigFox Send] [Payload HEX] CDCC604326548340000000 
[20:14:40]  [SigFox] [Envio de metrica] [Voltaje_AC: 224.7 V] [Voltaje_Bateria: 4.106097 V]
[20:29:28]  [Estado Sistema] [Pendiente] [Voltaje_AC: 0.0 V] [Voltaje_Bateria: 4.091849 V]
[20:29:28]  [Estado Volt AC] [Corte de Suministro] [Voltaje_AC: 0.0 V] [Voltaje_Bateria: 4.091849 V]
[20:29:44]  [Estado Sistema] [ALERTA] [Voltaje_AC: 0.0 V] [Voltaje_Bateria: 4.085535 V]
[20:29:44]  [SigFox Send] [Payload HEX] 00000000B4BC8240020200 
[20:29:46]  [SigFox] [Envio de metrica ALARMA] [Voltaje_AC: 0.0 V] [Voltaje_Bateria: 4.087677 V]
[20:44:43]  [SigFox Send] [Payload HEX] 00000000460C8240020200 
[20:44:46]  [SigFox] [Envio de metrica] [Voltaje_AC: 0.0 V] [Voltaje_Bateria: 4.066244 V]
[20:59:30]  [Estado Volt AC] [OK] [Voltaje_AC: 225.1 V] [Voltaje_Bateria: 4.104278 V]
[20:59:30]  [Estado Sistema] [OK] [Voltaje_AC: 225.1 V] [Voltaje_Bateria: 4.104278 V]
[20:59:30]  [SigFox Send] [Payload HEX] 9A1961433E568340000000 
[20:59:33]  [SigFox] [Envio de metrica OK] [Voltaje_AC: 225.1 V] [Voltaje_Bateria: 4.094407 V]
[21:14:32]  [SigFox Send] [Payload HEX] 00005F43737E8340000000 
[21:14:35]  [SigFox] [Envio de metrica] [Voltaje_AC: 222.5 V] [Voltaje_Bateria: 4.100553 V]
[21:29:34]  [SigFox Send] [Payload HEX] 33335F43022C8340000000 
[21:29:37]  [SigFox] [Envio de metrica] [Voltaje_AC: 222.8 V] [Voltaje_Bateria: 4.105195 V]
[21:44:36]  [SigFox Send] [Payload HEX] 00806043945B8340000000 
[21:44:39]  [SigFox] [Envio de metrica] [Voltaje_AC: 224.5 V] [Voltaje_Bateria: 4.105944 V]
[21:59:29]  [Estado Volt AC] [Corte de Suministro] [Voltaje_AC: 0.0 V] [Voltaje_Bateria: 4.102192 V]
[21:59:29]  [Estado Sistema] [Pendiente] [Voltaje_AC: 0.0 V] [Voltaje_Bateria: 4.102192 V]
[21:59:45]  [Estado Sistema] [ALERTA] [Voltaje_AC: 0.0 V] [Voltaje_Bateria: 4.09231 V]
[21:59:45]  [SigFox Send] [Payload HEX] 0000000034F48240020200 
[21:59:47]  [SigFox] [Envio de metrica ALARMA] [Voltaje_AC: 0.0 V] [Voltaje_Bateria: 4.090429 V]
[22:14:44]  [SigFox Send] [Payload HEX] 00000000BB158240020200 
[22:14:47]  [SigFox] [Envio de metrica] [Voltaje_AC: 0.0 V] [Voltaje_Bateria: 4.068054 V]
[22:29:30]  [Estado Volt AC] [OK] [Voltaje_AC: 223.2 V] [Voltaje_Bateria: 4.096187 V]
[22:29:30]  [Estado Sistema] [OK] [Voltaje_AC: 223.2 V] [Voltaje_Bateria: 4.096187 V]
[22:29:30]  [SigFox Send] [Payload HEX] 33335F43F6138340000000 
[22:29:33]  [SigFox] [Envio de metrica OK] [Voltaje_AC: 223.2 V] [Voltaje_Bateria: 4.101345 V]
[22:44:32]  [SigFox Send] [Payload HEX] 333360439C778340000000 
[22:44:35]  [SigFox] [Envio de metrica] [Voltaje_AC: 224.3 V] [Voltaje_Bateria: 4.09583 V]
[22:59:34]  [SigFox Send] [Payload HEX] 33B35D43EC258340000000 
[22:59:37]  [SigFox] [Envio de metrica] [Voltaje_AC: 221.6 V] [Voltaje_Bateria: 4.100255 V]
[23:14:36]  [SigFox Send] [Payload HEX] 00005F439A2D8340000000 
[23:14:39]  [SigFox] [Envio de metrica] [Voltaje_AC: 222.7 V] [Voltaje_Bateria: 4.106921 V]
[23:29:28]  [Estado Volt AC] [Corte de Suministro] [Voltaje_AC: 0.0 V] [Voltaje_Bateria: 4.09795 V]
[23:29:28]  [Estado Sistema] [Pendiente] [Voltaje_AC: 0.0 V] [Voltaje_Bateria: 4.09795 V]
[23:29:44]  [Estado Sistema] [ALERTA] [Voltaje_AC: 0.0 V] [Voltaje_Bateria: 4.096502 V]
[23:29:44]  [SigFox Send] [Payload HEX] 000000006AA58240020200 
[23:29:47]  [SigFox] [Envio de metrica ALARMA] [Voltaje_AC: 0.0 V] [Voltaje_Bateria: 4.083721 V]
[23:44:43]  [SigFox Send] [Payload HEX] 0000000060198240020200 
[23:44:46]  [SigFox] [Envio de metrica] [Voltaje_AC: 0.0 V] [Voltaje_Bateria: 4.071589 V]
[23:59:29]  [Estado Volt AC] [OK] [Voltaje_AC: 223.5 V] [Voltaje_Bateria: 4.103612 V]
[23:59:29]  [Estado Sistema] [OK] [Voltaje_AC: 223.5 V] [Voltaje_Bateria: 4.103612 V]
[23:59:29]  [SigFox Send] [Payload HEX] 00805F43CA508340000000 
[23:59:32]  [SigFox] [Envio de metrica OK] [Voltaje_AC: 223.5 V] [Voltaje_Bateria: 4.106086 V]
